{"numTotalTestSuites":5,"numPassedTestSuites":0,"numFailedTestSuites":5,"numPendingTestSuites":0,"numTotalTests":10,"numPassedTests":4,"numFailedTests":6,"numPendingTests":0,"numTodoTests":0,"snapshot":{"added":0,"failure":false,"filesAdded":0,"filesRemoved":0,"filesRemovedList":[],"filesUnmatched":0,"filesUpdated":0,"matched":0,"total":0,"unchecked":0,"uncheckedKeysByFile":[],"unmatched":0,"updated":0,"didUpdate":false},"startTime":1775306366080,"success":false,"testResults":[{"assertionResults":[{"ancestorTitles":["firebase-removal-optimization — Property 5: AI cache hit returns cached response"],"fullName":"firebase-removal-optimization — Property 5: AI cache hit returns cached response Property 5: AI cache hit returns cached response — generateAdaptiveQuiz called exactly once","status":"failed","title":"Property 5: AI cache hit returns cached response — generateAdaptiveQuiz called exactly once","duration":54.20600000000002,"failureMessages":["Error: Property failed after 1 tests\n{ seed: 1073293241, path: \"0:0:0:0\", endOnFailure: true }\nCounterexample: [{\"subject\":\" \",\"count\":1}]\nShrunk 3 time(s)\n\nHint: Enable verbose mode in order to have the list of all failing values encountered during the run\n    at buildError (file:///C:/Users/shiva/OneDrive/Documents/GitHub/QUIZ-/server/node_modules/fast-check/lib/fast-check.js:2434:16)\n    at asyncThrowIfFailed (file:///C:/Users/shiva/OneDrive/Documents/GitHub/QUIZ-/server/node_modules/fast-check/lib/fast-check.js:2446:8)\n    at processTicksAndRejections (node:internal/process/task_queues:103:5)"],"meta":{},"tags":[]},{"ancestorTitles":["firebase-removal-optimization — Property 6: Expired cache entry is treated as a miss"],"fullName":"firebase-removal-optimization — Property 6: Expired cache entry is treated as a miss Property 6: Expired cache entry is treated as a miss — fresh response generated","status":"failed","title":"Property 6: Expired cache entry is treated as a miss — fresh response generated","duration":13.634199999999964,"failureMessages":["Error: Property failed after 1 tests\n{ seed: 740263398, path: \"0:0:0:0\", endOnFailure: true }\nCounterexample: [{\"subject\":\" \",\"count\":1}]\nShrunk 3 time(s)\n\nHint: Enable verbose mode in order to have the list of all failing values encountered during the run\n    at buildError (file:///C:/Users/shiva/OneDrive/Documents/GitHub/QUIZ-/server/node_modules/fast-check/lib/fast-check.js:2434:16)\n    at asyncThrowIfFailed (file:///C:/Users/shiva/OneDrive/Documents/GitHub/QUIZ-/server/node_modules/fast-check/lib/fast-check.js:2446:8)\n    at processTicksAndRejections (node:internal/process/task_queues:103:5)"],"meta":{},"tags":[]}],"startTime":1775306366971,"endTime":1775306367039.6343,"status":"failed","message":"","name":"C:/Users/shiva/OneDrive/Documents/GitHub/QUIZ-/server/routes/agentRoutes.property.test.ts"},{"assertionResults":[{"ancestorTitles":["agentRoutes"],"fullName":"agentRoutes 10.3 Test: empty topic -> 422 \"topic: topic is required\"","status":"failed","title":"10.3 Test: empty topic -> 422 \"topic: topic is required\"","duration":38.37040000000002,"failureMessages":["AssertionError: expected 500 to be 422 // Object.is equality\n    at C:/Users/shiva/OneDrive/Documents/GitHub/QUIZ-/server/routes/agentRoutes.test.ts:74:24\n    at processTicksAndRejections (node:internal/process/task_queues:103:5)\n    at file:///C:/Users/shiva/OneDrive/Documents/GitHub/QUIZ-/node_modules/@vitest/runner/dist/index.js:1258:20"],"meta":{},"tags":[]},{"ancestorTitles":["agentRoutes"],"fullName":"agentRoutes 10.3 Test: noteText > 10,000 chars -> 422 \"noteText: String must contain at most 10000 character(s)\"","status":"failed","title":"10.3 Test: noteText > 10,000 chars -> 422 \"noteText: String must contain at most 10000 character(s)\"","duration":5.282199999999989,"failureMessages":["AssertionError: expected 500 to be 422 // Object.is equality\n    at C:/Users/shiva/OneDrive/Documents/GitHub/QUIZ-/server/routes/agentRoutes.test.ts:83:24\n    at processTicksAndRejections (node:internal/process/task_queues:103:5)\n    at file:///C:/Users/shiva/OneDrive/Documents/GitHub/QUIZ-/node_modules/@vitest/runner/dist/index.js:1258:20"],"meta":{},"tags":[]},{"ancestorTitles":["agentRoutes"],"fullName":"agentRoutes 10.3 Test: non-PDF upload -> 400 \"Only PDF files are accepted\"","status":"passed","title":"10.3 Test: non-PDF upload -> 400 \"Only PDF files are accepted\"","duration":10.008600000000001,"failureMessages":[],"meta":{},"tags":[]},{"ancestorTitles":["agentRoutes"],"fullName":"agentRoutes 10.3 Test: PDF > 10 MB -> 400 \"File size exceeds 10 MB limit\"","status":"passed","title":"10.3 Test: PDF > 10 MB -> 400 \"File size exceeds 10 MB limit\"","duration":30.22739999999999,"failureMessages":[],"meta":{},"tags":[]},{"ancestorTitles":["agentRoutes"],"fullName":"agentRoutes 10.3 Test: image-only PDF (empty extracted text) -> 422 \"No extractable text found in PDF\"","status":"passed","title":"10.3 Test: image-only PDF (empty extracted text) -> 422 \"No extractable text found in PDF\"","duration":4.063699999999926,"failureMessages":[],"meta":{},"tags":[]},{"ancestorTitles":["agentRoutes"],"fullName":"agentRoutes 10.4 Property 11: RAG pipeline extracts text and produces valid MCQ schema","status":"passed","title":"10.4 Property 11: RAG pipeline extracts text and produces valid MCQ schema","duration":3.908999999999992,"failureMessages":[],"meta":{},"tags":[]},{"ancestorTitles":["agentRoutes"],"fullName":"agentRoutes Property 8: Cache hit returns identical response without calling OpenAI","status":"failed","title":"Property 8: Cache hit returns identical response without calling OpenAI","duration":20.447000000000003,"failureMessages":["Error: Property failed after 1 tests\n{ seed: 1356559763, path: \"0:0:0:0\", endOnFailure: true }\nCounterexample: [{\"topic\":\" \",\"difficulty\":\"easy\",\"count\":1,\"questionType\":\"mcq\"}]\nShrunk 3 time(s)\n\nHint: Enable verbose mode in order to have the list of all failing values encountered during the run\n    at buildError (file:///C:/Users/shiva/OneDrive/Documents/GitHub/QUIZ-/server/node_modules/fast-check/lib/fast-check.js:2434:16)\n    at asyncThrowIfFailed (file:///C:/Users/shiva/OneDrive/Documents/GitHub/QUIZ-/server/node_modules/fast-check/lib/fast-check.js:2446:8)\n    at processTicksAndRejections (node:internal/process/task_queues:103:5)"],"meta":{},"tags":[]},{"ancestorTitles":["agentRoutes"],"fullName":"agentRoutes Property 9: Adaptive agent responses are cached and returned on second call","status":"failed","title":"Property 9: Adaptive agent responses are cached and returned on second call","duration":9.467700000000036,"failureMessages":["Error: Property failed after 1 tests\n{ seed: -622603244, path: \"0:0:0\", endOnFailure: true }\nCounterexample: [{\"subject\":\" \",\"count\":1}]\nShrunk 2 time(s)\n\nHint: Enable verbose mode in order to have the list of all failing values encountered during the run\n    at buildError (file:///C:/Users/shiva/OneDrive/Documents/GitHub/QUIZ-/server/node_modules/fast-check/lib/fast-check.js:2434:16)\n    at asyncThrowIfFailed (file:///C:/Users/shiva/OneDrive/Documents/GitHub/QUIZ-/server/node_modules/fast-check/lib/fast-check.js:2446:8)\n    at processTicksAndRejections (node:internal/process/task_queues:103:5)"],"meta":{},"tags":[]}],"startTime":1775306366876,"endTime":1775306366997.4678,"status":"failed","message":"","name":"C:/Users/shiva/OneDrive/Documents/GitHub/QUIZ-/server/routes/agentRoutes.test.ts"}]}
