{"numTotalTestSuites":209,"numPassedTestSuites":149,"numFailedTestSuites":60,"numPendingTestSuites":0,"numTotalTests":573,"numPassedTests":497,"numFailedTests":76,"numPendingTests":0,"numTodoTests":0,"snapshot":{"added":0,"failure":false,"filesAdded":0,"filesRemoved":0,"filesRemovedList":[],"filesUnmatched":0,"filesUpdated":0,"matched":0,"total":0,"unchecked":0,"uncheckedKeysByFile":[],"unmatched":0,"updated":0,"didUpdate":false},"startTime":1775285469145,"success":false,"testResults":[{"assertionResults":[{"ancestorTitles":["adaptiveAgent Property Tests"],"fullName":"adaptiveAgent Property Tests Property 5: Weak topic threshold","status":"passed","title":"Property 5: Weak topic threshold","duration":90.89459999999985,"failureMessages":[],"meta":{},"tags":[]},{"ancestorTitles":["adaptiveAgent Property Tests"],"fullName":"adaptiveAgent Property Tests Property 6: Adaptive quiz weak topic weighting","status":"failed","title":"Property 6: Adaptive quiz weak topic weighting","duration":15.522200000000112,"failureMessages":["Error: Property failed after 1 tests\n{ seed: 2004538080, path: \"0:0:0:0:0\", endOnFailure: true }\nCounterexample: [[\" \"],5]\nShrunk 4 time(s)\n\nHint: Enable verbose mode in order to have the list of all failing values encountered during the run\n    at buildError (file:///C:/Users/shiva/OneDrive/Documents/GitHub/QUIZ-/server/node_modules/fast-check/lib/fast-check.js:2434:16)\n    at asyncThrowIfFailed (file:///C:/Users/shiva/OneDrive/Documents/GitHub/QUIZ-/server/node_modules/fast-check/lib/fast-check.js:2446:8)\n    at processTicksAndRejections (node:internal/process/task_queues:103:5)"],"meta":{},"tags":[]},{"ancestorTitles":["adaptiveAgent Property Tests"],"fullName":"adaptiveAgent Property Tests Property 7: Difficulty override is respected","status":"failed","title":"Property 7: Difficulty override is respected","duration":2.0652000000000044,"failureMessages":["Error: Property failed after 1 tests\n{ seed: -1607415038, path: \"0:0\", endOnFailure: true }\nCounterexample: [\"easy\"]\nShrunk 1 time(s)\n\nHint: Enable verbose mode in order to have the list of all failing values encountered during the run\n    at buildError (file:///C:/Users/shiva/OneDrive/Documents/GitHub/QUIZ-/server/node_modules/fast-check/lib/fast-check.js:2434:16)\n    at asyncThrowIfFailed (file:///C:/Users/shiva/OneDrive/Documents/GitHub/QUIZ-/server/node_modules/fast-check/lib/fast-check.js:2446:8)\n    at processTicksAndRejections (node:internal/process/task_queues:103:5)"],"meta":{},"tags":[]}],"startTime":1775285470565,"endTime":1775285470674.0652,"status":"failed","message":"","name":"C:/Users/shiva/OneDrive/Documents/GitHub/QUIZ-/server/ai/adaptiveAgent.test.ts"},{"assertionResults":[{"ancestorTitles":["buildCacheKey"],"fullName":"buildCacheKey returns exactly the same hash for same inputs in different key orders","status":"passed","title":"returns exactly the same hash for same inputs in different key orders","duration":3.4101000000000568,"failureMessages":[],"meta":{},"tags":[]},{"ancestorTitles":["buildCacheKey"],"fullName":"buildCacheKey returns different hash for different inputs","status":"passed","title":"returns different hash for different inputs","duration":1.3229000000000042,"failureMessages":[],"meta":{},"tags":[]}],"startTime":1775285472527,"endTime":1775285472532.323,"status":"passed","message":"","name":"C:/Users/shiva/OneDrive/Documents/GitHub/QUIZ-/server/ai/cacheKey.test.ts"},{"assertionResults":[{"ancestorTitles":["openaiClient"],"fullName":"openaiClient logs a warning when OPENAI_API_KEY is not set","status":"passed","title":"logs a warning when OPENAI_API_KEY is not set","duration":313.99830000000003,"failureMessages":[],"meta":{},"tags":[]},{"ancestorTitles":["openaiClient"],"fullName":"openaiClient does not warn when OPENAI_API_KEY is set","status":"passed","title":"does not warn when OPENAI_API_KEY is set","duration":2.0506000000000313,"failureMessages":[],"meta":{},"tags":[]}],"startTime":1775285471286,"endTime":1775285471602.0505,"status":"passed","message":"","name":"C:/Users/shiva/OneDrive/Documents/GitHub/QUIZ-/server/ai/openaiClient.test.ts"},{"assertionResults":[{"ancestorTitles":["studentAgent Property Tests"],"fullName":"studentAgent Property Tests Property 4: Student notes output schema invariant","status":"failed","title":"Property 4: Student notes output schema invariant","duration":22.051399999999944,"failureMessages":["Error: Property failed after 1 tests\n{ seed: 1590630258, path: \"0:0:0:0:0:0:0:0:0:0:0\", endOnFailure: true }\nCounterexample: [{\"topic\":\"!\",\"noteText\":null}]\nShrunk 10 time(s)\n\nHint: Enable verbose mode in order to have the list of all failing values encountered during the run\n    at buildError (file:///C:/Users/shiva/OneDrive/Documents/GitHub/QUIZ-/server/node_modules/fast-check/lib/fast-check.js:2434:16)\n    at asyncThrowIfFailed (file:///C:/Users/shiva/OneDrive/Documents/GitHub/QUIZ-/server/node_modules/fast-check/lib/fast-check.js:2446:8)\n    at processTicksAndRejections (node:internal/process/task_queues:103:5)"],"meta":{},"tags":[]}],"startTime":1775285471070,"endTime":1775285471092.0515,"status":"failed","message":"","name":"C:/Users/shiva/OneDrive/Documents/GitHub/QUIZ-/server/ai/studentAgent.test.ts"},{"assertionResults":[{"ancestorTitles":["teacherAgent Property Tests"],"fullName":"teacherAgent Property Tests Property 1: MCQ questions have required fields and exactly one correct answer","status":"failed","title":"Property 1: MCQ questions have required fields and exactly one correct answer","duration":20.81909999999999,"failureMessages":["Error: Property failed after 1 tests\n{ seed: 1788890515, path: \"0:0:0:0:0\", endOnFailure: true }\nCounterexample: [{\"topic\":\" \",\"difficulty\":\"easy\",\"count\":1}]\nShrunk 4 time(s)\n\nHint: Enable verbose mode in order to have the list of all failing values encountered during the run\n    at buildError (file:///C:/Users/shiva/OneDrive/Documents/GitHub/QUIZ-/server/node_modules/fast-check/lib/fast-check.js:2434:16)\n    at asyncThrowIfFailed (file:///C:/Users/shiva/OneDrive/Documents/GitHub/QUIZ-/server/node_modules/fast-check/lib/fast-check.js:2446:8)\n    at processTicksAndRejections (node:internal/process/task_queues:103:5)"],"meta":{},"tags":[]},{"ancestorTitles":["teacherAgent Property Tests"],"fullName":"teacherAgent Property Tests Property 2: Subjective questions have model answer and rubric","status":"failed","title":"Property 2: Subjective questions have model answer and rubric","duration":3.1818999999999846,"failureMessages":["Error: Property failed after 1 tests\n{ seed: 1461753443, path: \"0:0:0:0:0\", endOnFailure: true }\nCounterexample: [{\"topic\":\" \",\"difficulty\":\"easy\",\"count\":1}]\nShrunk 4 time(s)\n\nHint: Enable verbose mode in order to have the list of all failing values encountered during the run\n    at buildError (file:///C:/Users/shiva/OneDrive/Documents/GitHub/QUIZ-/server/node_modules/fast-check/lib/fast-check.js:2434:16)\n    at asyncThrowIfFailed (file:///C:/Users/shiva/OneDrive/Documents/GitHub/QUIZ-/server/node_modules/fast-check/lib/fast-check.js:2446:8)\n    at processTicksAndRejections (node:internal/process/task_queues:103:5)"],"meta":{},"tags":[]},{"ancestorTitles":["teacherAgent Property Tests"],"fullName":"teacherAgent Property Tests Property 3: Poll questions have 2-6 options and no correct answer","status":"failed","title":"Property 3: Poll questions have 2-6 options and no correct answer","duration":3.9979000000000156,"failureMessages":["Error: Property failed after 1 tests\n{ seed: -1575945164, path: \"0:0:0:0:0\", endOnFailure: true }\nCounterexample: [{\"topic\":\" \",\"difficulty\":\"easy\",\"count\":1,\"numOptions\":2}]\nShrunk 4 time(s)\n\nHint: Enable verbose mode in order to have the list of all failing values encountered during the run\n    at buildError (file:///C:/Users/shiva/OneDrive/Documents/GitHub/QUIZ-/server/node_modules/fast-check/lib/fast-check.js:2434:16)\n    at asyncThrowIfFailed (file:///C:/Users/shiva/OneDrive/Documents/GitHub/QUIZ-/server/node_modules/fast-check/lib/fast-check.js:2446:8)\n    at processTicksAndRejections (node:internal/process/task_queues:103:5)"],"meta":{},"tags":[]}],"startTime":1775285470604,"endTime":1775285470631.9978,"status":"failed","message":"","name":"C:/Users/shiva/OneDrive/Documents/GitHub/QUIZ-/server/ai/teacherAgent.test.ts"},{"assertionResults":[{"ancestorTitles":["aiRateLimiter"],"fullName":"aiRateLimiter allows 5 requests and blocks the 6th","status":"passed","title":"allows 5 requests and blocks the 6th","duration":6.861600000000067,"failureMessages":[],"meta":{},"tags":[]},{"ancestorTitles":["aiRateLimiter"],"fullName":"aiRateLimiter Property 10: Rate limiter enforces 5 requests per user per minute isolation","status":"passed","title":"Property 10: Rate limiter enforces 5 requests per user per minute isolation","duration":92.72979999999995,"failureMessages":[],"meta":{},"tags":[]}],"startTime":1775285471848,"endTime":1775285471947.7297,"status":"passed","message":"","name":"C:/Users/shiva/OneDrive/Documents/GitHub/QUIZ-/server/middleware/aiRateLimiter.test.ts"},{"assertionResults":[{"ancestorTitles":["agentRoutes"],"fullName":"agentRoutes 10.3 Test: empty topic -> 400 \"topic is required\"","status":"passed","title":"10.3 Test: empty topic -> 400 \"topic is required\"","duration":67.7219,"failureMessages":[],"meta":{},"tags":[]},{"ancestorTitles":["agentRoutes"],"fullName":"agentRoutes 10.3 Test: noteText > 10,000 chars -> 400 \"note text exceeds maximum length\"","status":"passed","title":"10.3 Test: noteText > 10,000 chars -> 400 \"note text exceeds maximum length\"","duration":8.66619999999989,"failureMessages":[],"meta":{},"tags":[]},{"ancestorTitles":["agentRoutes"],"fullName":"agentRoutes 10.3 Test: non-PDF upload -> 400 \"Only PDF files are accepted\"","status":"passed","title":"10.3 Test: non-PDF upload -> 400 \"Only PDF files are accepted\"","duration":22.13499999999999,"failureMessages":[],"meta":{},"tags":[]},{"ancestorTitles":["agentRoutes"],"fullName":"agentRoutes 10.3 Test: PDF > 10 MB -> 400 \"File size exceeds 10 MB limit\"","status":"passed","title":"10.3 Test: PDF > 10 MB -> 400 \"File size exceeds 10 MB limit\"","duration":49.0951,"failureMessages":[],"meta":{},"tags":[]},{"ancestorTitles":["agentRoutes"],"fullName":"agentRoutes 10.3 Test: image-only PDF (empty extracted text) -> 422 \"No extractable text found in PDF\"","status":"passed","title":"10.3 Test: image-only PDF (empty extracted text) -> 422 \"No extractable text found in PDF\"","duration":12.224900000000162,"failureMessages":[],"meta":{},"tags":[]},{"ancestorTitles":["agentRoutes"],"fullName":"agentRoutes 10.4 Property 11: RAG pipeline extracts text and produces valid MCQ schema","status":"passed","title":"10.4 Property 11: RAG pipeline extracts text and produces valid MCQ schema","duration":9.636899999999969,"failureMessages":[],"meta":{},"tags":[]},{"ancestorTitles":["agentRoutes"],"fullName":"agentRoutes Property 8: Cache hit returns identical response without calling OpenAI","status":"passed","title":"Property 8: Cache hit returns identical response without calling OpenAI","duration":149.51020000000017,"failureMessages":[],"meta":{},"tags":[]},{"ancestorTitles":["agentRoutes"],"fullName":"agentRoutes Property 9: Adaptive agent responses are never cached","status":"passed","title":"Property 9: Adaptive agent responses are never cached","duration":77.25549999999998,"failureMessages":[],"meta":{},"tags":[]}],"startTime":1775285472174,"endTime":1775285472571.2556,"status":"passed","message":"","name":"C:/Users/shiva/OneDrive/Documents/GitHub/QUIZ-/server/routes/agentRoutes.test.ts"},{"assertionResults":[{"ancestorTitles":["PERFORMANCE_CONFIG"],"fullName":"PERFORMANCE_CONFIG MAX_CONCURRENT_STUDENTS is 1000","status":"passed","title":"MAX_CONCURRENT_STUDENTS is 1000","duration":2.689300000000003,"failureMessages":[],"meta":{},"tags":[]},{"ancestorTitles":["PERFORMANCE_CONFIG"],"fullName":"PERFORMANCE_CONFIG retains all other original values","status":"failed","title":"retains all other original values","duration":9.187199999999962,"failureMessages":["AssertionError: expected 1000 to be 500 // Object.is equality\n    at C:/Users/shiva/OneDrive/Documents/GitHub/QUIZ-/src/config/performance.test.ts:10:53\n    at file:///C:/Users/shiva/OneDrive/Documents/GitHub/QUIZ-/node_modules/@vitest/runner/dist/index.js:296:11\n    at file:///C:/Users/shiva/OneDrive/Documents/GitHub/QUIZ-/node_modules/@vitest/runner/dist/index.js:1258:26\n    at file:///C:/Users/shiva/OneDrive/Documents/GitHub/QUIZ-/node_modules/@vitest/runner/dist/index.js:1681:20\n    at new Promise (<anonymous>)\n    at runWithCancel (file:///C:/Users/shiva/OneDrive/Documents/GitHub/QUIZ-/node_modules/@vitest/runner/dist/index.js:1678:10)\n    at file:///C:/Users/shiva/OneDrive/Documents/GitHub/QUIZ-/node_modules/@vitest/runner/dist/index.js:1660:20\n    at new Promise (<anonymous>)\n    at runWithTimeout (file:///C:/Users/shiva/OneDrive/Documents/GitHub/QUIZ-/node_modules/@vitest/runner/dist/index.js:1627:10)\n    at file:///C:/Users/shiva/OneDrive/Documents/GitHub/QUIZ-/node_modules/@vitest/runner/dist/index.js:2309:64"],"meta":{},"tags":[]},{"ancestorTitles":["ANTI_CHEAT_CONFIG"],"fullName":"ANTI_CHEAT_CONFIG retains all original values","status":"passed","title":"retains all original values","duration":0.8213000000000648,"failureMessages":[],"meta":{},"tags":[]},{"ancestorTitles":["SCORING_CONFIG"],"fullName":"SCORING_CONFIG retains all original values","status":"passed","title":"retains all original values","duration":0.4216999999999871,"failureMessages":[],"meta":{},"tags":[]}],"startTime":1775285471104,"endTime":1775285471117.4216,"status":"failed","message":"","name":"C:/Users/shiva/OneDrive/Documents/GitHub/QUIZ-/src/config/performance.test.ts"},{"assertionResults":[{"ancestorTitles":["PRESERVATION 5.1 ΓÇö ProtectedRoute: unauthenticated user redirects to /auth"],"fullName":"PRESERVATION 5.1 ΓÇö ProtectedRoute: unauthenticated user redirects to /auth source contains Navigate redirect to /auth","status":"passed","title":"source contains Navigate redirect to /auth","duration":2.697099999999864,"failureMessages":[],"meta":{},"tags":[]},{"ancestorTitles":["PRESERVATION 5.1 ΓÇö ProtectedRoute: unauthenticated user redirects to /auth"],"fullName":"PRESERVATION 5.1 ΓÇö ProtectedRoute: unauthenticated user redirects to /auth source checks for absence of user before redirecting to /auth","status":"passed","title":"source checks for absence of user before redirecting to /auth","duration":0.3432999999999993,"failureMessages":[],"meta":{},"tags":[]},{"ancestorTitles":["PRESERVATION 5.1 ΓÇö ProtectedRoute: unauthenticated user redirects to /auth"],"fullName":"PRESERVATION 5.1 ΓÇö ProtectedRoute: unauthenticated user redirects to /auth source uses Navigate component for the redirect","status":"passed","title":"source uses Navigate component for the redirect","duration":0.3079999999999927,"failureMessages":[],"meta":{},"tags":[]},{"ancestorTitles":["PRESERVATION 5.1 ΓÇö ProtectedRoute: unauthenticated user redirects to /auth"],"fullName":"PRESERVATION 5.1 ΓÇö ProtectedRoute: unauthenticated user redirects to /auth source uses replace on the /auth redirect","status":"passed","title":"source uses replace on the /auth redirect","duration":0.2617000000000189,"failureMessages":[],"meta":{},"tags":[]},{"ancestorTitles":["PRESERVATION 5.1 ΓÇö ProtectedRoute: unauthenticated user redirects to /auth"],"fullName":"PRESERVATION 5.1 ΓÇö ProtectedRoute: unauthenticated user redirects to /auth Property ΓÇö unauthenticated state always maps to /auth redirect","status":"passed","title":"Property ΓÇö unauthenticated state always maps to /auth redirect","duration":4.4495999999999185,"failureMessages":[],"meta":{},"tags":[]},{"ancestorTitles":["PRESERVATION 5.2 ΓÇö ProtectedRoute: student redirects to /student/dashboard"],"fullName":"PRESERVATION 5.2 ΓÇö ProtectedRoute: student redirects to /student/dashboard source contains Navigate redirect to /student/dashboard","status":"passed","title":"source contains Navigate redirect to /student/dashboard","duration":0.3482000000001335,"failureMessages":[],"meta":{},"tags":[]},{"ancestorTitles":["PRESERVATION 5.2 ΓÇö ProtectedRoute: student redirects to /student/dashboard"],"fullName":"PRESERVATION 5.2 ΓÇö ProtectedRoute: student redirects to /student/dashboard source checks userProfile role for 'student'","status":"failed","title":"source checks userProfile role for 'student'","duration":14.628299999999854,"failureMessages":["AssertionError: expected 'import { ReactNode } from \\'react\\';\\ΓÇª' to contain 'role === \\'student\\''\n    at C:/Users/shiva/OneDrive/Documents/GitHub/QUIZ-/src/components/ProtectedRoute.test.ts:68:24\n    at file:///C:/Users/shiva/OneDrive/Documents/GitHub/QUIZ-/node_modules/@vitest/runner/dist/index.js:296:11\n    at file:///C:/Users/shiva/OneDrive/Documents/GitHub/QUIZ-/node_modules/@vitest/runner/dist/index.js:1258:26\n    at file:///C:/Users/shiva/OneDrive/Documents/GitHub/QUIZ-/node_modules/@vitest/runner/dist/index.js:1681:20\n    at new Promise (<anonymous>)\n    at runWithCancel (file:///C:/Users/shiva/OneDrive/Documents/GitHub/QUIZ-/node_modules/@vitest/runner/dist/index.js:1678:10)\n    at file:///C:/Users/shiva/OneDrive/Documents/GitHub/QUIZ-/node_modules/@vitest/runner/dist/index.js:1660:20\n    at new Promise (<anonymous>)\n    at runWithTimeout (file:///C:/Users/shiva/OneDrive/Documents/GitHub/QUIZ-/node_modules/@vitest/runner/dist/index.js:1627:10)\n    at file:///C:/Users/shiva/OneDrive/Documents/GitHub/QUIZ-/node_modules/@vitest/runner/dist/index.js:2309:64"],"meta":{},"tags":[]},{"ancestorTitles":["PRESERVATION 5.2 ΓÇö ProtectedRoute: student redirects to /student/dashboard"],"fullName":"PRESERVATION 5.2 ΓÇö ProtectedRoute: student redirects to /student/dashboard getRedirectPath maps student role to /student/dashboard","status":"passed","title":"getRedirectPath maps student role to /student/dashboard","duration":0.5759000000000469,"failureMessages":[],"meta":{},"tags":[]},{"ancestorTitles":["PRESERVATION 5.2 ΓÇö ProtectedRoute: student redirects to /student/dashboard"],"fullName":"PRESERVATION 5.2 ΓÇö ProtectedRoute: student redirects to /student/dashboard Property ΓÇö student role always maps to /student/dashboard","status":"passed","title":"Property ΓÇö student role always maps to /student/dashboard","duration":48.05680000000007,"failureMessages":[],"meta":{},"tags":[]},{"ancestorTitles":["PRESERVATION 5.3 ΓÇö ProtectedRoute: teacher renders children"],"fullName":"PRESERVATION 5.3 ΓÇö ProtectedRoute: teacher renders children source renders children when user is authenticated and not a student","status":"passed","title":"source renders children when user is authenticated and not a student","duration":0.5669000000000324,"failureMessages":[],"meta":{},"tags":[]},{"ancestorTitles":["PRESERVATION 5.3 ΓÇö ProtectedRoute: teacher renders children"],"fullName":"PRESERVATION 5.3 ΓÇö ProtectedRoute: teacher renders children source does not redirect teachers (no to=\"/teacher\" in ProtectedRoute)","status":"passed","title":"source does not redirect teachers (no to=\"/teacher\" in ProtectedRoute)","duration":0.4169999999999163,"failureMessages":[],"meta":{},"tags":[]},{"ancestorTitles":["PRESERVATION 5.3 ΓÇö ProtectedRoute: teacher renders children"],"fullName":"PRESERVATION 5.3 ΓÇö ProtectedRoute: teacher renders children source returns children as a fragment","status":"passed","title":"source returns children as a fragment","duration":0.26530000000002474,"failureMessages":[],"meta":{},"tags":[]},{"ancestorTitles":["PRESERVATION 5.3 ΓÇö ProtectedRoute: teacher renders children"],"fullName":"PRESERVATION 5.3 ΓÇö ProtectedRoute: teacher renders children Property ΓÇö teacher role passes through ProtectedRoute (no redirect)","status":"passed","title":"Property ΓÇö teacher role passes through ProtectedRoute (no redirect)","duration":5.1495000000002165,"failureMessages":[],"meta":{},"tags":[]},{"ancestorTitles":["ProtectedRoute ΓÇö component structure"],"fullName":"ProtectedRoute ΓÇö component structure imports useAuth hook","status":"passed","title":"imports useAuth hook","duration":0.279700000000048,"failureMessages":[],"meta":{},"tags":[]},{"ancestorTitles":["ProtectedRoute ΓÇö component structure"],"fullName":"ProtectedRoute ΓÇö component structure imports Navigate from react-router-dom","status":"passed","title":"imports Navigate from react-router-dom","duration":0.2131000000001677,"failureMessages":[],"meta":{},"tags":[]},{"ancestorTitles":["ProtectedRoute ΓÇö component structure"],"fullName":"ProtectedRoute ΓÇö component structure exports ProtectedRoute function","status":"passed","title":"exports ProtectedRoute function","duration":0.17699999999990723,"failureMessages":[],"meta":{},"tags":[]},{"ancestorTitles":["ProtectedRoute ΓÇö component structure"],"fullName":"ProtectedRoute ΓÇö component structure handles loading state","status":"passed","title":"handles loading state","duration":0.12840000000005602,"failureMessages":[],"meta":{},"tags":[]}],"startTime":1775285470539,"endTime":1775285470618.2798,"status":"failed","message":"","name":"C:/Users/shiva/OneDrive/Documents/GitHub/QUIZ-/src/components/ProtectedRoute.test.ts"},{"assertionResults":[{"ancestorTitles":["QuizResultsSummary ΓÇô Property: results display contains both percentage and fraction"],"fullName":"QuizResultsSummary ΓÇô Property: results display contains both percentage and fraction Property ΓÇô component always renders both percentage and fraction display elements","status":"passed","title":"Property ΓÇô component always renders both percentage and fraction display elements","duration":10.085299999999961,"failureMessages":[],"meta":{},"tags":[]},{"ancestorTitles":["QuizResultsSummary ΓÇô Property: results display contains both percentage and fraction"],"fullName":"QuizResultsSummary ΓÇô Property: results display contains both percentage and fraction Property ΓÇô performance label is always one of the three valid values for any score/total pair","status":"passed","title":"Property ΓÇô performance label is always one of the three valid values for any score/total pair","duration":4.831900000000019,"failureMessages":[],"meta":{},"tags":[]},{"ancestorTitles":["QuizResultsSummary ΓÇô performance badge (Requirement 6.2)"],"fullName":"QuizResultsSummary ΓÇô performance badge (Requirement 6.2) renders an \"Excellent\" badge for scores ΓëÑ 80%","status":"passed","title":"renders an \"Excellent\" badge for scores ΓëÑ 80%","duration":0.6827999999999292,"failureMessages":[],"meta":{},"tags":[]},{"ancestorTitles":["QuizResultsSummary ΓÇô performance badge (Requirement 6.2)"],"fullName":"QuizResultsSummary ΓÇô performance badge (Requirement 6.2) renders \"Keep Practicing\" badge for scores < 60% via getPerformanceLabel","status":"passed","title":"renders \"Keep Practicing\" badge for scores < 60% via getPerformanceLabel","duration":0.4700000000000273,"failureMessages":[],"meta":{},"tags":[]},{"ancestorTitles":["QuizResultsSummary ΓÇô performance badge (Requirement 6.2)"],"fullName":"QuizResultsSummary ΓÇô performance badge (Requirement 6.2) renders \"Excellent\" badge for scores ΓëÑ 80% via getPerformanceLabel","status":"passed","title":"renders \"Excellent\" badge for scores ΓëÑ 80% via getPerformanceLabel","duration":0.1915000000000191,"failureMessages":[],"meta":{},"tags":[]},{"ancestorTitles":["QuizResultsSummary ΓÇô performance badge (Requirement 6.2)"],"fullName":"QuizResultsSummary ΓÇô performance badge (Requirement 6.2) renders \"Good\" badge for scores in [60, 79] via getPerformanceLabel","status":"passed","title":"renders \"Good\" badge for scores in [60, 79] via getPerformanceLabel","duration":0.17459999999994125,"failureMessages":[],"meta":{},"tags":[]},{"ancestorTitles":["QuizResultsSummary ΓÇô performance badge (Requirement 6.2)"],"fullName":"QuizResultsSummary ΓÇô performance badge (Requirement 6.2) badge element is present in component source","status":"passed","title":"badge element is present in component source","duration":0.1429000000000542,"failureMessages":[],"meta":{},"tags":[]},{"ancestorTitles":["QuizResultsSummary ΓÇô score saved message (Requirement 6.7)"],"fullName":"QuizResultsSummary ΓÇô score saved message (Requirement 6.7) renders \"Score saved to your profile\" message when authenticated","status":"passed","title":"renders \"Score saved to your profile\" message when authenticated","duration":0.14980000000002747,"failureMessages":[],"meta":{},"tags":[]},{"ancestorTitles":["QuizResultsSummary ΓÇô score saved message (Requirement 6.7)"],"fullName":"QuizResultsSummary ΓÇô score saved message (Requirement 6.7) conditionally shows the message based on isAuthenticated prop","status":"passed","title":"conditionally shows the message based on isAuthenticated prop","duration":0.18640000000004875,"failureMessages":[],"meta":{},"tags":[]},{"ancestorTitles":["QuizResultsSummary ΓÇô Retake Quiz button (Requirement 6.5)"],"fullName":"QuizResultsSummary ΓÇô Retake Quiz button (Requirement 6.5) renders a \"Retake Quiz\" button","status":"passed","title":"renders a \"Retake Quiz\" button","duration":0.47699999999997544,"failureMessages":[],"meta":{},"tags":[]},{"ancestorTitles":["QuizResultsSummary ΓÇô Retake Quiz button (Requirement 6.5)"],"fullName":"QuizResultsSummary ΓÇô Retake Quiz button (Requirement 6.5) calls onRetake when the button is clicked","status":"passed","title":"calls onRetake when the button is clicked","duration":0.24049999999999727,"failureMessages":[],"meta":{},"tags":[]},{"ancestorTitles":["QuizResultsSummary ΓÇô Browse More Quizzes link (Requirement 6.6)"],"fullName":"QuizResultsSummary ΓÇô Browse More Quizzes link (Requirement 6.6) renders a \"Browse More Quizzes\" link","status":"passed","title":"renders a \"Browse More Quizzes\" link","duration":0.3432000000000244,"failureMessages":[],"meta":{},"tags":[]},{"ancestorTitles":["QuizResultsSummary ΓÇô Browse More Quizzes link (Requirement 6.6)"],"fullName":"QuizResultsSummary ΓÇô Browse More Quizzes link (Requirement 6.6) links to /student","status":"passed","title":"links to /student","duration":0.1776999999999589,"failureMessages":[],"meta":{},"tags":[]},{"ancestorTitles":["QuizResultsSummary ΓÇô score display (Requirement 6.1)"],"fullName":"QuizResultsSummary ΓÇô score display (Requirement 6.1) displays score as percentage","status":"passed","title":"displays score as percentage","duration":0.17880000000002383,"failureMessages":[],"meta":{},"tags":[]},{"ancestorTitles":["QuizResultsSummary ΓÇô score display (Requirement 6.1)"],"fullName":"QuizResultsSummary ΓÇô score display (Requirement 6.1) displays score as fraction (e.g. \"8 / 10\")","status":"passed","title":"displays score as fraction (e.g. \"8 / 10\")","duration":0.8940999999999804,"failureMessages":[],"meta":{},"tags":[]},{"ancestorTitles":["QuizResultsSummary ΓÇô question review (Requirements 6.3, 6.4)"],"fullName":"QuizResultsSummary ΓÇô question review (Requirements 6.3, 6.4) renders question review section","status":"passed","title":"renders question review section","duration":0.1515999999999167,"failureMessages":[],"meta":{},"tags":[]},{"ancestorTitles":["QuizResultsSummary ΓÇô question review (Requirements 6.3, 6.4)"],"fullName":"QuizResultsSummary ΓÇô question review (Requirements 6.3, 6.4) shows user answer for each question","status":"passed","title":"shows user answer for each question","duration":0.11180000000001655,"failureMessages":[],"meta":{},"tags":[]},{"ancestorTitles":["QuizResultsSummary ΓÇô question review (Requirements 6.3, 6.4)"],"fullName":"QuizResultsSummary ΓÇô question review (Requirements 6.3, 6.4) shows correct answer when user was wrong","status":"passed","title":"shows correct answer when user was wrong","duration":0.09320000000002437,"failureMessages":[],"meta":{},"tags":[]},{"ancestorTitles":["QuizResultsSummary ΓÇô question review (Requirements 6.3, 6.4)"],"fullName":"QuizResultsSummary ΓÇô question review (Requirements 6.3, 6.4) visually distinguishes incorrect answers with different border color","status":"passed","title":"visually distinguishes incorrect answers with different border color","duration":0.0969000000000051,"failureMessages":[],"meta":{},"tags":[]}],"startTime":1775285472084,"endTime":1775285472105.1516,"status":"passed","message":"","name":"C:/Users/shiva/OneDrive/Documents/GitHub/QUIZ-/src/components/QuizResultsSummary.test.ts"},{"assertionResults":[{"ancestorTitles":["StudentNavbar ΓÇô authenticated state (Requirement 8.1, 8.5)"],"fullName":"StudentNavbar ΓÇô authenticated state (Requirement 8.1, 8.5) renders a Sign Out button","status":"passed","title":"renders a Sign Out button","duration":2.5711000000000013,"failureMessages":[],"meta":{},"tags":[]},{"ancestorTitles":["StudentNavbar ΓÇô authenticated state (Requirement 8.1, 8.5)"],"fullName":"StudentNavbar ΓÇô authenticated state (Requirement 8.1, 8.5) displays the student display name from userProfile","status":"passed","title":"displays the student display name from userProfile","duration":0.33360000000004675,"failureMessages":[],"meta":{},"tags":[]},{"ancestorTitles":["StudentNavbar ΓÇô authenticated state (Requirement 8.1, 8.5)"],"fullName":"StudentNavbar ΓÇô authenticated state (Requirement 8.1, 8.5) calls signOut on sign-out action","status":"passed","title":"calls signOut on sign-out action","duration":0.3447000000001026,"failureMessages":[],"meta":{},"tags":[]},{"ancestorTitles":["StudentNavbar ΓÇô unauthenticated state (Requirement 8.1)"],"fullName":"StudentNavbar ΓÇô unauthenticated state (Requirement 8.1) renders a Login link","status":"passed","title":"renders a Login link","duration":0.39840000000003783,"failureMessages":[],"meta":{},"tags":[]},{"ancestorTitles":["StudentNavbar ΓÇô unauthenticated state (Requirement 8.1)"],"fullName":"StudentNavbar ΓÇô unauthenticated state (Requirement 8.1) renders a Sign Up link","status":"passed","title":"renders a Sign Up link","duration":0.29759999999998854,"failureMessages":[],"meta":{},"tags":[]},{"ancestorTitles":["StudentNavbar ΓÇô unauthenticated state (Requirement 8.1)"],"fullName":"StudentNavbar ΓÇô unauthenticated state (Requirement 8.1) conditionally renders auth links based on user state","status":"passed","title":"conditionally renders auth links based on user state","duration":0.23059999999998126,"failureMessages":[],"meta":{},"tags":[]},{"ancestorTitles":["StudentNavbar ΓÇô logo navigation (Requirement 8.2)"],"fullName":"StudentNavbar ΓÇô logo navigation (Requirement 8.2) derives logo href from auth state","status":"passed","title":"derives logo href from auth state","duration":0.2717000000000098,"failureMessages":[],"meta":{},"tags":[]},{"ancestorTitles":["StudentNavbar ΓÇô logo navigation (Requirement 8.2)"],"fullName":"StudentNavbar ΓÇô logo navigation (Requirement 8.2) uses logoHref for the logo Link","status":"passed","title":"uses logoHref for the logo Link","duration":0.24710000000004584,"failureMessages":[],"meta":{},"tags":[]},{"ancestorTitles":["StudentNavbar ΓÇô logo navigation (Requirement 8.2)"],"fullName":"StudentNavbar ΓÇô logo navigation (Requirement 8.2) links to /student/dashboard when authenticated","status":"passed","title":"links to /student/dashboard when authenticated","duration":0.253400000000056,"failureMessages":[],"meta":{},"tags":[]},{"ancestorTitles":["StudentNavbar ΓÇô logo navigation (Requirement 8.2)"],"fullName":"StudentNavbar ΓÇô logo navigation (Requirement 8.2) links to / when unauthenticated","status":"passed","title":"links to / when unauthenticated","duration":0.28690000000005966,"failureMessages":[],"meta":{},"tags":[]},{"ancestorTitles":["StudentNavbar ΓÇô Browse Quizzes link (Requirement 8.3)"],"fullName":"StudentNavbar ΓÇô Browse Quizzes link (Requirement 8.3) includes a Browse Quizzes link to /student","status":"failed","title":"includes a Browse Quizzes link to /student","duration":17.123299999999972,"failureMessages":["AssertionError: expected 'import { useState } from \\'react\\';\\rΓÇª' to contain 'to=\"/student\"'\n    at C:/Users/shiva/OneDrive/Documents/GitHub/QUIZ-/src/components/StudentNavbar.test.ts:71:24\n    at file:///C:/Users/shiva/OneDrive/Documents/GitHub/QUIZ-/node_modules/@vitest/runner/dist/index.js:296:11\n    at file:///C:/Users/shiva/OneDrive/Documents/GitHub/QUIZ-/node_modules/@vitest/runner/dist/index.js:1258:26\n    at file:///C:/Users/shiva/OneDrive/Documents/GitHub/QUIZ-/node_modules/@vitest/runner/dist/index.js:1681:20\n    at new Promise (<anonymous>)\n    at runWithCancel (file:///C:/Users/shiva/OneDrive/Documents/GitHub/QUIZ-/node_modules/@vitest/runner/dist/index.js:1678:10)\n    at file:///C:/Users/shiva/OneDrive/Documents/GitHub/QUIZ-/node_modules/@vitest/runner/dist/index.js:1660:20\n    at new Promise (<anonymous>)\n    at runWithTimeout (file:///C:/Users/shiva/OneDrive/Documents/GitHub/QUIZ-/node_modules/@vitest/runner/dist/index.js:1627:10)\n    at file:///C:/Users/shiva/OneDrive/Documents/GitHub/QUIZ-/node_modules/@vitest/runner/dist/index.js:2309:64"],"meta":{},"tags":[]},{"ancestorTitles":["StudentNavbar ΓÇô Join Live Game button (Requirement 8.4)"],"fullName":"StudentNavbar ΓÇô Join Live Game button (Requirement 8.4) includes a Join Live Game link to /join","status":"failed","title":"includes a Join Live Game link to /join","duration":14.01039999999989,"failureMessages":["AssertionError: expected 'import { useState } from \\'react\\';\\rΓÇª' to contain 'Join Live Game'\n    at C:/Users/shiva/OneDrive/Documents/GitHub/QUIZ-/src/components/StudentNavbar.test.ts:78:24\n    at file:///C:/Users/shiva/OneDrive/Documents/GitHub/QUIZ-/node_modules/@vitest/runner/dist/index.js:296:11\n    at file:///C:/Users/shiva/OneDrive/Documents/GitHub/QUIZ-/node_modules/@vitest/runner/dist/index.js:1258:26\n    at file:///C:/Users/shiva/OneDrive/Documents/GitHub/QUIZ-/node_modules/@vitest/runner/dist/index.js:1681:20\n    at new Promise (<anonymous>)\n    at runWithCancel (file:///C:/Users/shiva/OneDrive/Documents/GitHub/QUIZ-/node_modules/@vitest/runner/dist/index.js:1678:10)\n    at file:///C:/Users/shiva/OneDrive/Documents/GitHub/QUIZ-/node_modules/@vitest/runner/dist/index.js:1660:20\n    at new Promise (<anonymous>)\n    at runWithTimeout (file:///C:/Users/shiva/OneDrive/Documents/GitHub/QUIZ-/node_modules/@vitest/runner/dist/index.js:1627:10)\n    at file:///C:/Users/shiva/OneDrive/Documents/GitHub/QUIZ-/node_modules/@vitest/runner/dist/index.js:2309:64"],"meta":{},"tags":[]},{"ancestorTitles":["StudentNavbar ΓÇô mobile hamburger menu (Requirement 8.6)"],"fullName":"StudentNavbar ΓÇô mobile hamburger menu (Requirement 8.6) has hamburger menu state","status":"passed","title":"has hamburger menu state","duration":0.6809000000000651,"failureMessages":[],"meta":{},"tags":[]},{"ancestorTitles":["StudentNavbar ΓÇô mobile hamburger menu (Requirement 8.6)"],"fullName":"StudentNavbar ΓÇô mobile hamburger menu (Requirement 8.6) renders a mobile menu when open","status":"failed","title":"renders a mobile menu when open","duration":8.974199999999996,"failureMessages":["AssertionError: expected 'import { useState } from \\'react\\';\\rΓÇª' to contain 'data-testid=\"mobile-menu\"'\n    at C:/Users/shiva/OneDrive/Documents/GitHub/QUIZ-/src/components/StudentNavbar.test.ts:91:24\n    at file:///C:/Users/shiva/OneDrive/Documents/GitHub/QUIZ-/node_modules/@vitest/runner/dist/index.js:296:11\n    at file:///C:/Users/shiva/OneDrive/Documents/GitHub/QUIZ-/node_modules/@vitest/runner/dist/index.js:1258:26\n    at file:///C:/Users/shiva/OneDrive/Documents/GitHub/QUIZ-/node_modules/@vitest/runner/dist/index.js:1681:20\n    at new Promise (<anonymous>)\n    at runWithCancel (file:///C:/Users/shiva/OneDrive/Documents/GitHub/QUIZ-/node_modules/@vitest/runner/dist/index.js:1678:10)\n    at file:///C:/Users/shiva/OneDrive/Documents/GitHub/QUIZ-/node_modules/@vitest/runner/dist/index.js:1660:20\n    at new Promise (<anonymous>)\n    at runWithTimeout (file:///C:/Users/shiva/OneDrive/Documents/GitHub/QUIZ-/node_modules/@vitest/runner/dist/index.js:1627:10)\n    at file:///C:/Users/shiva/OneDrive/Documents/GitHub/QUIZ-/node_modules/@vitest/runner/dist/index.js:2309:64"],"meta":{},"tags":[]},{"ancestorTitles":["StudentNavbar ΓÇô mobile hamburger menu (Requirement 8.6)"],"fullName":"StudentNavbar ΓÇô mobile hamburger menu (Requirement 8.6) renders a hamburger toggle button","status":"failed","title":"renders a hamburger toggle button","duration":7.1798,"failureMessages":["AssertionError: expected 'import { useState } from \\'react\\';\\rΓÇª' to contain 'data-testid=\"hamburger-button\"'\n    at C:/Users/shiva/OneDrive/Documents/GitHub/QUIZ-/src/components/StudentNavbar.test.ts:95:24\n    at file:///C:/Users/shiva/OneDrive/Documents/GitHub/QUIZ-/node_modules/@vitest/runner/dist/index.js:296:11\n    at file:///C:/Users/shiva/OneDrive/Documents/GitHub/QUIZ-/node_modules/@vitest/runner/dist/index.js:1258:26\n    at file:///C:/Users/shiva/OneDrive/Documents/GitHub/QUIZ-/node_modules/@vitest/runner/dist/index.js:1681:20\n    at new Promise (<anonymous>)\n    at runWithCancel (file:///C:/Users/shiva/OneDrive/Documents/GitHub/QUIZ-/node_modules/@vitest/runner/dist/index.js:1678:10)\n    at file:///C:/Users/shiva/OneDrive/Documents/GitHub/QUIZ-/node_modules/@vitest/runner/dist/index.js:1660:20\n    at new Promise (<anonymous>)\n    at runWithTimeout (file:///C:/Users/shiva/OneDrive/Documents/GitHub/QUIZ-/node_modules/@vitest/runner/dist/index.js:1627:10)\n    at file:///C:/Users/shiva/OneDrive/Documents/GitHub/QUIZ-/node_modules/@vitest/runner/dist/index.js:2309:64"],"meta":{},"tags":[]},{"ancestorTitles":["StudentNavbar ΓÇô Reports link (Requirements 1.1, 1.2, 1.3, 1.4)"],"fullName":"StudentNavbar ΓÇô Reports link (Requirements 1.1, 1.2, 1.3, 1.4) includes a Reports link to /student/reports in desktop nav","status":"failed","title":"includes a Reports link to /student/reports in desktop nav","duration":4.3554000000000315,"failureMessages":["AssertionError: expected 'import { useState } from \\'react\\';\\rΓÇª' to contain 'to=\"/student/reports\"'\n    at C:/Users/shiva/OneDrive/Documents/GitHub/QUIZ-/src/components/StudentNavbar.test.ts:108:24\n    at file:///C:/Users/shiva/OneDrive/Documents/GitHub/QUIZ-/node_modules/@vitest/runner/dist/index.js:296:11\n    at file:///C:/Users/shiva/OneDrive/Documents/GitHub/QUIZ-/node_modules/@vitest/runner/dist/index.js:1258:26\n    at file:///C:/Users/shiva/OneDrive/Documents/GitHub/QUIZ-/node_modules/@vitest/runner/dist/index.js:1681:20\n    at new Promise (<anonymous>)\n    at runWithCancel (file:///C:/Users/shiva/OneDrive/Documents/GitHub/QUIZ-/node_modules/@vitest/runner/dist/index.js:1678:10)\n    at file:///C:/Users/shiva/OneDrive/Documents/GitHub/QUIZ-/node_modules/@vitest/runner/dist/index.js:1660:20\n    at new Promise (<anonymous>)\n    at runWithTimeout (file:///C:/Users/shiva/OneDrive/Documents/GitHub/QUIZ-/node_modules/@vitest/runner/dist/index.js:1627:10)\n    at file:///C:/Users/shiva/OneDrive/Documents/GitHub/QUIZ-/node_modules/@vitest/runner/dist/index.js:2309:64"],"meta":{},"tags":[]},{"ancestorTitles":["StudentNavbar ΓÇô Reports link (Requirements 1.1, 1.2, 1.3, 1.4)"],"fullName":"StudentNavbar ΓÇô Reports link (Requirements 1.1, 1.2, 1.3, 1.4) accepts an optional activePage prop","status":"passed","title":"accepts an optional activePage prop","duration":0.25679999999999836,"failureMessages":[],"meta":{},"tags":[]},{"ancestorTitles":["StudentNavbar ΓÇô Reports link (Requirements 1.1, 1.2, 1.3, 1.4)"],"fullName":"StudentNavbar ΓÇô Reports link (Requirements 1.1, 1.2, 1.3, 1.4) applies active color when activePage is reports","status":"failed","title":"applies active color when activePage is reports","duration":4.932900000000018,"failureMessages":["AssertionError: expected 'import { useState } from \\'react\\';\\rΓÇª' to contain '#6366F1'\n    at C:/Users/shiva/OneDrive/Documents/GitHub/QUIZ-/src/components/StudentNavbar.test.ts:117:24\n    at file:///C:/Users/shiva/OneDrive/Documents/GitHub/QUIZ-/node_modules/@vitest/runner/dist/index.js:296:11\n    at file:///C:/Users/shiva/OneDrive/Documents/GitHub/QUIZ-/node_modules/@vitest/runner/dist/index.js:1258:26\n    at file:///C:/Users/shiva/OneDrive/Documents/GitHub/QUIZ-/node_modules/@vitest/runner/dist/index.js:1681:20\n    at new Promise (<anonymous>)\n    at runWithCancel (file:///C:/Users/shiva/OneDrive/Documents/GitHub/QUIZ-/node_modules/@vitest/runner/dist/index.js:1678:10)\n    at file:///C:/Users/shiva/OneDrive/Documents/GitHub/QUIZ-/node_modules/@vitest/runner/dist/index.js:1660:20\n    at new Promise (<anonymous>)\n    at runWithTimeout (file:///C:/Users/shiva/OneDrive/Documents/GitHub/QUIZ-/node_modules/@vitest/runner/dist/index.js:1627:10)\n    at file:///C:/Users/shiva/OneDrive/Documents/GitHub/QUIZ-/node_modules/@vitest/runner/dist/index.js:2309:64"],"meta":{},"tags":[]},{"ancestorTitles":["StudentNavbar ΓÇô Reports link (Requirements 1.1, 1.2, 1.3, 1.4)"],"fullName":"StudentNavbar ΓÇô Reports link (Requirements 1.1, 1.2, 1.3, 1.4) applies active border when activePage is reports","status":"failed","title":"applies active border when activePage is reports","duration":7.763500000000022,"failureMessages":["AssertionError: expected 'import { useState } from \\'react\\';\\rΓÇª' to contain '2px solid #6366F1'\n    at C:/Users/shiva/OneDrive/Documents/GitHub/QUIZ-/src/components/StudentNavbar.test.ts:121:24\n    at file:///C:/Users/shiva/OneDrive/Documents/GitHub/QUIZ-/node_modules/@vitest/runner/dist/index.js:296:11\n    at file:///C:/Users/shiva/OneDrive/Documents/GitHub/QUIZ-/node_modules/@vitest/runner/dist/index.js:1258:26\n    at file:///C:/Users/shiva/OneDrive/Documents/GitHub/QUIZ-/node_modules/@vitest/runner/dist/index.js:1681:20\n    at new Promise (<anonymous>)\n    at runWithCancel (file:///C:/Users/shiva/OneDrive/Documents/GitHub/QUIZ-/node_modules/@vitest/runner/dist/index.js:1678:10)\n    at file:///C:/Users/shiva/OneDrive/Documents/GitHub/QUIZ-/node_modules/@vitest/runner/dist/index.js:1660:20\n    at new Promise (<anonymous>)\n    at runWithTimeout (file:///C:/Users/shiva/OneDrive/Documents/GitHub/QUIZ-/node_modules/@vitest/runner/dist/index.js:1627:10)\n    at file:///C:/Users/shiva/OneDrive/Documents/GitHub/QUIZ-/node_modules/@vitest/runner/dist/index.js:2309:64"],"meta":{},"tags":[]},{"ancestorTitles":["StudentNavbar ΓÇô Reports link (Requirements 1.1, 1.2, 1.3, 1.4)"],"fullName":"StudentNavbar ΓÇô Reports link (Requirements 1.1, 1.2, 1.3, 1.4) includes Reports link in mobile menu","status":"failed","title":"includes Reports link in mobile menu","duration":1.6648000000000138,"failureMessages":["AssertionError: expected 0 to be greater than or equal to 2\n    at C:/Users/shiva/OneDrive/Documents/GitHub/QUIZ-/src/components/StudentNavbar.test.ts:127:33\n    at file:///C:/Users/shiva/OneDrive/Documents/GitHub/QUIZ-/node_modules/@vitest/runner/dist/index.js:296:11\n    at file:///C:/Users/shiva/OneDrive/Documents/GitHub/QUIZ-/node_modules/@vitest/runner/dist/index.js:1258:26\n    at file:///C:/Users/shiva/OneDrive/Documents/GitHub/QUIZ-/node_modules/@vitest/runner/dist/index.js:1681:20\n    at new Promise (<anonymous>)\n    at runWithCancel (file:///C:/Users/shiva/OneDrive/Documents/GitHub/QUIZ-/node_modules/@vitest/runner/dist/index.js:1678:10)\n    at file:///C:/Users/shiva/OneDrive/Documents/GitHub/QUIZ-/node_modules/@vitest/runner/dist/index.js:1660:20\n    at new Promise (<anonymous>)\n    at runWithTimeout (file:///C:/Users/shiva/OneDrive/Documents/GitHub/QUIZ-/node_modules/@vitest/runner/dist/index.js:1627:10)\n    at file:///C:/Users/shiva/OneDrive/Documents/GitHub/QUIZ-/node_modules/@vitest/runner/dist/index.js:2309:64"],"meta":{},"tags":[]},{"ancestorTitles":["StudentNavbar ΓÇô Library link (Requirement 3.1)"],"fullName":"StudentNavbar ΓÇô Library link (Requirement 3.1) navLinks array contains a Library entry pointing to /student/library","status":"passed","title":"navLinks array contains a Library entry pointing to /student/library","duration":0.23620000000005348,"failureMessages":[],"meta":{},"tags":[]},{"ancestorTitles":["StudentNavbar ΓÇô Library link (Requirement 3.1)"],"fullName":"StudentNavbar ΓÇô Library link (Requirement 3.1) Library link uses the Library icon from lucide-react","status":"failed","title":"Library link uses the Library icon from lucide-react","duration":2.8619999999999663,"failureMessages":["AssertionError: expected 'import { useState } from \\'react\\';\\rΓÇª' to contain 'Library,'\n    at C:/Users/shiva/OneDrive/Documents/GitHub/QUIZ-/src/components/StudentNavbar.test.ts:144:24\n    at file:///C:/Users/shiva/OneDrive/Documents/GitHub/QUIZ-/node_modules/@vitest/runner/dist/index.js:296:11\n    at file:///C:/Users/shiva/OneDrive/Documents/GitHub/QUIZ-/node_modules/@vitest/runner/dist/index.js:1258:26\n    at file:///C:/Users/shiva/OneDrive/Documents/GitHub/QUIZ-/node_modules/@vitest/runner/dist/index.js:1681:20\n    at new Promise (<anonymous>)\n    at runWithCancel (file:///C:/Users/shiva/OneDrive/Documents/GitHub/QUIZ-/node_modules/@vitest/runner/dist/index.js:1678:10)\n    at file:///C:/Users/shiva/OneDrive/Documents/GitHub/QUIZ-/node_modules/@vitest/runner/dist/index.js:1660:20\n    at new Promise (<anonymous>)\n    at runWithTimeout (file:///C:/Users/shiva/OneDrive/Documents/GitHub/QUIZ-/node_modules/@vitest/runner/dist/index.js:1627:10)\n    at file:///C:/Users/shiva/OneDrive/Documents/GitHub/QUIZ-/node_modules/@vitest/runner/dist/index.js:2309:64"],"meta":{},"tags":[]}],"startTime":1775285470027,"endTime":1775285470103.862,"status":"failed","message":"","name":"C:/Users/shiva/OneDrive/Documents/GitHub/QUIZ-/src/components/StudentNavbar.test.ts"},{"assertionResults":[{"ancestorTitles":["StudentRoute ΓÇô unauthenticated user (Requirement 2.6)"],"fullName":"StudentRoute ΓÇô unauthenticated user (Requirement 2.6) redirects to /login when user is not authenticated","status":"passed","title":"redirects to /login when user is not authenticated","duration":1.7893999999998869,"failureMessages":[],"meta":{},"tags":[]},{"ancestorTitles":["StudentRoute ΓÇô unauthenticated user (Requirement 2.6)"],"fullName":"StudentRoute ΓÇô unauthenticated user (Requirement 2.6) uses Navigate for the redirect","status":"passed","title":"uses Navigate for the redirect","duration":0.205600000000004,"failureMessages":[],"meta":{},"tags":[]},{"ancestorTitles":["StudentRoute ΓÇô unauthenticated user (Requirement 2.6)"],"fullName":"StudentRoute ΓÇô unauthenticated user (Requirement 2.6) checks for absence of user before redirecting to login","status":"passed","title":"checks for absence of user before redirecting to login","duration":0.18699999999989814,"failureMessages":[],"meta":{},"tags":[]},{"ancestorTitles":["StudentRoute ΓÇô teacher role (Requirement 2.5)"],"fullName":"StudentRoute ΓÇô teacher role (Requirement 2.5) redirects to /teacher when role is teacher","status":"passed","title":"redirects to /teacher when role is teacher","duration":0.19110000000000582,"failureMessages":[],"meta":{},"tags":[]},{"ancestorTitles":["StudentRoute ΓÇô teacher role (Requirement 2.5)"],"fullName":"StudentRoute ΓÇô teacher role (Requirement 2.5) checks userProfile role for teacher","status":"failed","title":"checks userProfile role for teacher","duration":12.455899999999929,"failureMessages":["AssertionError: expected 'import type { ReactNode } from \\'reacΓÇª' to contain 'role === \\'teacher\\''\n    at C:/Users/shiva/OneDrive/Documents/GitHub/QUIZ-/src/components/StudentRoute.test.ts:37:24\n    at file:///C:/Users/shiva/OneDrive/Documents/GitHub/QUIZ-/node_modules/@vitest/runner/dist/index.js:296:11\n    at file:///C:/Users/shiva/OneDrive/Documents/GitHub/QUIZ-/node_modules/@vitest/runner/dist/index.js:1258:26\n    at file:///C:/Users/shiva/OneDrive/Documents/GitHub/QUIZ-/node_modules/@vitest/runner/dist/index.js:1681:20\n    at new Promise (<anonymous>)\n    at runWithCancel (file:///C:/Users/shiva/OneDrive/Documents/GitHub/QUIZ-/node_modules/@vitest/runner/dist/index.js:1678:10)\n    at file:///C:/Users/shiva/OneDrive/Documents/GitHub/QUIZ-/node_modules/@vitest/runner/dist/index.js:1660:20\n    at new Promise (<anonymous>)\n    at runWithTimeout (file:///C:/Users/shiva/OneDrive/Documents/GitHub/QUIZ-/node_modules/@vitest/runner/dist/index.js:1627:10)\n    at file:///C:/Users/shiva/OneDrive/Documents/GitHub/QUIZ-/node_modules/@vitest/runner/dist/index.js:2309:64"],"meta":{},"tags":[]},{"ancestorTitles":["StudentRoute ΓÇô authenticated student"],"fullName":"StudentRoute ΓÇô authenticated student renders children for authenticated students","status":"passed","title":"renders children for authenticated students","duration":0.3768000000000029,"failureMessages":[],"meta":{},"tags":[]},{"ancestorTitles":["StudentRoute ΓÇô authenticated student"],"fullName":"StudentRoute ΓÇô authenticated student uses replace on Navigate redirects","status":"passed","title":"uses replace on Navigate redirects","duration":0.3161999999999807,"failureMessages":[],"meta":{},"tags":[]},{"ancestorTitles":["StudentRoute ΓÇô authenticated student"],"fullName":"StudentRoute ΓÇô authenticated student handles loading state","status":"passed","title":"handles loading state","duration":0.2799999999999727,"failureMessages":[],"meta":{},"tags":[]},{"ancestorTitles":["StudentRoute ΓÇô component structure"],"fullName":"StudentRoute ΓÇô component structure imports useAuth hook","status":"passed","title":"imports useAuth hook","duration":0.3198000000002139,"failureMessages":[],"meta":{},"tags":[]},{"ancestorTitles":["StudentRoute ΓÇô component structure"],"fullName":"StudentRoute ΓÇô component structure imports Navigate from react-router-dom","status":"passed","title":"imports Navigate from react-router-dom","duration":0.4025000000001455,"failureMessages":[],"meta":{},"tags":[]},{"ancestorTitles":["StudentRoute ΓÇô component structure"],"fullName":"StudentRoute ΓÇô component structure exports StudentRoute function","status":"passed","title":"exports StudentRoute function","duration":0.2237999999999829,"failureMessages":[],"meta":{},"tags":[]},{"ancestorTitles":["PRESERVATION 5.4 ΓÇö StudentRoute: unauthenticated user redirects to /login"],"fullName":"PRESERVATION 5.4 ΓÇö StudentRoute: unauthenticated user redirects to /login source contains Navigate redirect to /login","status":"passed","title":"source contains Navigate redirect to /login","duration":0.19100000000003092,"failureMessages":[],"meta":{},"tags":[]},{"ancestorTitles":["PRESERVATION 5.4 ΓÇö StudentRoute: unauthenticated user redirects to /login"],"fullName":"PRESERVATION 5.4 ΓÇö StudentRoute: unauthenticated user redirects to /login source checks !user before redirecting to /login","status":"passed","title":"source checks !user before redirecting to /login","duration":0.1410000000000764,"failureMessages":[],"meta":{},"tags":[]},{"ancestorTitles":["PRESERVATION 5.4 ΓÇö StudentRoute: unauthenticated user redirects to /login"],"fullName":"PRESERVATION 5.4 ΓÇö StudentRoute: unauthenticated user redirects to /login Property ΓÇö unauthenticated state always maps to /login redirect","status":"passed","title":"Property ΓÇö unauthenticated state always maps to /login redirect","duration":4.888300000000072,"failureMessages":[],"meta":{},"tags":[]},{"ancestorTitles":["PRESERVATION 5.5 ΓÇö StudentRoute: teacher redirects to /teacher"],"fullName":"PRESERVATION 5.5 ΓÇö StudentRoute: teacher redirects to /teacher source contains Navigate redirect to /teacher","status":"passed","title":"source contains Navigate redirect to /teacher","duration":0.27779999999984284,"failureMessages":[],"meta":{},"tags":[]},{"ancestorTitles":["PRESERVATION 5.5 ΓÇö StudentRoute: teacher redirects to /teacher"],"fullName":"PRESERVATION 5.5 ΓÇö StudentRoute: teacher redirects to /teacher source checks userProfile role for 'teacher'","status":"failed","title":"source checks userProfile role for 'teacher'","duration":4.108899999999949,"failureMessages":["AssertionError: expected 'import type { ReactNode } from \\'reacΓÇª' to contain 'role === \\'teacher\\''\n    at C:/Users/shiva/OneDrive/Documents/GitHub/QUIZ-/src/components/StudentRoute.test.ts:121:24\n    at file:///C:/Users/shiva/OneDrive/Documents/GitHub/QUIZ-/node_modules/@vitest/runner/dist/index.js:296:11\n    at file:///C:/Users/shiva/OneDrive/Documents/GitHub/QUIZ-/node_modules/@vitest/runner/dist/index.js:1258:26\n    at file:///C:/Users/shiva/OneDrive/Documents/GitHub/QUIZ-/node_modules/@vitest/runner/dist/index.js:1681:20\n    at new Promise (<anonymous>)\n    at runWithCancel (file:///C:/Users/shiva/OneDrive/Documents/GitHub/QUIZ-/node_modules/@vitest/runner/dist/index.js:1678:10)\n    at file:///C:/Users/shiva/OneDrive/Documents/GitHub/QUIZ-/node_modules/@vitest/runner/dist/index.js:1660:20\n    at new Promise (<anonymous>)\n    at runWithTimeout (file:///C:/Users/shiva/OneDrive/Documents/GitHub/QUIZ-/node_modules/@vitest/runner/dist/index.js:1627:10)\n    at file:///C:/Users/shiva/OneDrive/Documents/GitHub/QUIZ-/node_modules/@vitest/runner/dist/index.js:2309:64"],"meta":{},"tags":[]},{"ancestorTitles":["PRESERVATION 5.5 ΓÇö StudentRoute: teacher redirects to /teacher"],"fullName":"PRESERVATION 5.5 ΓÇö StudentRoute: teacher redirects to /teacher getRedirectPath maps teacher role to /teacher","status":"passed","title":"getRedirectPath maps teacher role to /teacher","duration":0.41599999999994,"failureMessages":[],"meta":{},"tags":[]},{"ancestorTitles":["PRESERVATION 5.5 ΓÇö StudentRoute: teacher redirects to /teacher"],"fullName":"PRESERVATION 5.5 ΓÇö StudentRoute: teacher redirects to /teacher Property ΓÇö teacher role always maps to /teacher redirect in StudentRoute","status":"passed","title":"Property ΓÇö teacher role always maps to /teacher redirect in StudentRoute","duration":35.60979999999995,"failureMessages":[],"meta":{},"tags":[]},{"ancestorTitles":["PRESERVATION 5.6 ΓÇö StudentRoute: student renders children"],"fullName":"PRESERVATION 5.6 ΓÇö StudentRoute: student renders children source renders children for authenticated students","status":"passed","title":"source renders children for authenticated students","duration":0.3426999999999225,"failureMessages":[],"meta":{},"tags":[]},{"ancestorTitles":["PRESERVATION 5.6 ΓÇö StudentRoute: student renders children"],"fullName":"PRESERVATION 5.6 ΓÇö StudentRoute: student renders children source does not redirect students (no to=\"/student/dashboard\" in StudentRoute)","status":"passed","title":"source does not redirect students (no to=\"/student/dashboard\" in StudentRoute)","duration":0.45080000000007203,"failureMessages":[],"meta":{},"tags":[]},{"ancestorTitles":["PRESERVATION 5.6 ΓÇö StudentRoute: student renders children"],"fullName":"PRESERVATION 5.6 ΓÇö StudentRoute: student renders children source returns children as a fragment","status":"passed","title":"source returns children as a fragment","duration":0.22890000000006694,"failureMessages":[],"meta":{},"tags":[]},{"ancestorTitles":["PRESERVATION 5.6 ΓÇö StudentRoute: student renders children"],"fullName":"PRESERVATION 5.6 ΓÇö StudentRoute: student renders children Property ΓÇö student role passes through StudentRoute (no redirect)","status":"passed","title":"Property ΓÇö student role passes through StudentRoute (no redirect)","duration":8.100799999999936,"failureMessages":[],"meta":{},"tags":[]}],"startTime":1775285470538,"endTime":1775285470611.1008,"status":"failed","message":"","name":"C:/Users/shiva/OneDrive/Documents/GitHub/QUIZ-/src/components/StudentRoute.test.ts"},{"assertionResults":[{"ancestorTitles":["TeacherSidebar navItems ΓÇô count and labels"],"fullName":"TeacherSidebar navItems ΓÇô count and labels has exactly four nav items","status":"failed","title":"has exactly four nav items","duration":5.956000000000131,"failureMessages":["AssertionError: Target cannot be null or undefined.\n    at Proxy.<anonymous> (file:///C:/Users/shiva/OneDrive/Documents/GitHub/QUIZ-/node_modules/@vitest/expect/dist/index.js:1384:20)\n    at Proxy.<anonymous> (file:///C:/Users/shiva/OneDrive/Documents/GitHub/QUIZ-/node_modules/@vitest/expect/dist/index.js:1151:15)\n    at Proxy.methodWrapper (file:///C:/Users/shiva/OneDrive/Documents/GitHub/QUIZ-/node_modules/chai/index.js:1700:25)\n    at C:/Users/shiva/OneDrive/Documents/GitHub/QUIZ-/src/components/TeacherSidebar.test.ts:19:22\n    at file:///C:/Users/shiva/OneDrive/Documents/GitHub/QUIZ-/node_modules/@vitest/runner/dist/index.js:296:11\n    at file:///C:/Users/shiva/OneDrive/Documents/GitHub/QUIZ-/node_modules/@vitest/runner/dist/index.js:1258:26\n    at file:///C:/Users/shiva/OneDrive/Documents/GitHub/QUIZ-/node_modules/@vitest/runner/dist/index.js:1681:20\n    at new Promise (<anonymous>)\n    at runWithCancel (file:///C:/Users/shiva/OneDrive/Documents/GitHub/QUIZ-/node_modules/@vitest/runner/dist/index.js:1678:10)\n    at file:///C:/Users/shiva/OneDrive/Documents/GitHub/QUIZ-/node_modules/@vitest/runner/dist/index.js:1660:20"],"meta":{},"tags":[]},{"ancestorTitles":["TeacherSidebar navItems ΓÇô count and labels"],"fullName":"TeacherSidebar navItems ΓÇô count and labels contains the correct labels in order","status":"failed","title":"contains the correct labels in order","duration":0.6923000000001593,"failureMessages":["TypeError: Cannot read properties of undefined (reading 'map')\n    at C:/Users/shiva/OneDrive/Documents/GitHub/QUIZ-/src/components/TeacherSidebar.test.ts:23:29\n    at file:///C:/Users/shiva/OneDrive/Documents/GitHub/QUIZ-/node_modules/@vitest/runner/dist/index.js:296:11\n    at file:///C:/Users/shiva/OneDrive/Documents/GitHub/QUIZ-/node_modules/@vitest/runner/dist/index.js:1258:26\n    at file:///C:/Users/shiva/OneDrive/Documents/GitHub/QUIZ-/node_modules/@vitest/runner/dist/index.js:1681:20\n    at new Promise (<anonymous>)\n    at runWithCancel (file:///C:/Users/shiva/OneDrive/Documents/GitHub/QUIZ-/node_modules/@vitest/runner/dist/index.js:1678:10)\n    at file:///C:/Users/shiva/OneDrive/Documents/GitHub/QUIZ-/node_modules/@vitest/runner/dist/index.js:1660:20\n    at new Promise (<anonymous>)\n    at runWithTimeout (file:///C:/Users/shiva/OneDrive/Documents/GitHub/QUIZ-/node_modules/@vitest/runner/dist/index.js:1627:10)\n    at file:///C:/Users/shiva/OneDrive/Documents/GitHub/QUIZ-/node_modules/@vitest/runner/dist/index.js:2309:64"],"meta":{},"tags":[]},{"ancestorTitles":["TeacherSidebar navItems ΓÇô count and labels"],"fullName":"TeacherSidebar navItems ΓÇô count and labels does not contain a \"Students\" item","status":"failed","title":"does not contain a \"Students\" item","duration":0.4544999999998254,"failureMessages":["TypeError: Cannot read properties of undefined (reading 'some')\n    at C:/Users/shiva/OneDrive/Documents/GitHub/QUIZ-/src/components/TeacherSidebar.test.ts:28:34\n    at file:///C:/Users/shiva/OneDrive/Documents/GitHub/QUIZ-/node_modules/@vitest/runner/dist/index.js:296:11\n    at file:///C:/Users/shiva/OneDrive/Documents/GitHub/QUIZ-/node_modules/@vitest/runner/dist/index.js:1258:26\n    at file:///C:/Users/shiva/OneDrive/Documents/GitHub/QUIZ-/node_modules/@vitest/runner/dist/index.js:1681:20\n    at new Promise (<anonymous>)\n    at runWithCancel (file:///C:/Users/shiva/OneDrive/Documents/GitHub/QUIZ-/node_modules/@vitest/runner/dist/index.js:1678:10)\n    at file:///C:/Users/shiva/OneDrive/Documents/GitHub/QUIZ-/node_modules/@vitest/runner/dist/index.js:1660:20\n    at new Promise (<anonymous>)\n    at runWithTimeout (file:///C:/Users/shiva/OneDrive/Documents/GitHub/QUIZ-/node_modules/@vitest/runner/dist/index.js:1627:10)\n    at file:///C:/Users/shiva/OneDrive/Documents/GitHub/QUIZ-/node_modules/@vitest/runner/dist/index.js:2309:64"],"meta":{},"tags":[]},{"ancestorTitles":["TeacherSidebar navItems ΓÇô count and labels"],"fullName":"TeacherSidebar navItems ΓÇô count and labels Property 1 ΓÇô every label is one of the four expected labels","status":"failed","title":"Property 1 ΓÇô every label is one of the four expected labels","duration":0.45109999999976935,"failureMessages":["TypeError: __vite_ssr_import_2__.navItems is not iterable (cannot read property undefined)\n    at C:/Users/shiva/OneDrive/Documents/GitHub/QUIZ-/src/components/TeacherSidebar.test.ts:35:22\n    at file:///C:/Users/shiva/OneDrive/Documents/GitHub/QUIZ-/node_modules/@vitest/runner/dist/index.js:296:11\n    at file:///C:/Users/shiva/OneDrive/Documents/GitHub/QUIZ-/node_modules/@vitest/runner/dist/index.js:1258:26\n    at file:///C:/Users/shiva/OneDrive/Documents/GitHub/QUIZ-/node_modules/@vitest/runner/dist/index.js:1681:20\n    at new Promise (<anonymous>)\n    at runWithCancel (file:///C:/Users/shiva/OneDrive/Documents/GitHub/QUIZ-/node_modules/@vitest/runner/dist/index.js:1678:10)\n    at file:///C:/Users/shiva/OneDrive/Documents/GitHub/QUIZ-/node_modules/@vitest/runner/dist/index.js:1660:20\n    at new Promise (<anonymous>)\n    at runWithTimeout (file:///C:/Users/shiva/OneDrive/Documents/GitHub/QUIZ-/node_modules/@vitest/runner/dist/index.js:1627:10)\n    at file:///C:/Users/shiva/OneDrive/Documents/GitHub/QUIZ-/node_modules/@vitest/runner/dist/index.js:2309:64"],"meta":{},"tags":[]},{"ancestorTitles":["TeacherSidebar navItems ΓÇô paths"],"fullName":"TeacherSidebar navItems ΓÇô paths each item links to the correct path","status":"failed","title":"each item links to the correct path","duration":0.40419999999994616,"failureMessages":["TypeError: Cannot read properties of undefined (reading 'find')\n    at C:/Users/shiva/OneDrive/Documents/GitHub/QUIZ-/src/components/TeacherSidebar.test.ts:51:29\n    at Array.forEach (<anonymous>)\n    at C:/Users/shiva/OneDrive/Documents/GitHub/QUIZ-/src/components/TeacherSidebar.test.ts:50:20\n    at file:///C:/Users/shiva/OneDrive/Documents/GitHub/QUIZ-/node_modules/@vitest/runner/dist/index.js:296:11\n    at file:///C:/Users/shiva/OneDrive/Documents/GitHub/QUIZ-/node_modules/@vitest/runner/dist/index.js:1258:26\n    at file:///C:/Users/shiva/OneDrive/Documents/GitHub/QUIZ-/node_modules/@vitest/runner/dist/index.js:1681:20\n    at new Promise (<anonymous>)\n    at runWithCancel (file:///C:/Users/shiva/OneDrive/Documents/GitHub/QUIZ-/node_modules/@vitest/runner/dist/index.js:1678:10)\n    at file:///C:/Users/shiva/OneDrive/Documents/GitHub/QUIZ-/node_modules/@vitest/runner/dist/index.js:1660:20\n    at new Promise (<anonymous>)"],"meta":{},"tags":[]},{"ancestorTitles":["TeacherSidebar navItems ΓÇô paths"],"fullName":"TeacherSidebar navItems ΓÇô paths Property 2 ΓÇô every item path matches its expected path","status":"failed","title":"Property 2 ΓÇô every item path matches its expected path","duration":0.36189999999987776,"failureMessages":["TypeError: __vite_ssr_import_2__.navItems is not iterable (cannot read property undefined)\n    at C:/Users/shiva/OneDrive/Documents/GitHub/QUIZ-/src/components/TeacherSidebar.test.ts:60:22\n    at file:///C:/Users/shiva/OneDrive/Documents/GitHub/QUIZ-/node_modules/@vitest/runner/dist/index.js:296:11\n    at file:///C:/Users/shiva/OneDrive/Documents/GitHub/QUIZ-/node_modules/@vitest/runner/dist/index.js:1258:26\n    at file:///C:/Users/shiva/OneDrive/Documents/GitHub/QUIZ-/node_modules/@vitest/runner/dist/index.js:1681:20\n    at new Promise (<anonymous>)\n    at runWithCancel (file:///C:/Users/shiva/OneDrive/Documents/GitHub/QUIZ-/node_modules/@vitest/runner/dist/index.js:1678:10)\n    at file:///C:/Users/shiva/OneDrive/Documents/GitHub/QUIZ-/node_modules/@vitest/runner/dist/index.js:1660:20\n    at new Promise (<anonymous>)\n    at runWithTimeout (file:///C:/Users/shiva/OneDrive/Documents/GitHub/QUIZ-/node_modules/@vitest/runner/dist/index.js:1627:10)\n    at file:///C:/Users/shiva/OneDrive/Documents/GitHub/QUIZ-/node_modules/@vitest/runner/dist/index.js:2309:64"],"meta":{},"tags":[]}],"startTime":1775285472582,"endTime":1775285472591.3618,"status":"failed","message":"","name":"C:/Users/shiva/OneDrive/Documents/GitHub/QUIZ-/src/components/TeacherSidebar.test.ts"},{"assertionResults":[{"ancestorTitles":["PRESERVATION 5.7 ΓÇö signOut clears localStorage role and sets user to null"],"fullName":"PRESERVATION 5.7 ΓÇö signOut clears localStorage role and sets user to null source calls localStorage.removeItem with userRole key on sign-out","status":"failed","title":"source calls localStorage.removeItem with userRole key on sign-out","duration":21.453799999999887,"failureMessages":["AssertionError: expected 'import { createContext, useContext, uΓÇª' to contain 'localStorage.removeItem(\\'userRole\\')'\n    at C:/Users/shiva/OneDrive/Documents/GitHub/QUIZ-/src/contexts/AuthContext.test.ts:21:24\n    at file:///C:/Users/shiva/OneDrive/Documents/GitHub/QUIZ-/node_modules/@vitest/runner/dist/index.js:296:11\n    at file:///C:/Users/shiva/OneDrive/Documents/GitHub/QUIZ-/node_modules/@vitest/runner/dist/index.js:1258:26\n    at file:///C:/Users/shiva/OneDrive/Documents/GitHub/QUIZ-/node_modules/@vitest/runner/dist/index.js:1681:20\n    at new Promise (<anonymous>)\n    at runWithCancel (file:///C:/Users/shiva/OneDrive/Documents/GitHub/QUIZ-/node_modules/@vitest/runner/dist/index.js:1678:10)\n    at file:///C:/Users/shiva/OneDrive/Documents/GitHub/QUIZ-/node_modules/@vitest/runner/dist/index.js:1660:20\n    at new Promise (<anonymous>)\n    at runWithTimeout (file:///C:/Users/shiva/OneDrive/Documents/GitHub/QUIZ-/node_modules/@vitest/runner/dist/index.js:1627:10)\n    at file:///C:/Users/shiva/OneDrive/Documents/GitHub/QUIZ-/node_modules/@vitest/runner/dist/index.js:2309:64"],"meta":{},"tags":[]},{"ancestorTitles":["PRESERVATION 5.7 ΓÇö signOut clears localStorage role and sets user to null"],"fullName":"PRESERVATION 5.7 ΓÇö signOut clears localStorage role and sets user to null source sets user to null on sign-out","status":"passed","title":"source sets user to null on sign-out","duration":0.5625999999999749,"failureMessages":[],"meta":{},"tags":[]},{"ancestorTitles":["PRESERVATION 5.7 ΓÇö signOut clears localStorage role and sets user to null"],"fullName":"PRESERVATION 5.7 ΓÇö signOut clears localStorage role and sets user to null source sets userProfile to null on sign-out","status":"passed","title":"source sets userProfile to null on sign-out","duration":0.2884999999999991,"failureMessages":[],"meta":{},"tags":[]},{"ancestorTitles":["PRESERVATION 5.7 ΓÇö signOut clears localStorage role and sets user to null"],"fullName":"PRESERVATION 5.7 ΓÇö signOut clears localStorage role and sets user to null source calls firebaseSignOut on sign-out","status":"failed","title":"source calls firebaseSignOut on sign-out","duration":6.984200000000101,"failureMessages":["AssertionError: expected 'import { createContext, useContext, uΓÇª' to contain 'firebaseSignOut(auth)'\n    at C:/Users/shiva/OneDrive/Documents/GitHub/QUIZ-/src/contexts/AuthContext.test.ts:33:24\n    at file:///C:/Users/shiva/OneDrive/Documents/GitHub/QUIZ-/node_modules/@vitest/runner/dist/index.js:296:11\n    at file:///C:/Users/shiva/OneDrive/Documents/GitHub/QUIZ-/node_modules/@vitest/runner/dist/index.js:1258:26\n    at file:///C:/Users/shiva/OneDrive/Documents/GitHub/QUIZ-/node_modules/@vitest/runner/dist/index.js:1681:20\n    at new Promise (<anonymous>)\n    at runWithCancel (file:///C:/Users/shiva/OneDrive/Documents/GitHub/QUIZ-/node_modules/@vitest/runner/dist/index.js:1678:10)\n    at file:///C:/Users/shiva/OneDrive/Documents/GitHub/QUIZ-/node_modules/@vitest/runner/dist/index.js:1660:20\n    at new Promise (<anonymous>)\n    at runWithTimeout (file:///C:/Users/shiva/OneDrive/Documents/GitHub/QUIZ-/node_modules/@vitest/runner/dist/index.js:1627:10)\n    at file:///C:/Users/shiva/OneDrive/Documents/GitHub/QUIZ-/node_modules/@vitest/runner/dist/index.js:2309:64"],"meta":{},"tags":[]},{"ancestorTitles":["PRESERVATION 5.7 ΓÇö signOut clears localStorage role and sets user to null"],"fullName":"PRESERVATION 5.7 ΓÇö signOut clears localStorage role and sets user to null signOut function is async","status":"passed","title":"signOut function is async","duration":0.35450000000003,"failureMessages":[],"meta":{},"tags":[]},{"ancestorTitles":["PRESERVATION 5.7 ΓÇö signOut clears localStorage role and sets user to null"],"fullName":"PRESERVATION 5.7 ΓÇö signOut clears localStorage role and sets user to null signOut awaits the Firebase sign-out call","status":"failed","title":"signOut awaits the Firebase sign-out call","duration":4.250099999999975,"failureMessages":["AssertionError: expected 'import { createContext, useContext, uΓÇª' to contain 'await firebaseSignOut(auth)'\n    at C:/Users/shiva/OneDrive/Documents/GitHub/QUIZ-/src/contexts/AuthContext.test.ts:41:24\n    at file:///C:/Users/shiva/OneDrive/Documents/GitHub/QUIZ-/node_modules/@vitest/runner/dist/index.js:296:11\n    at file:///C:/Users/shiva/OneDrive/Documents/GitHub/QUIZ-/node_modules/@vitest/runner/dist/index.js:1258:26\n    at file:///C:/Users/shiva/OneDrive/Documents/GitHub/QUIZ-/node_modules/@vitest/runner/dist/index.js:1681:20\n    at new Promise (<anonymous>)\n    at runWithCancel (file:///C:/Users/shiva/OneDrive/Documents/GitHub/QUIZ-/node_modules/@vitest/runner/dist/index.js:1678:10)\n    at file:///C:/Users/shiva/OneDrive/Documents/GitHub/QUIZ-/node_modules/@vitest/runner/dist/index.js:1660:20\n    at new Promise (<anonymous>)\n    at runWithTimeout (file:///C:/Users/shiva/OneDrive/Documents/GitHub/QUIZ-/node_modules/@vitest/runner/dist/index.js:1627:10)\n    at file:///C:/Users/shiva/OneDrive/Documents/GitHub/QUIZ-/node_modules/@vitest/runner/dist/index.js:2309:64"],"meta":{},"tags":[]},{"ancestorTitles":["PRESERVATION 5.7 ΓÇö signOut clears localStorage role and sets user to null"],"fullName":"PRESERVATION 5.7 ΓÇö signOut clears localStorage role and sets user to null signOut is exposed in the AuthContext value","status":"failed","title":"signOut is exposed in the AuthContext value","duration":5.492599999999925,"failureMessages":["AssertionError: expected 'import { createContext, useContext, uΓÇª' to contain '{ user, userProfile, loading, signUp,ΓÇª'\n    at C:/Users/shiva/OneDrive/Documents/GitHub/QUIZ-/src/contexts/AuthContext.test.ts:47:24\n    at file:///C:/Users/shiva/OneDrive/Documents/GitHub/QUIZ-/node_modules/@vitest/runner/dist/index.js:296:11\n    at file:///C:/Users/shiva/OneDrive/Documents/GitHub/QUIZ-/node_modules/@vitest/runner/dist/index.js:1258:26\n    at file:///C:/Users/shiva/OneDrive/Documents/GitHub/QUIZ-/node_modules/@vitest/runner/dist/index.js:1681:20\n    at new Promise (<anonymous>)\n    at runWithCancel (file:///C:/Users/shiva/OneDrive/Documents/GitHub/QUIZ-/node_modules/@vitest/runner/dist/index.js:1678:10)\n    at file:///C:/Users/shiva/OneDrive/Documents/GitHub/QUIZ-/node_modules/@vitest/runner/dist/index.js:1660:20\n    at new Promise (<anonymous>)\n    at runWithTimeout (file:///C:/Users/shiva/OneDrive/Documents/GitHub/QUIZ-/node_modules/@vitest/runner/dist/index.js:1627:10)\n    at file:///C:/Users/shiva/OneDrive/Documents/GitHub/QUIZ-/node_modules/@vitest/runner/dist/index.js:2309:64"],"meta":{},"tags":[]},{"ancestorTitles":["PRESERVATION 5.7 ΓÇö signOut clears localStorage role and sets user to null"],"fullName":"PRESERVATION 5.7 ΓÇö signOut clears localStorage role and sets user to null Property ΓÇö signOut behavior: localStorage.removeItem is always called with userRole","status":"passed","title":"Property ΓÇö signOut behavior: localStorage.removeItem is always called with userRole","duration":2.904199999999946,"failureMessages":[],"meta":{},"tags":[]},{"ancestorTitles":["PRESERVATION 5.7 ΓÇö signOut clears localStorage role and sets user to null"],"fullName":"PRESERVATION 5.7 ΓÇö signOut clears localStorage role and sets user to null Property ΓÇö signOut always clears role regardless of what was stored","status":"passed","title":"Property ΓÇö signOut always clears role regardless of what was stored","duration":5.773900000000026,"failureMessages":[],"meta":{},"tags":[]},{"ancestorTitles":["AuthContext ΓÇö structure"],"fullName":"AuthContext ΓÇö structure exports AuthProvider","status":"passed","title":"exports AuthProvider","duration":0.2762000000000171,"failureMessages":[],"meta":{},"tags":[]},{"ancestorTitles":["AuthContext ΓÇö structure"],"fullName":"AuthContext ΓÇö structure exports useAuth hook","status":"passed","title":"exports useAuth hook","duration":0.14340000000004238,"failureMessages":[],"meta":{},"tags":[]},{"ancestorTitles":["AuthContext ΓÇö structure"],"fullName":"AuthContext ΓÇö structure reads userRole from localStorage in onAuthStateChanged","status":"failed","title":"reads userRole from localStorage in onAuthStateChanged","duration":2.760599999999954,"failureMessages":["AssertionError: expected 'import { createContext, useContext, uΓÇª' to contain 'localStorage.getItem(\\'userRole\\')'\n    at C:/Users/shiva/OneDrive/Documents/GitHub/QUIZ-/src/contexts/AuthContext.test.ts:111:24\n    at file:///C:/Users/shiva/OneDrive/Documents/GitHub/QUIZ-/node_modules/@vitest/runner/dist/index.js:296:11\n    at file:///C:/Users/shiva/OneDrive/Documents/GitHub/QUIZ-/node_modules/@vitest/runner/dist/index.js:1258:26\n    at file:///C:/Users/shiva/OneDrive/Documents/GitHub/QUIZ-/node_modules/@vitest/runner/dist/index.js:1681:20\n    at new Promise (<anonymous>)\n    at runWithCancel (file:///C:/Users/shiva/OneDrive/Documents/GitHub/QUIZ-/node_modules/@vitest/runner/dist/index.js:1678:10)\n    at file:///C:/Users/shiva/OneDrive/Documents/GitHub/QUIZ-/node_modules/@vitest/runner/dist/index.js:1660:20\n    at new Promise (<anonymous>)\n    at runWithTimeout (file:///C:/Users/shiva/OneDrive/Documents/GitHub/QUIZ-/node_modules/@vitest/runner/dist/index.js:1627:10)\n    at file:///C:/Users/shiva/OneDrive/Documents/GitHub/QUIZ-/node_modules/@vitest/runner/dist/index.js:2309:64"],"meta":{},"tags":[]},{"ancestorTitles":["AuthContext ΓÇö structure"],"fullName":"AuthContext ΓÇö structure populates userProfile after onAuthStateChanged fires","status":"failed","title":"populates userProfile after onAuthStateChanged fires","duration":2.413400000000024,"failureMessages":["AssertionError: expected 'import { createContext, useContext, uΓÇª' to contain 'setUserProfile(buildUserProfile'\n    at C:/Users/shiva/OneDrive/Documents/GitHub/QUIZ-/src/contexts/AuthContext.test.ts:115:24\n    at file:///C:/Users/shiva/OneDrive/Documents/GitHub/QUIZ-/node_modules/@vitest/runner/dist/index.js:296:11\n    at file:///C:/Users/shiva/OneDrive/Documents/GitHub/QUIZ-/node_modules/@vitest/runner/dist/index.js:1258:26\n    at file:///C:/Users/shiva/OneDrive/Documents/GitHub/QUIZ-/node_modules/@vitest/runner/dist/index.js:1681:20\n    at new Promise (<anonymous>)\n    at runWithCancel (file:///C:/Users/shiva/OneDrive/Documents/GitHub/QUIZ-/node_modules/@vitest/runner/dist/index.js:1678:10)\n    at file:///C:/Users/shiva/OneDrive/Documents/GitHub/QUIZ-/node_modules/@vitest/runner/dist/index.js:1660:20\n    at new Promise (<anonymous>)\n    at runWithTimeout (file:///C:/Users/shiva/OneDrive/Documents/GitHub/QUIZ-/node_modules/@vitest/runner/dist/index.js:1627:10)\n    at file:///C:/Users/shiva/OneDrive/Documents/GitHub/QUIZ-/node_modules/@vitest/runner/dist/index.js:2309:64"],"meta":{},"tags":[]},{"ancestorTitles":["AuthContext ΓÇö structure"],"fullName":"AuthContext ΓÇö structure populates userProfile after signIn resolves","status":"failed","title":"populates userProfile after signIn resolves","duration":2.5068999999999733,"failureMessages":["AssertionError: expected 'import { createContext, useContext, uΓÇª' to contain 'setUserProfile(buildUserProfile'\n    at C:/Users/shiva/OneDrive/Documents/GitHub/QUIZ-/src/contexts/AuthContext.test.ts:120:24\n    at file:///C:/Users/shiva/OneDrive/Documents/GitHub/QUIZ-/node_modules/@vitest/runner/dist/index.js:296:11\n    at file:///C:/Users/shiva/OneDrive/Documents/GitHub/QUIZ-/node_modules/@vitest/runner/dist/index.js:1258:26\n    at file:///C:/Users/shiva/OneDrive/Documents/GitHub/QUIZ-/node_modules/@vitest/runner/dist/index.js:1681:20\n    at new Promise (<anonymous>)\n    at runWithCancel (file:///C:/Users/shiva/OneDrive/Documents/GitHub/QUIZ-/node_modules/@vitest/runner/dist/index.js:1678:10)\n    at file:///C:/Users/shiva/OneDrive/Documents/GitHub/QUIZ-/node_modules/@vitest/runner/dist/index.js:1660:20\n    at new Promise (<anonymous>)\n    at runWithTimeout (file:///C:/Users/shiva/OneDrive/Documents/GitHub/QUIZ-/node_modules/@vitest/runner/dist/index.js:1627:10)\n    at file:///C:/Users/shiva/OneDrive/Documents/GitHub/QUIZ-/node_modules/@vitest/runner/dist/index.js:2309:64"],"meta":{},"tags":[]}],"startTime":1775285470089,"endTime":1775285470145.5068,"status":"failed","message":"","name":"C:/Users/shiva/OneDrive/Documents/GitHub/QUIZ-/src/contexts/AuthContext.test.ts"},{"assertionResults":[{"ancestorTitles":["AdaptiveQuiz ΓÇô loading state (Requirement 6.4)"],"fullName":"AdaptiveQuiz ΓÇô loading state (Requirement 6.4) has a \"loading\" page state","status":"passed","title":"has a \"loading\" page state","duration":5.512200000000007,"failureMessages":[],"meta":{},"tags":[]},{"ancestorTitles":["AdaptiveQuiz ΓÇô loading state (Requirement 6.4)"],"fullName":"AdaptiveQuiz ΓÇô loading state (Requirement 6.4) renders a loading indicator while generating","status":"passed","title":"renders a loading indicator while generating","duration":0.43610000000001037,"failureMessages":[],"meta":{},"tags":[]},{"ancestorTitles":["AdaptiveQuiz ΓÇô loading state (Requirement 6.4)"],"fullName":"AdaptiveQuiz ΓÇô loading state (Requirement 6.4) shows a descriptive loading message","status":"passed","title":"shows a descriptive loading message","duration":0.32539999999994507,"failureMessages":[],"meta":{},"tags":[]},{"ancestorTitles":["AdaptiveQuiz ΓÇô loading state (Requirement 6.4)"],"fullName":"AdaptiveQuiz ΓÇô loading state (Requirement 6.4) sets pageState to loading at the start of generateQuiz","status":"passed","title":"sets pageState to loading at the start of generateQuiz","duration":0.2525999999999158,"failureMessages":[],"meta":{},"tags":[]},{"ancestorTitles":["AdaptiveQuiz ΓÇô error state (Requirement 6.5)"],"fullName":"AdaptiveQuiz ΓÇô error state (Requirement 6.5) has an \"error\" page state","status":"passed","title":"has an \"error\" page state","duration":0.2778999999999314,"failureMessages":[],"meta":{},"tags":[]},{"ancestorTitles":["AdaptiveQuiz ΓÇô error state (Requirement 6.5)"],"fullName":"AdaptiveQuiz ΓÇô error state (Requirement 6.5) renders the error state when pageState is error","status":"passed","title":"renders the error state when pageState is error","duration":0.23279999999999745,"failureMessages":[],"meta":{},"tags":[]},{"ancestorTitles":["AdaptiveQuiz ΓÇô error state (Requirement 6.5)"],"fullName":"AdaptiveQuiz ΓÇô error state (Requirement 6.5) renders a \"Try Again\" button in the error state","status":"passed","title":"renders a \"Try Again\" button in the error state","duration":0.23739999999997963,"failureMessages":[],"meta":{},"tags":[]},{"ancestorTitles":["AdaptiveQuiz ΓÇô error state (Requirement 6.5)"],"fullName":"AdaptiveQuiz ΓÇô error state (Requirement 6.5) calls handleRetry when \"Try Again\" is clicked","status":"passed","title":"calls handleRetry when \"Try Again\" is clicked","duration":0.346300000000042,"failureMessages":[],"meta":{},"tags":[]},{"ancestorTitles":["AdaptiveQuiz ΓÇô error state (Requirement 6.5)"],"fullName":"AdaptiveQuiz ΓÇô error state (Requirement 6.5) displays the error message to the user","status":"passed","title":"displays the error message to the user","duration":0.31350000000009004,"failureMessages":[],"meta":{},"tags":[]},{"ancestorTitles":["AdaptiveQuiz ΓÇô error state (Requirement 6.5)"],"fullName":"AdaptiveQuiz ΓÇô error state (Requirement 6.5) provides a fallback link to browse standard quizzes","status":"passed","title":"provides a fallback link to browse standard quizzes","duration":0.37819999999999254,"failureMessages":[],"meta":{},"tags":[]},{"ancestorTitles":["AdaptiveQuiz ΓÇô error state (Re
[...]
r for all percentages in [0, 100]","duration":0.794399999999996,"failureMessages":[],"meta":{},"tags":[]},{"ancestorTitles":["computeTrendData ΓÇô unit tests"],"fullName":"computeTrendData ΓÇô unit tests returns exactly 6 items for empty array","status":"passed","title":"returns exactly 6 items for empty array","duration":40.20429999999999,"failureMessages":[],"meta":{},"tags":[]},{"ancestorTitles":["computeTrendData ΓÇô unit tests"],"fullName":"computeTrendData ΓÇô unit tests all items have recordCount 0 and average 0 for empty array","status":"passed","title":"all items have recordCount 0 and average 0 for empty array","duration":1.792599999999993,"failureMessages":[],"meta":{},"tags":[]},{"ancestorTitles":["computeTrendData ΓÇô unit tests"],"fullName":"computeTrendData ΓÇô unit tests correctly averages records in the current month","status":"passed","title":"correctly averages records in the current month","duration":1.585800000000063,"failureMessages":[],"meta":{},"tags":[]},{"ancestorTitles":["computeTrendData ΓÇô Properties 1 & 2"],"fullName":"computeTrendData ΓÇô Properties 1 & 2 Property 2 ΓÇô always returns exactly 6 data points","status":"passed","title":"Property 2 ΓÇô always returns exactly 6 data points","duration":121.33230000000003,"failureMessages":[],"meta":{},"tags":[]},{"ancestorTitles":["computeTrendData ΓÇô Properties 1 & 2"],"fullName":"computeTrendData ΓÇô Properties 1 & 2 Property 1 ΓÇô each month average equals arithmetic mean of its records","status":"passed","title":"Property 1 ΓÇô each month average equals arithmetic mean of its records","duration":128.36630000000002,"failureMessages":[],"meta":{},"tags":[]},{"ancestorTitles":["computeInsights ΓÇô unit tests"],"fullName":"computeInsights ΓÇô unit tests returns both null for empty subjects","status":"passed","title":"returns both null for empty subjects","duration":0.4600000000000364,"failureMessages":[],"meta":{},"tags":[]},{"ancestorTitles":["computeInsights ΓÇô unit tests"],"fullName":"computeInsights ΓÇô unit tests returns coreStrength only for single subject","status":"passed","title":"returns coreStrength only for single subject","duration":0.23730000000000473,"failureMessages":[],"meta":{},"tags":[]},{"ancestorTitles":["computeInsights ΓÇô unit tests"],"fullName":"computeInsights ΓÇô unit tests correctly identifies max and min for two subjects","status":"passed","title":"correctly identifies max and min for two subjects","duration":0.29330000000004475,"failureMessages":[],"meta":{},"tags":[]},{"ancestorTitles":["computeInsights ΓÇô Property 3: insights derivation is correct"],"fullName":"computeInsights ΓÇô Property 3: insights derivation is correct Property 3 ΓÇô coreStrength has max averagePercentage","status":"passed","title":"Property 3 ΓÇô coreStrength has max averagePercentage","duration":14.786000000000058,"failureMessages":[],"meta":{},"tags":[]},{"ancestorTitles":["computeInsights ΓÇô Property 3: insights derivation is correct"],"fullName":"computeInsights ΓÇô Property 3: insights derivation is correct Property 3 ΓÇô growthFocus has min averagePercentage (when multiple subjects)","status":"passed","title":"Property 3 ΓÇô growthFocus has min averagePercentage (when multiple subjects)","duration":6.547400000000039,"failureMessages":[],"meta":{},"tags":[]},{"ancestorTitles":["sortRecordsDescending ΓÇô unit tests"],"fullName":"sortRecordsDescending ΓÇô unit tests returns empty array for empty input","status":"passed","title":"returns empty array for empty input","duration":0.4592999999999847,"failureMessages":[],"meta":{},"tags":[]},{"ancestorTitles":["sortRecordsDescending ΓÇô unit tests"],"fullName":"sortRecordsDescending ΓÇô unit tests sorts descending by completedAt","status":"passed","title":"sorts descending by completedAt","duration":1.6697000000000344,"failureMessages":[],"meta":{},"tags":[]},{"ancestorTitles":["sortRecordsDescending ΓÇô Property 6: quiz history sort order"],"fullName":"sortRecordsDescending ΓÇô Property 6: quiz history sort order Property 6 ΓÇô adjacent pairs are always descending by completedAt","status":"passed","title":"Property 6 ΓÇô adjacent pairs are always descending by completedAt","duration":13.387200000000007,"failureMessages":[],"meta":{},"tags":[]},{"ancestorTitles":["generateCSV ΓÇô unit tests"],"fullName":"generateCSV ΓÇô unit tests returns header-only for empty array","status":"passed","title":"returns header-only for empty array","duration":0.36410000000000764,"failureMessages":[],"meta":{},"tags":[]},{"ancestorTitles":["generateCSV ΓÇô unit tests"],"fullName":"generateCSV ΓÇô unit tests produces header + 1 data row for single record","status":"passed","title":"produces header + 1 data row for single record","duration":1.1177000000000135,"failureMessages":[],"meta":{},"tags":[]},{"ancestorTitles":["generateCSV ΓÇô Property 8: CSV contains one row per record with correct columns"],"fullName":"generateCSV ΓÇô Property 8: CSV contains one row per record with correct columns Property 8 ΓÇô number of data rows equals number of records","status":"passed","title":"Property 8 ΓÇô number of data rows equals number of records","duration":104.02130000000011,"failureMessages":[],"meta":{},"tags":[]},{"ancestorTitles":["generateCSV ΓÇô Property 8: CSV contains one row per record with correct columns"],"fullName":"generateCSV ΓÇô Property 8: CSV contains one row per record with correct columns Property 8 ΓÇô each data row contains score, total, and percentage values","status":"passed","title":"Property 8 ΓÇô each data row contains score, total, and percentage values","duration":113.80679999999984,"failureMessages":[],"meta":{},"tags":[]}],"startTime":1775285471288,"endTime":1775285471878.807,"status":"passed","message":"","name":"C:/Users/shiva/OneDrive/Documents/GitHub/QUIZ-/src/utils/reportUtils.test.ts"},{"assertionResults":[{"ancestorTitles":["robots.txt"],"fullName":"robots.txt contains the Sitemap directive pointing to the production URL","status":"passed","title":"contains the Sitemap directive pointing to the production URL","duration":2.65949999999998,"failureMessages":[],"meta":{},"tags":[]},{"ancestorTitles":["robots.txt"],"fullName":"robots.txt contains User-agent: *","status":"passed","title":"contains User-agent: *","duration":0.34190000000000964,"failureMessages":[],"meta":{},"tags":[]},{"ancestorTitles":["robots.txt"],"fullName":"robots.txt contains Allow: /","status":"passed","title":"contains Allow: /","duration":0.25970000000000937,"failureMessages":[],"meta":{},"tags":[]}],"startTime":1775285472549,"endTime":1775285472552.2598,"status":"passed","message":"","name":"C:/Users/shiva/OneDrive/Documents/GitHub/QUIZ-/src/utils/robots.test.ts"},{"assertionResults":[{"ancestorTitles":["scoring property tests ΓÇö Property 7"],"fullName":"scoring property tests ΓÇö Property 7 Property 7: score record round-trip ΓÇö saved ScoreRecord fields match what is read back from Firestore","status":"failed","title":"Property 7: score record round-trip ΓÇö saved ScoreRecord fields match what is read back from Firestore","duration":20.73199999999997,"failureMessages":["Error: Property failed after 1 tests\n{ seed: -85743014, path: \"0:0:0:0:0:0:0:0:0:0:0:0:0:0:0:0:0:0\", endOnFailure: true }\nCounterexample: [\"    \",{\"quizId\":\"    \",\"quizTitle\":\" \",\"score\":0,\"total\":1,\"percentage\":0,\"completedAt\":\"2020-01-01T00:00:00.000Z\"}]\nShrunk 17 time(s)\n\nHint: Enable verbose mode in order to have the list of all failing values encountered during the run\n    at buildError (file:///C:/Users/shiva/OneDrive/Documents/GitHub/QUIZ-/node_modules/fast-check/lib/fast-check.js:2434:16)\n    at asyncThrowIfFailed (file:///C:/Users/shiva/OneDrive/Documents/GitHub/QUIZ-/node_modules/fast-check/lib/fast-check.js:2446:8)\n    at processTicksAndRejections (node:internal/process/task_queues:103:5)"],"meta":{},"tags":[]}],"startTime":1775285470999,"endTime":1775285471019.732,"status":"failed","message":"","name":"C:/Users/shiva/OneDrive/Documents/GitHub/QUIZ-/src/utils/scoring.property.test.ts"},{"assertionResults":[{"ancestorTitles":["getRedirectPath"],"fullName":"getRedirectPath Property 8 ΓÇô student role always redirects to /student/dashboard","status":"passed","title":"Property 8 ΓÇô student role always redirects to /student/dashboard","duration":9.70029999999997,"failureMessages":[],"meta":{},"tags":[]},{"ancestorTitles":["getRedirectPath"],"fullName":"getRedirectPath Property 8 ΓÇô teacher role always redirects to /teacher","status":"passed","title":"Property 8 ΓÇô teacher role always redirects to /teacher","duration":1.1920999999999822,"failureMessages":[],"meta":{},"tags":[]},{"ancestorTitles":["getRedirectPath"],"fullName":"getRedirectPath Property 8 ΓÇô any unknown role defaults to /student/dashboard","status":"passed","title":"Property 8 ΓÇô any unknown role defaults to /student/dashboard","duration":5.147899999999936,"failureMessages":[],"meta":{},"tags":[]},{"ancestorTitles":["getRedirectPath"],"fullName":"getRedirectPath Property 8 ΓÇô result is always one of the two valid paths","status":"passed","title":"Property 8 ΓÇô result is always one of the two valid paths","duration":6.193100000000072,"failureMessages":[],"meta":{},"tags":[]},{"ancestorTitles":["getPerformanceLabel ΓÇô unit tests"],"fullName":"getPerformanceLabel ΓÇô unit tests returns \"Keep Practicing\" for 0","status":"passed","title":"returns \"Keep Practicing\" for 0","duration":1.0067999999999984,"failureMessages":[],"meta":{},"tags":[]},{"ancestorTitles":["getPerformanceLabel ΓÇô unit tests"],"fullName":"getPerformanceLabel ΓÇô unit tests returns \"Keep Practicing\" for 59","status":"passed","title":"returns \"Keep Practicing\" for 59","duration":0.34400000000005093,"failureMessages":[],"meta":{},"tags":[]},{"ancestorTitles":["getPerformanceLabel ΓÇô unit tests"],"fullName":"getPerformanceLabel ΓÇô unit tests returns \"Good\" for 60","status":"passed","title":"returns \"Good\" for 60","duration":0.32310000000006767,"failureMessages":[],"meta":{},"tags":[]},{"ancestorTitles":["getPerformanceLabel ΓÇô unit tests"],"fullName":"getPerformanceLabel ΓÇô unit tests returns \"Good\" for 79","status":"passed","title":"returns \"Good\" for 79","duration":0.2806000000000495,"failureMessages":[],"meta":{},"tags":[]},{"ancestorTitles":["getPerformanceLabel ΓÇô unit tests"],"fullName":"getPerformanceLabel ΓÇô unit tests returns \"Excellent\" for 80","status":"passed","title":"returns \"Excellent\" for 80","duration":0.29759999999998854,"failureMessages":[],"meta":{},"tags":[]},{"ancestorTitles":["getPerformanceLabel ΓÇô unit tests"],"fullName":"getPerformanceLabel ΓÇô unit tests returns \"Excellent\" for 100","status":"passed","title":"returns \"Excellent\" for 100","duration":0.2999999999999545,"failureMessages":[],"meta":{},"tags":[]},{"ancestorTitles":["getPerformanceLabel"],"fullName":"getPerformanceLabel Property 1 ΓÇô label is always one of the three valid values","status":"passed","title":"Property 1 ΓÇô label is always one of the three valid values","duration":1.1639000000000124,"failureMessages":[],"meta":{},"tags":[]},{"ancestorTitles":["getPerformanceLabel"],"fullName":"getPerformanceLabel Property 1 ΓÇô label matches correct threshold for each range","status":"passed","title":"Property 1 ΓÇô label matches correct threshold for each range","duration":0.9223000000000638,"failureMessages":[],"meta":{},"tags":[]},{"ancestorTitles":["computeAverageScore ΓÇô unit tests"],"fullName":"computeAverageScore ΓÇô unit tests returns 0 for empty array","status":"passed","title":"returns 0 for empty array","duration":0.3208999999999378,"failureMessages":[],"meta":{},"tags":[]},{"ancestorTitles":["computeAverageScore ΓÇô unit tests"],"fullName":"computeAverageScore ΓÇô unit tests returns the single record percentage for a one-element array","status":"passed","title":"returns the single record percentage for a one-element array","duration":2.0139999999998963,"failureMessages":[],"meta":{},"tags":[]},{"ancestorTitles":["computeAverageScore ΓÇô unit tests"],"fullName":"computeAverageScore ΓÇô unit tests returns 0 when all records have percentage 0","status":"passed","title":"returns 0 when all records have percentage 0","duration":0.32799999999997453,"failureMessages":[],"meta":{},"tags":[]},{"ancestorTitles":["computeAverageScore ΓÇô unit tests"],"fullName":"computeAverageScore ΓÇô unit tests returns correct average for multiple records","status":"passed","title":"returns correct average for multiple records","duration":0.282100000000014,"failureMessages":[],"meta":{},"tags":[]},{"ancestorTitles":["computeAverageScore"],"fullName":"computeAverageScore Property 2 ΓÇô result is always in [0, 100] for non-empty arrays","status":"passed","title":"Property 2 ΓÇô result is always in [0, 100] for non-empty arrays","duration":24.912599999999998,"failureMessages":[],"meta":{},"tags":[]},{"ancestorTitles":["computeAverageScore"],"fullName":"computeAverageScore Property 2 ΓÇô returns 0 for empty array","status":"passed","title":"Property 2 ΓÇô returns 0 for empty array","duration":0.2744000000000142,"failureMessages":[],"meta":{},"tags":[]},{"ancestorTitles":["score record percentage consistency"],"fullName":"score record percentage consistency Property 6 ΓÇô percentage equals Math.round(score / total * 100)","status":"passed","title":"Property 6 ΓÇô percentage equals Math.round(score / total * 100)","duration":1.9189999999999827,"failureMessages":[],"meta":{},"tags":[]},{"ancestorTitles":["computeStreak ΓÇô unit tests"],"fullName":"computeStreak ΓÇô unit tests returns 0 for no records","status":"passed","title":"returns 0 for no records","duration":0.4436000000000604,"failureMessages":[],"meta":{},"tags":[]},{"ancestorTitles":["computeStreak ΓÇô unit tests"],"fullName":"computeStreak ΓÇô unit tests returns 1 for a single record completed today","status":"passed","title":"returns 1 for a single record completed today","duration":0.35029999999994743,"failureMessages":[],"meta":{},"tags":[]},{"ancestorTitles":["computeStreak ΓÇô unit tests"],"fullName":"computeStreak ΓÇô unit tests returns 1 for a single record completed yesterday","status":"passed","title":"returns 1 for a single record completed yesterday","duration":0.315900000000056,"failureMessages":[],"meta":{},"tags":[]},{"ancestorTitles":["computeStreak ΓÇô unit tests"],"fullName":"computeStreak ΓÇô unit tests returns correct streak for consecutive days","status":"passed","title":"returns correct streak for consecutive days","duration":0.24279999999998836,"failureMessages":[],"meta":{},"tags":[]},{"ancestorTitles":["computeStreak ΓÇô unit tests"],"fullName":"computeStreak ΓÇô unit tests breaks streak on a gap in days","status":"passed","title":"breaks streak on a gap in days","duration":0.24850000000003547,"failureMessages":[],"meta":{},"tags":[]},{"ancestorTitles":["computeStreak"],"fullName":"computeStreak Property 7 ΓÇô streak is always >= 0 for any array of ScoreRecords","status":"passed","title":"Property 7 ΓÇô streak is always >= 0 for any array of ScoreRecords","duration":10.998199999999997,"failureMessages":[],"meta":{},"tags":[]},{"ancestorTitles":["computeStreak"],"fullName":"computeStreak Property 7 ΓÇô streak is 0 for empty array","status":"passed","title":"Property 7 ΓÇô streak is 0 for empty array","duration":0.2963999999999487,"failureMessages":[],"meta":{},"tags":[]}],"startTime":1775285471507,"endTime":1775285471578.2964,"status":"passed","message":"","name":"C:/Users/shiva/OneDrive/Documents/GitHub/QUIZ-/src/utils/scoring.test.ts"},{"assertionResults":[{"ancestorTitles":["sitemap.xml ΓÇö Property 5: Sitemap contains all required URLs"],"fullName":"sitemap.xml ΓÇö Property 5: Sitemap contains all required URLs sitemap contains a <loc> for the root URL","status":"passed","title":"sitemap contains a <loc> for the root URL","duration":2.8432000000000244,"failureMessages":[],"meta":{},"tags":[]},{"ancestorTitles":["sitemap.xml ΓÇö Property 5: Sitemap contains all required URLs"],"fullName":"sitemap.xml ΓÇö Property 5: Sitemap contains all required URLs sitemap contains a <loc> for /login","status":"passed","title":"sitemap contains a <loc> for /login","duration":0.3751000000000886,"failureMessages":[],"meta":{},"tags":[]},{"ancestorTitles":["sitemap.xml ΓÇö Property 5: Sitemap contains all required URLs"],"fullName":"sitemap.xml ΓÇö Property 5: Sitemap contains all required URLs sitemap contains a <loc> for /signup","status":"passed","title":"sitemap contains a <loc> for /signup","duration":0.3406999999999698,"failureMessages":[],"meta":{},"tags":[]},{"ancestorTitles":["sitemap.xml ΓÇö Property 5: Sitemap contains all required URLs"],"fullName":"sitemap.xml ΓÇö Property 5: Sitemap contains all required URLs sitemap contains a <loc> for /student","status":"passed","title":"sitemap contains a <loc> for /student","duration":0.32710000000008677,"failureMessages":[],"meta":{},"tags":[]},{"ancestorTitles":["sitemap.xml ΓÇö Property 5: Sitemap contains all required URLs"],"fullName":"sitemap.xml ΓÇö Property 5: Sitemap contains all required URLs sitemap contains a <loc> for /join","status":"passed","title":"sitemap contains a <loc> for /join","duration":0.28140000000007603,"failureMessages":[],"meta":{},"tags":[]},{"ancestorTitles":["sitemap.xml ΓÇö Property 5: Sitemap contains all required URLs"],"fullName":"sitemap.xml ΓÇö Property 5: Sitemap contains all required URLs sitemap contains a <loc> for /privacy","status":"passed","title":"sitemap contains a <loc> for /privacy","duration":0.2481999999999971,"failureMessages":[],"meta":{},"tags":[]},{"ancestorTitles":["sitemap.xml ΓÇö Property 5: Sitemap contains all required URLs"],"fullName":"sitemap.xml ΓÇö Property 5: Sitemap contains all required URLs sitemap contains a <loc> for /terms","status":"passed","title":"sitemap contains a <loc> for /terms","duration":0.3043999999999869,"failureMessages":[],"meta":{},"tags":[]},{"ancestorTitles":["sitemap.xml ΓÇö Property 5: Sitemap contains all required URLs"],"fullName":"sitemap.xml ΓÇö Property 5: Sitemap contains all required URLs sitemap contains a <loc> for /library","status":"passed","title":"sitemap contains a <loc> for /library","duration":0.2662000000000262,"failureMessages":[],"meta":{},"tags":[]},{"ancestorTitles":["sitemap.xml ΓÇö Property 5: Sitemap contains all required URLs"],"fullName":"sitemap.xml ΓÇö Property 5: Sitemap contains all required URLs sitemap contains exactly 8 <url> blocks","status":"passed","title":"sitemap contains exactly 8 <url> blocks","duration":1.8147000000000162,"failureMessages":[],"meta":{},"tags":[]},{"ancestorTitles":["sitemap.xml ΓÇö Property 5: Sitemap contains all required URLs"],"fullName":"sitemap.xml ΓÇö Property 5: Sitemap contains all required URLs every <url> block contains a <lastmod> element","status":"passed","title":"every <url> block contains a <lastmod> element","duration":0.79950000000008,"failureMessages":[],"meta":{},"tags":[]},{"ancestorTitles":["sitemap.xml ΓÇö Property 5: Sitemap contains all required URLs"],"fullName":"sitemap.xml ΓÇö Property 5: Sitemap contains all required URLs Property 5: for any required path, the sitemap contains a fully qualified <loc>","status":"passed","title":"Property 5: for any required path, the sitemap contains a fully qualified <loc>","duration":4.972599999999943,"failureMessages":[],"meta":{},"tags":[]},{"ancestorTitles":["sitemap.xml ΓÇö Property 5: Sitemap contains all required URLs"],"fullName":"sitemap.xml ΓÇö Property 5: Sitemap contains all required URLs Property 5 (lastmod): for any required path, its <url> block contains a <lastmod> element","status":"passed","title":"Property 5 (lastmod): for any required path, its <url> block contains a <lastmod> element","duration":1.6807999999999765,"failureMessages":[],"meta":{},"tags":[]}],"startTime":1775285472132,"endTime":1775285472146.681,"status":"passed","message":"","name":"C:/Users/shiva/OneDrive/Documents/GitHub/QUIZ-/src/utils/sitemap.test.ts"}]}
