{"numTotalTestSuites":204,"numPassedTestSuites":156,"numFailedTestSuites":48,"numPendingTestSuites":0,"numTotalTests":535,"numPassedTests":463,"numFailedTests":72,"numPendingTests":0,"numTodoTests":0,"snapshot":{"added":0,"failure":false,"filesAdded":0,"filesRemoved":0,"filesRemovedList":[],"filesUnmatched":0,"filesUpdated":0,"matched":0,"total":0,"unchecked":0,"uncheckedKeysByFile":[],"unmatched":0,"updated":0,"didUpdate":false},"startTime":1775251443539,"success":false,"testResults":[{"assertionResults":[{"ancestorTitles":["PRESERVATION 5.1 — ProtectedRoute: unauthenticated user redirects to /auth"],"fullName":"PRESERVATION 5.1 — ProtectedRoute: unauthenticated user redirects to /auth source contains Navigate redirect to /auth","status":"passed","title":"source contains Navigate redirect to /auth","duration":2.217899999999986,"failureMessages":[],"meta":{},"tags":[]},{"ancestorTitles":["PRESERVATION 5.1 — ProtectedRoute: unauthenticated user redirects to /auth"],"fullName":"PRESERVATION 5.1 — ProtectedRoute: unauthenticated user redirects to /auth source checks for absence of user before redirecting to /auth","status":"passed","title":"source checks for absence of user before redirecting to /auth","duration":0.27740000000005693,"failureMessages":[],"meta":{},"tags":[]},{"ancestorTitles":["PRESERVATION 5.1 — ProtectedRoute: unauthenticated user redirects to /auth"],"fullName":"PRESERVATION 5.1 — ProtectedRoute: unauthenticated user redirects to /auth source uses Navigate component for the redirect","status":"passed","title":"source uses Navigate component for the redirect","duration":0.2296000000000049,"failureMessages":[],"meta":{},"tags":[]},{"ancestorTitles":["PRESERVATION 5.1 — ProtectedRoute: unauthenticated user redirects to /auth"],"fullName":"PRESERVATION 5.1 — ProtectedRoute: unauthenticated user redirects to /auth source uses replace on the /auth redirect","status":"passed","title":"source uses replace on the /auth redirect","duration":0.2563000000000102,"failureMessages":[],"meta":{},"tags":[]},{"ancestorTitles":["PRESERVATION 5.1 — ProtectedRoute: unauthenticated user redirects to /auth"],"fullName":"PRESERVATION 5.1 — ProtectedRoute: unauthenticated user redirects to /auth Property — unauthenticated state always maps to /auth redirect","status":"passed","title":"Property — unauthenticated state always maps to /auth redirect","duration":4.173900000000003,"failureMessages":[],"meta":{},"tags":[]},{"ancestorTitles":["PRESERVATION 5.2 — ProtectedRoute: student redirects to /student/dashboard"],"fullName":"PRESERVATION 5.2 — ProtectedRoute: student redirects to /student/dashboard source contains Navigate redirect to /student/dashboard","status":"passed","title":"source contains Navigate redirect to /student/dashboard","duration":0.3009999999999309,"failureMessages":[],"meta":{},"tags":[]},{"ancestorTitles":["PRESERVATION 5.2 — ProtectedRoute: student redirects to /student/dashboard"],"fullName":"PRESERVATION 5.2 — ProtectedRoute: student redirects to /student/dashboard source checks userProfile role for 'student'","status":"failed","title":"source checks userProfile role for 'student'","duration":11.726999999999975,"failureMessages":["AssertionError: expected 'import { ReactNode } from \\'react\\';\\…' to contain 'role === \\'student\\''\n    at C:/Users/shiva/OneDrive/Documents/GitHub/QUIZ-/src/components/ProtectedRoute.test.ts:68:24\n    at file:///C:/Users/shiva/OneDrive/Documents/GitHub/QUIZ-/node_modules/@vitest/runner/dist/index.js:296:11\n    at file:///C:/Users/shiva/OneDrive/Documents/GitHub/QUIZ-/node_modules/@vitest/runner/dist/index.js:1258:26\n    at file:///C:/Users/shiva/OneDrive/Documents/GitHub/QUIZ-/node_modules/@vitest/runner/dist/index.js:1681:20\n    at new Promise (<anonymous>)\n    at runWithCancel (file:///C:/Users/shiva/OneDrive/Documents/GitHub/QUIZ-/node_modules/@vitest/runner/dist/index.js:1678:10)\n    at file:///C:/Users/shiva/OneDrive/Documents/GitHub/QUIZ-/node_modules/@vitest/runner/dist/index.js:1660:20\n    at new Promise (<anonymous>)\n    at runWithTimeout (file:///C:/Users/shiva/OneDrive/Documents/GitHub/QUIZ-/node_modules/@vitest/runner/dist/index.js:1627:10)\n    at file:///C:/Users/shiva/OneDrive/Documents/GitHub/QUIZ-/node_modules/@vitest/runner/dist/index.js:2309:64"],"meta":{},"tags":[]},{"ancestorTitles":["PRESERVATION 5.2 — ProtectedRoute: student redirects to /student/dashboard"],"fullName":"PRESERVATION 5.2 — ProtectedRoute: student redirects to /student/dashboard getRedirectPath maps student role to /student/dashboard","status":"passed","title":"getRedirectPath maps student role to /student/dashboard","duration":0.42279999999993834,"failureMessages":[],"meta":{},"tags":[]},{"ancestorTitles":["PRESERVATION 5.2 — ProtectedRoute: student redirects to /student/dashboard"],"fullName":"PRESERVATION 5.2 — ProtectedRoute: student redirects to /student/dashboard Property — student role always maps to /student/dashboard","status":"passed","title":"Property — student role always maps to /student/dashboard","duration":33.82370000000003,"failureMessages":[],"meta":{},"tags":[]},{"ancestorTitles":["PRESERVATION 5.3 — ProtectedRoute: teacher renders children"],"fullName":"PRESERVATION 5.3 — ProtectedRoute: teacher renders children source renders children when user is authenticated and not a student","status":"passed","title":"source renders children when user is authenticated and not a student","duration":0.5282999999999447,"failureMessages":[],"meta":{},"tags":[]},{"ancestorTitles":["PRESERVATION 5.3 — ProtectedRoute: teacher renders children"],"fullName":"PRESERVATION 5.3 — ProtectedRoute: teacher renders children source does not redirect teachers (no to=\"/teacher\" in ProtectedRoute)","status":"passed","title":"source does not redirect teachers (no to=\"/teacher\" in ProtectedRoute)","duration":0.5036999999999807,"failureMessages":[],"meta":{},"tags":[]},{"ancestorTitles":["PRESERVATION 5.3 — ProtectedRoute: teacher renders children"],"fullName":"PRESERVATION 5.3 — ProtectedRoute: teacher renders children source returns children as a fragment","status":"passed","title":"source returns children as a fragment","duration":0.2298000000000684,"failureMessages":[],"meta":{},"tags":[]},{"ancestorTitles":["PRESERVATION 5.3 — ProtectedRoute: teacher renders children"],"fullName":"PRESERVATION 5.3 — ProtectedRoute: teacher renders children Property — teacher role passes through ProtectedRoute (no redirect)","status":"passed","title":"Property — teacher role passes through ProtectedRoute (no redirect)","duration":19.22950000000003,"failureMessages":[],"meta":{},"tags":[]},{"ancestorTitles":["ProtectedRoute — component structure"],"fullName":"ProtectedRoute — component structure imports useAuth hook","status":"passed","title":"imports useAuth hook","duration":0.27929999999992106,"failureMessages":[],"meta":{},"tags":[]},{"ancestorTitles":["ProtectedRoute — component structure"],"fullName":"ProtectedRoute — component structure imports Navigate from react-router-dom","status":"passed","title":"imports Navigate from react-router-dom","duration":0.40039999999999054,"failureMessages":[],"meta":{},"tags":[]},{"ancestorTitles":["ProtectedRoute — component structure"],"fullName":"ProtectedRoute — component structure exports ProtectedRoute function","status":"passed","title":"exports ProtectedRoute function","duration":0.13170000000002346,"failureMessages":[],"meta":{},"tags":[]},{"ancestorTitles":["ProtectedRoute — component structure"],"fullName":"ProtectedRoute — component structure handles loading state","status":"passed","title":"handles loading state","duration":0.12229999999999563,"failureMessages":[],"meta":{},"tags":[]}],"startTime":1775251444522,"endTime":1775251444597.4004,"status":"failed","message":"","name":"C:/Users/shiva/OneDrive/Documents/GitHub/QUIZ-/src/components/ProtectedRoute.test.ts"},{"assertionResults":[{"ancestorTitles":["QuizResultsSummary – Property: results display contains both percentage and fraction"],"fullName":"QuizResultsSummary – Property: results display contains both percentage and fraction Property – component always renders both percentage and fraction display elements","status":"passed","title":"Property – component always renders both percentage and fraction display elements","duration":8.531600000000026,"failureMessages":[],"meta":{},"tags":[]},{"ancestorTitles":["QuizResultsSummary – Property: results display contains both percentage and fraction"],"fullName":"QuizResultsSummary – Property: results display contains both percentage and fraction Property – performance label is always one of the three valid values for any score/total pair","status":"passed","title":"Property – performance label is always one of the three valid values for any score/total pair","duration":1.884999999999991,"failureMessages":[],"meta":{},"tags":[]},{"ancestorTitles":["QuizResultsSummary – performance badge (Requirement 6.2)"],"fullName":"QuizResultsSummary – performance badge (Requirement 6.2) renders an \"Excellent\" badge for scores ≥ 80%","status":"passed","title":"renders an \"Excellent\" badge for scores ≥ 80%","duration":0.7573999999999614,"failureMessages":[],"meta":{},"tags":[]},{"ancestorTitles":["QuizResultsSummary – performance badge (Requirement 6.2)"],"fullName":"QuizResultsSummary – performance badge (Requirement 6.2) renders \"Keep Practicing\" badge for scores < 60% via getPerformanceLabel","status":"passed","title":"renders \"Keep Practicing\" badge for scores < 60% via getPerformanceLabel","duration":0.4149999999999636,"failureMessages":[],"meta":{},"tags":[]},{"ancestorTitles":["QuizResultsSummary – performance badge (Requirement 6.2)"],"fullName":"QuizResultsSummary – performance badge (Requirement 6.2) renders \"Excellent\" badge for scores ≥ 80% via getPerformanceLabel","status":"passed","title":"renders \"Excellent\" badge for scores ≥ 80% via getPerformanceLabel","duration":0.2980000000000018,"failureMessages":[],"meta":{},"tags":[]},{"ancestorTitles":["QuizResultsSummary – performance badge (Requirement 6.2)"],"fullName":"QuizResultsSummary – performance badge (Requirement 6.2) renders \"Good\" badge for scores in [60, 79] via getPerformanceLabel","status":"passed","title":"renders \"Good\" badge for scores in [60, 79] via getPerformanceLabel","duration":0.25290000000006785,"failureMessages":[],"meta":{},"tags":[]},{"ancestorTitles":["QuizResultsSummary – performance badge (Requirement 6.2)"],"fullName":"QuizResultsSummary – performance badge (Requirement 6.2) badge element is present in component source","status":"passed","title":"badge element is present in component source","duration":0.21660000000008495,"failureMessages":[],"meta":{},"tags":[]},{"ancestorTitles":["QuizResultsSummary – score saved message (Requirement 6.7)"],"fullName":"QuizResultsSummary – score saved message (Requirement 6.7) renders \"Score saved to your profile\" message when authenticated","status":"passed","title":"renders \"Score saved to your profile\" message when authenticated","duration":0.23509999999998854,"failureMessages":[],"meta":{},"tags":[]},{"ancestorTitles":["QuizResultsSummary – score saved message (Requirement 6.7)"],"fullName":"QuizResultsSummary – score saved message (Requirement 6.7) conditionally shows the message based on isAuthenticated prop","status":"passed","title":"conditionally shows the message based on isAuthenticated prop","duration":0.27539999999999054,"failureMessages":[],"meta":{},"tags":[]},{"ancestorTitles":["QuizResultsSummary – Retake Quiz button (Requirement 6.5)"],"fullName":"QuizResultsSummary – Retake Quiz button (Requirement 6.5) renders a \"Retake Quiz\" button","status":"passed","title":"renders a \"Retake Quiz\" button","duration":0.3449000000000524,"failureMessages":[],"meta":{},"tags":[]},{"ancestorTitles":["QuizResultsSummary – Retake Quiz button (Requirement 6.5)"],"fullName":"QuizResultsSummary – Retake Quiz button (Requirement 6.5) calls onRetake when the button is clicked","status":"passed","title":"calls onRetake when the button is clicked","duration":0.18610000000001037,"failureMessages":[],"meta":{},"tags":[]},{"ancestorTitles":["QuizResultsSummary – Browse More Quizzes link (Requirement 6.6)"],"fullName":"QuizResultsSummary – Browse More Quizzes link (Requirement 6.6) renders a \"Browse More Quizzes\" link","status":"passed","title":"renders a \"Browse More Quizzes\" link","duration":0.21440000000006876,"failureMessages":[],"meta":{},"tags":[]},{"ancestorTitles":["QuizResultsSummary – Browse More Quizzes link (Requirement 6.6)"],"fullName":"QuizResultsSummary – Browse More Quizzes link (Requirement 6.6) links to /student","status":"passed","title":"links to /student","duration":0.11940000000004147,"failureMessages":[],"meta":{},"tags":[]},{"ancestorTitles":["QuizResultsSummary – score display (Requirement 6.1)"],"fullName":"QuizResultsSummary – score display (Requirement 6.1) displays score as percentage","status":"passed","title":"displays score as percentage","duration":0.16109999999991942,"failureMessages":[],"meta":{},"tags":[]},{"ancestorTitles":["QuizResultsSummary – score display (Requirement 6.1)"],"fullName":"QuizResultsSummary – score display (Requirement 6.1) displays score as fraction (e.g. \"8 / 10\")","status":"passed","title":"displays score as fraction (e.g. \"8 / 10\")","duration":0.18859999999995125,"failureMessages":[],"meta":{},"tags":[]},{"ancestorTitles":["QuizResultsSummary – question review (Requirements 6.3, 6.4)"],"fullName":"QuizResultsSummary – question review (Requirements 6.3, 6.4) renders question review section","status":"passed","title":"renders question review section","duration":0.1853999999999587,"failureMessages":[],"meta":{},"tags":[]},{"ancestorTitles":["QuizResultsSummary – question review (Requirements 6.3, 6.4)"],"fullName":"QuizResultsSummary – question review (Requirements 6.3, 6.4) shows user answer for each question","status":"passed","title":"shows user answer for each question","duration":0.147199999999998,"failureMessages":[],"meta":{},"tags":[]},{"ancestorTitles":["QuizResultsSummary – question review (Requirements 6.3, 6.4)"],"fullName":"QuizResultsSummary – question review (Requirements 6.3, 6.4) shows correct answer when user was wrong","status":"passed","title":"shows correct answer when user was wrong","duration":0.20450000000005275,"failureMessages":[],"meta":{},"tags":[]},{"ancestorTitles":["QuizResultsSummary – question review (Requirements 6.3, 6.4)"],"fullName":"QuizResultsSummary – question review (Requirements 6.3, 6.4) visually distinguishes incorrect answers with different border color","status":"passed","title":"visually distinguishes incorrect answers with different border color","duration":0.28089999999997417,"failureMessages":[],"meta":{},"tags":[]}],"startTime":1775251445955,"endTime":1775251445970.281,"status":"passed","message":"","name":"C:/Users/shiva/OneDrive/Documents/GitHub/QUIZ-/src/components/QuizResultsSummary.test.ts"},{"assertionResults":[{"ancestorTitles":["StudentNavbar – authenticated state (Requirement 8.1, 8.5)"],"fullName":"StudentNavbar – authenticated state (Requirement 8.1, 8.5) renders a Sign Out button","status":"passed","title":"renders a Sign Out button","duration":2.212000000000046,"failureMessages":[],"meta":{},"tags":[]},{"ancestorTitles":["StudentNavbar – authenticated state (Requirement 8.1, 8.5)"],"fullName":"StudentNavbar – authenticated state (Requirement 8.1, 8.5) displays the student display name from userProfile","status":"passed","title":"displays the student display name from userProfile","duration":0.2907999999999902,"failureMessages":[],"meta":{},"tags":[]},{"ancestorTitles":["StudentNavbar – authenticated state (Requirement 8.1, 8.5)"],"fullName":"StudentNavbar – authenticated state (Requirement 8.1, 8.5) calls signOut on sign-out action","status":"passed","title":"calls signOut on sign-out action","duration":0.2828000000000088,"failureMessages":[],"meta":{},"tags":[]},{"ancestorTitles":["StudentNavbar – unauthenticated state (Requirement 8.1)"],"fullName":"StudentNavbar – unauthenticated state (Requirement 8.1) renders a Login link","status":"passed","title":"renders a Login link","duration":0.33930000000009386,"failureMessages":[],"meta":{},"tags":[]},{"ancestorTitles":["StudentNavbar – unauthenticated state (Requirement 8.1)"],"fullName":"StudentNavbar – unauthenticated state (Requirement 8.1) renders a Sign Up link","status":"passed","title":"renders a Sign Up link","duration":0.28940000000000055,"failureMessages":[],"meta":{},"tags":[]},{"ancestorTitles":["StudentNavbar – unauthenticated state (Requirement 8.1)"],"fullName":"StudentNavbar – unauthenticated state (Requirement 8.1) conditionally renders auth links based on user state","status":"passed","title":"conditionally renders auth links based on user state","duration":0.2379000000000815,"failureMessages":[],"meta":{},"tags":[]},{"ancestorTitles":["StudentNavbar – logo navigation (Requirement 8.2)"],"fullName":"StudentNavbar – logo navigation (Requirement 8.2) derives logo href from auth state","status":"passed","title":"derives logo href from auth state","duration":0.24420000000009168,"failureMessages":[],"meta":{},"tags":[]},{"ancestorTitles":["StudentNavbar – logo navigation (Requirement 8.2)"],"fullName":"StudentNavbar – logo navigation (Requirement 8.2) uses logoHref for the logo Link","status":"passed","title":"uses logoHref for the logo Link","duration":0.2336999999999989,"failureMessages":[],"meta":{},"tags":[]},{"ancestorTitles":["StudentNavbar – logo navigation (Requirement 8.2)"],"fullName":"StudentNavbar – logo navigation (Requirement 8.2) links to /student/dashboard when authenticated","status":"passed","title":"links to /student/dashboard when authenticated","duration":0.25310000000001764,"failureMessages":[],"meta":{},"tags":[]},{"ancestorTitles":["StudentNavbar – logo navigation (Requirement 8.2)"],"fullName":"StudentNavbar – logo navigation (Requirement 8.2) links to / when unauthenticated","status":"passed","title":"links to / when unauthenticated","duration":0.2859999999999445,"failureMessages":[],"meta":{},"tags":[]},{"ancestorTitles":["StudentNavbar – Browse Quizzes link (Requirement 8.3)"],"fullName":"StudentNavbar – Browse Quizzes link (Requirement 8.3) includes a Browse Quizzes link to /student","status":"failed","title":"includes a Browse Quizzes link to /student","duration":19.858100000000036,"failureMessages":["AssertionError: expected 'import { useState } from \\'react\\';\\r…' to contain 'Browse Quizzes'\n    at C:/Users/shiva/OneDrive/Documents/GitHub/QUIZ-/src/components/StudentNavbar.test.ts:70:24\n    at file:///C:/Users/shiva/OneDrive/Documents/GitHub/QUIZ-/node_modules/@vitest/runner/dist/index.js:296:11\n    at file:///C:/Users/shiva/OneDrive/Documents/GitHub/QUIZ-/node_modules/@vitest/runner/dist/index.js:1258:26\n    at file:///C:/Users/shiva/OneDrive/Documents/GitHub/QUIZ-/node_modules/@vitest/runner/dist/index.js:1681:20\n    at new Promise (<anonymous>)\n    at runWithCancel (file:///C:/Users/shiva/OneDrive/Documents/GitHub/QUIZ-/node_modules/@vitest/runner/dist/index.js:1678:10)\n    at file:///C:/Users/shiva/OneDrive/Documents/GitHub/QUIZ-/node_modules/@vitest/runner/dist/index.js:1660:20\n    at new Promise (<anonymous>)\n    at runWithTimeout (file:///C:/Users/shiva/OneDrive/Documents/GitHub/QUIZ-/node_modules/@vitest/runner/dist/index.js:1627:10)\n    at file:///C:/Users/shiva/OneDrive/Documents/GitHub/QUIZ-/node_modules/@vitest/runner/dist/index.js:2309:64"],"meta":{},"tags":[]},{"ancestorTitles":["StudentNavbar – Join Live Game button (Requirement 8.4)"],"fullName":"StudentNavbar – Join Live Game button (Requirement 8.4) includes a Join Live Game link to /join","status":"failed","title":"includes a Join Live Game link to /join","duration":11.321199999999976,"failureMessages":["AssertionError: expected 'import { useState } from \\'react\\';\\r…' to contain 'Join Live Game'\n    at C:/Users/shiva/OneDrive/Documents/GitHub/QUIZ-/src/components/StudentNavbar.test.ts:78:24\n    at file:///C:/Users/shiva/OneDrive/Documents/GitHub/QUIZ-/node_modules/@vitest/runner/dist/index.js:296:11\n    at file:///C:/Users/shiva/OneDrive/Documents/GitHub/QUIZ-/node_modules/@vitest/runner/dist/index.js:1258:26\n    at file:///C:/Users/shiva/OneDrive/Documents/GitHub/QUIZ-/node_modules/@vitest/runner/dist/index.js:1681:20\n    at new Promise (<anonymous>)\n    at runWithCancel (file:///C:/Users/shiva/OneDrive/Documents/GitHub/QUIZ-/node_modules/@vitest/runner/dist/index.js:1678:10)\n    at file:///C:/Users/shiva/OneDrive/Documents/GitHub/QUIZ-/node_modules/@vitest/runner/dist/index.js:1660:20\n    at new Promise (<anonymous>)\n    at runWithTimeout (file:///C:/Users/shiva/OneDrive/Documents/GitHub/QUIZ-/node_modules/@vitest/runner/dist/index.js:1627:10)\n    at file:///C:/Users/shiva/OneDrive/Documents/GitHub/QUIZ-/node_modules/@vitest/runner/dist/index.js:2309:64"],"meta":{},"tags":[]},{"ancestorTitles":["StudentNavbar – mobile hamburger menu (Requirement 8.6)"],"fullName":"StudentNavbar – mobile hamburger menu (Requirement 8.6) has hamburger menu state","status":"passed","title":"has hamburger menu state","duration":0.31119999999998527,"failureMessages":[],"meta":{},"tags":[]},{"ancestorTitles":["StudentNavbar – mobile hamburger menu (Requirement 8.6)"],"fullName":"StudentNavbar – mobile hamburger menu (Requirement 8.6) renders a mobile menu when open","status":"failed","title":"renders a mobile menu when open","duration":7.144900000000007,"failureMessages":["AssertionError: expected 'import { useState } from \\'react\\';\\r…' to contain 'data-testid=\"mobile-menu\"'\n    at C:/Users/shiva/OneDrive/Documents/GitHub/QUIZ-/src/components/StudentNavbar.test.ts:91:24\n    at file:///C:/Users/shiva/OneDrive/Documents/GitHub/QUIZ-/node_modules/@vitest/runner/dist/index.js:296:11\n    at file:///C:/Users/shiva/OneDrive/Documents/GitHub/QUIZ-/node_modules/@vitest/runner/dist/index.js:1258:26\n    at file:///C:/Users/shiva/OneDrive/Documents/GitHub/QUIZ-/node_modules/@vitest/runner/dist/index.js:1681:20\n    at new Promise (<anonymous>)\n    at runWithCancel (file:///C:/Users/shiva/OneDrive/Documents/GitHub/QUIZ-/node_modules/@vitest/runner/dist/index.js:1678:10)\n    at file:///C:/Users/shiva/OneDrive/Documents/GitHub/QUIZ-/node_modules/@vitest/runner/dist/index.js:1660:20\n    at new Promise (<anonymous>)\n    at runWithTimeout (file:///C:/Users/shiva/OneDrive/Documents/GitHub/QUIZ-/node_modules/@vitest/runner/dist/index.js:1627:10)\n    at file:///C:/Users/shiva/OneDrive/Documents/GitHub/QUIZ-/node_modules/@vitest/runner/dist/index.js:2309:64"],"meta":{},"tags":[]},{"ancestorTitles":["StudentNavbar – mobile hamburger menu (Requirement 8.6)"],"fullName":"StudentNavbar – mobile hamburger menu (Requirement 8.6) renders a hamburger toggle button","status":"failed","title":"renders a hamburger toggle button","duration":5.3834000000000515,"failureMessages":["AssertionError: expected 'import { useState } from \\'react\\';\\r…' to contain 'data-testid=\"hamburger-button\"'\n    at C:/Users/shiva/OneDrive/Documents/GitHub/QUIZ-/src/components/StudentNavbar.test.ts:95:24\n    at file:///C:/Users/shiva/OneDrive/Documents/GitHub/QUIZ-/node_modules/@vitest/runner/dist/index.js:296:11\n    at file:///C:/Users/shiva/OneDrive/Documents/GitHub/QUIZ-/node_modules/@vitest/runner/dist/index.js:1258:26\n    at file:///C:/Users/shiva/OneDrive/Documents/GitHub/QUIZ-/node_modules/@vitest/runner/dist/index.js:1681:20\n    at new Promise (<anonymous>)\n    at runWithCancel (file:///C:/Users/shiva/OneDrive/Documents/GitHub/QUIZ-/node_modules/@vitest/runner/dist/index.js:1678:10)\n    at file:///C:/Users/shiva/OneDrive/Documents/GitHub/QUIZ-/node_modules/@vitest/runner/dist/index.js:1660:20\n    at new Promise (<anonymous>)\n    at runWithTimeout (file:///C:/Users/shiva/OneDrive/Documents/GitHub/QUIZ-/node_modules/@vitest/runner/dist/index.js:1627:10)\n    at file:///C:/Users/shiva/OneDrive/Documents/GitHub/QUIZ-/node_modules/@vitest/runner/dist/index.js:2309:64"],"meta":{},"tags":[]},{"ancestorTitles":["StudentNavbar – Reports link (Requirements 1.1, 1.2, 1.3, 1.4)"],"fullName":"StudentNavbar – Reports link (Requirements 1.1, 1.2, 1.3, 1.4) includes a Reports link to /student/reports in desktop nav","status":"passed","title":"includes a Reports link to /student/reports in desktop nav","duration":0.18599999999992178,"failureMessages":[],"meta":{},"tags":[]},{"ancestorTitles":["StudentNavbar – Reports link (Requirements 1.1, 1.2, 1.3, 1.4)"],"fullName":"StudentNavbar – Reports link (Requirements 1.1, 1.2, 1.3, 1.4) accepts an optional activePage prop","status":"passed","title":"accepts an optional activePage prop","duration":1.2563000000000102,"failureMessages":[],"meta":{},"tags":[]},{"ancestorTitles":["StudentNavbar – Reports link (Requirements 1.1, 1.2, 1.3, 1.4)"],"fullName":"StudentNavbar – Reports link (Requirements 1.1, 1.2, 1.3, 1.4) applies active color when activePage is reports","status":"failed","title":"applies active color when activePage is reports","duration":5.70169999999996,"failureMessages":["AssertionError: expected 'import { useState } from \\'react\\';\\r…' to contain 'activePage === \\'reports\\''\n    at C:/Users/shiva/OneDrive/Documents/GitHub/QUIZ-/src/components/StudentNavbar.test.ts:116:24\n    at file:///C:/Users/shiva/OneDrive/Documents/GitHub/QUIZ-/node_modules/@vitest/runner/dist/index.js:296:11\n    at file:///C:/Users/shiva/OneDrive/Documents/GitHub/QUIZ-/node_modules/@vitest/runner/dist/index.js:1258:26\n    at file:///C:/Users/shiva/OneDrive/Documents/GitHub/QUIZ-/node_modules/@vitest/runner/dist/index.js:1681:20\n    at new Promise (<anonymous>)\n    at runWithCancel (file:///C:/Users/shiva/OneDrive/Documents/GitHub/QUIZ-/node_modules/@vitest/runner/dist/index.js:1678:10)\n    at file:///C:/Users/shiva/OneDrive/Documents/GitHub/QUIZ-/node_modules/@vitest/runner/dist/index.js:1660:20\n    at new Promise (<anonymous>)\n    at runWithTimeout (file:///C:/Users/shiva/OneDrive/Documents/GitHub/QUIZ-/node_modules/@vitest/runner/dist/index.js:1627:10)\n    at file:///C:/Users/shiva/OneDrive/Documents/GitHub/QUIZ-/node_modules/@vitest/runner/dist/index.js:2309:64"],"meta":{},"tags":[]},{"ancestorTitles":["StudentNavbar – Reports link (Requirements 1.1, 1.2, 1.3, 1.4)"],"fullName":"StudentNavbar – Reports link (Requirements 1.1, 1.2, 1.3, 1.4) applies active border when activePage is reports","status":"passed","title":"applies active border when activePage is reports","duration":0.24479999999994106,"failureMessages":[],"meta":{},"tags":[]},{"ancestorTitles":["StudentNavbar – Reports link (Requirements 1.1, 1.2, 1.3, 1.4)"],"fullName":"StudentNavbar – Reports link (Requirements 1.1, 1.2, 1.3, 1.4) includes Reports link in mobile menu","status":"failed","title":"includes Reports link in mobile menu","duration":1.505899999999997,"failureMessages":["AssertionError: expected 1 to be greater than or equal to 2\n    at C:/Users/shiva/OneDrive/Documents/GitHub/QUIZ-/src/components/StudentNavbar.test.ts:127:33\n    at file:///C:/Users/shiva/OneDrive/Documents/GitHub/QUIZ-/node_modules/@vitest/runner/dist/index.js:296:11\n    at file:///C:/Users/shiva/OneDrive/Documents/GitHub/QUIZ-/node_modules/@vitest/runner/dist/index.js:1258:26\n    at file:///C:/Users/shiva/OneDrive/Documents/GitHub/QUIZ-/node_modules/@vitest/runner/dist/index.js:1681:20\n    at new Promise (<anonymous>)\n    at runWithCancel (file:///C:/Users/shiva/OneDrive/Documents/GitHub/QUIZ-/node_modules/@vitest/runner/dist/index.js:1678:10)\n    at file:///C:/Users/shiva/OneDrive/Documents/GitHub/QUIZ-/node_modules/@vitest/runner/dist/index.js:1660:20\n    at new Promise (<anonymous>)\n    at runWithTimeout (file:///C:/Users/shiva/OneDrive/Documents/GitHub/QUIZ-/node_modules/@vitest/runner/dist/index.js:1627:10)\n    at file:///C:/Users/shiva/OneDrive/Documents/GitHub/QUIZ-/node_modules/@vitest/runner/dist/index.js:2309:64"],"meta":{},"tags":[]},{"ancestorTitles":["StudentNavbar – Library link (Requirement 3.1)"],"fullName":"StudentNavbar – Library link (Requirement 3.1) navLinks array contains a Library entry pointing to /student/library","status":"passed","title":"navLinks array contains a Library entry pointing to /student/library","duration":0.2074999999999818,"failureMessages":[],"meta":{},"tags":[]},{"ancestorTitles":["StudentNavbar – Library link (Requirement 3.1)"],"fullName":"StudentNavbar – Library link (Requirement 3.1) Library link uses the Library icon from lucide-react","status":"passed","title":"Library link uses the Library icon from lucide-react","duration":0.1369000000000824,"failureMessages":[],"meta":{},"tags":[]}],"startTime":1775251444171,"endTime":1775251444230.2075,"status":"failed","message":"","name":"C:/Users/shiva/OneDrive/Documents/GitHub/QUIZ-/src/components/StudentNavbar.test.ts"},{"assertionResults":[{"ancestorTitles":["StudentRoute – unauthenticated user (Requirement 2.6)"],"fullName":"StudentRoute – unauthenticated user (Requirement 2.6) redirects to /login when user is not authenticated","status":"passed","title":"redirects to /login when user is not authenticated","duration":2.248100000000022,"failureMessages":[],"meta":{},"tags":[]},{"ancestorTitles":["StudentRoute – unauthenticated user (Requirement 2.6)"],"fullName":"StudentRoute – unauthenticated user (Requirement 2.6) uses Navigate for the redirect","status":"passed","title":"uses Navigate for the redirect","duration":0.26959999999996853,"failureMessages":[],"meta":{},"tags":[]},{"ancestorTitles":["StudentRoute – unauthenticated user (Requirement 2.6)"],"fullName":"StudentRoute – unauthenticated user (Requirement 2.6) checks for absence of user before redirecting to login","status":"passed","title":"checks for absence of user before redirecting to login","duration":0.2177000000000362,"failureMessages":[],"meta":{},"tags":[]},{"ancestorTitles":["StudentRoute – teacher role (Requirement 2.5)"],"fullName":"StudentRoute – teacher role (Requirement 2.5) redirects to /teacher when role is teacher","status":"passed","title":"redirects to /teacher when role is teacher","duration":0.23039999999991778,"failureMessages":[],"meta":{},"tags":[]},{"ancestorTitles":["StudentRoute – teacher role (Requirement 2.5)"],"fullName":"StudentRoute – teacher role (Requirement 2.5) checks userProfile role for teacher","status":"failed","title":"checks userProfile role for teacher","duration":11.863500000000045,"failureMessages":["AssertionError: expected 'import type { ReactNode } from \\'reac…' to contain 'role === \\'teacher\\''\n    at C:/Users/shiva/OneDrive/Documents/GitHub/QUIZ-/src/components/StudentRoute.test.ts:37:24\n    at file:///C:/Users/shiva/OneDrive/Documents/GitHub/QUIZ-/node_modules/@vitest/runner/dist/index.js:296:11\n    at file:///C:/Users/shiva/OneDrive/Documents/GitHub/QUIZ-/node_modules/@vitest/runner/dist/index.js:1258:26\n    at file:///C:/Users/shiva/OneDrive/Documents/GitHub/QUIZ-/node_modules/@vitest/runner/dist/index.js:1681:20\n    at new Promise (<anonymous>)\n    at runWithCancel (file:///C:/Users/shiva/OneDrive/Documents/GitHub/QUIZ-/node_modules/@vitest/runner/dist/index.js:1678:10)\n    at file:///C:/Users/shiva/OneDrive/Documents/GitHub/QUIZ-/node_modules/@vitest/runner/dist/index.js:1660:20\n    at new Promise (<anonymous>)\n    at runWithTimeout (file:///C:/Users/shiva/OneDrive/Documents/GitHub/QUIZ-/node_modules/@vitest/runner/dist/index.js:1627:10)\n    at file:///C:/Users/shiva/OneDrive/Documents/GitHub/QUIZ-/node_modules/@vitest/runner/dist/index.js:2309:64"],"meta":{},"tags":[]},{"ancestorTitles":["StudentRoute – authenticated student"],"fullName":"StudentRoute – authenticated student renders children for authenticated students","status":"passed","title":"renders children for authenticated students","duration":0.38209999999992306,"failureMessages":[],"meta":{},"tags":[]},{"ancestorTitles":["StudentRoute – authenticated student"],"fullName":"StudentRoute – authenticated student uses replace on Navigate redirects","status":"passed","title":"uses replace on Navigate redirects","duration":0.23439999999993688,"failureMessages":[],"meta":{},"tags":[]},{"ancestorTitles":["StudentRoute – authenticated student"],"fullName":"StudentRoute – authenticated student handles loading state","status":"passed","title":"handles loading state","duration":0.22349999999994452,"failureMessages":[],"meta":{},"tags":[]},{"ancestorTitles":["StudentRoute – component structure"],"fullName":"StudentRoute – component structure imports useAuth hook","status":"passed","title":"imports useAuth hook","duration":0.22659999999996217,"failureMessages":[],"meta":{},"tags":[]},{"ancestorTitles":["StudentRoute – component structure"],"fullName":"StudentRoute – component structure imports Navigate from react-router-dom","status":"passed","title":"imports Navigate from react-router-dom","duration":0.2968999999999369,"failureMessages":[],"meta":{},"tags":[]},{"ancestorTitles":["StudentRoute – component structure"],"fullName":"StudentRoute – component structure exports StudentRoute function","status":"passed","title":"exports StudentRoute function","duration":0.18079999999997654,"failureMessages":[],"meta":{},"tags":[]},{"ancestorTitles":["PRESERVATION 5.4 — StudentRoute: unauthenticated user redirects to /login"],"fullName":"PRESERVATION 5.4 — StudentRoute: unauthenticated user redirects to /login source contains Navigate redirect to /login","status":"passed","title":"source contains Navigate redirect to /login","duration":0.15019999999992706,"failureMessages":[],"meta":{},"tags":[]},{"ancestorTitles":["PRESERVATION 5.4 — StudentRoute: unauthenticated user redirects to /login"],"fullName":"PRESERVATION 5.4 — StudentRoute: unauthenticated user redirects to /login source checks !user before redirecting to /login","status":"passed","title":"source checks !user before redirecting to /login","duration":0.13859999999999673,"failureMessages":[],"meta":{},"tags":[]},{"ancestorTitles":["PRESERVATION 5.4 — StudentRoute: unauthenticated user redirects to /login"],"fullName":"PRESERVATION 5.4 — StudentRoute: unauthenticated user redirects to /login Property — unauthenticated state always maps to /login redirect","status":"passed","title":"Property — unauthenticated state always maps to /login redirect","duration":3.561300000000074,"failureMessages":[],"meta":{},"tags":[]},{"ancestorTitles":["PRESERVATION 5.5 — StudentRoute: teacher redirects to /teacher"],"fullName":"PRESERVATION 5.5 — StudentRoute: teacher redirects to /teacher source contains Navigate redirect to /teacher","status":"passed","title":"source contains Navigate redirect to /teacher","duration":0.22199999999998,"failureMessages":[],"meta":{},"tags":[]},{"ancestorTitles":["PRESERVATION 5.5 — StudentRoute: teacher redirects to /teacher"],"fullName":"PRESERVATION 5.5 — StudentRoute: teacher redirects to /teacher source checks userProfile role for 'teacher'","status":"failed","title":"source checks userProfile role for 'teacher'","duration":2.970700000000079,"failureMessages":["AssertionError: expected 'import type { ReactNode } from \\'reac…' to contain 'role === \\'teacher\\''\n    at C:/Users/shiva/OneDrive/Documents/GitHub/QUIZ-/src/components/StudentRoute.test.ts:121:24\n    at file:///C:/Users/shiva/OneDrive/Documents/GitHub/QUIZ-/node_modules/@vitest/runner/dist/index.js:296:11\n    at file:///C:/Users/shiva/OneDrive/Documents/GitHub/QUIZ-/node_modules/@vitest/runner/dist/index.js:1258:26\n    at file:///C:/Users/shiva/OneDrive/Documents/GitHub/QUIZ-/node_modules/@vitest/runner/dist/index.js:1681:20\n    at new Promise (<anonymous>)\n    at runWithCancel (file:///C:/Users/shiva/OneDrive/Documents/GitHub/QUIZ-/node_modules/@vitest/runner/dist/index.js:1678:10)\n    at file:///C:/Users/shiva/OneDrive/Documents/GitHub/QUIZ-/node_modules/@vitest/runner/dist/index.js:1660:20\n    at new Promise (<anonymous>)\n    at runWithTimeout (file:///C:/Users/shiva/OneDrive/Documents/GitHub/QUIZ-/node_modules/@vitest/runner/dist/index.js:1627:10)\n    at file:///C:/Users/shiva/OneDrive/Documents/GitHub/QUIZ-/node_modules/@vitest/runner/dist/index.js:2309:64"],"meta":{},"tags":[]},{"ancestorTitles":["PRESERVATION 5.5 — StudentRoute: teacher redirects to /teacher"],"fullName":"PRESERVATION 5.5 — StudentRoute: teacher redirects to /teacher getRedirectPath maps teacher role to /teacher","status":"passed","title":"getRedirectPath maps teacher role to /teacher","duration":0.4802999999999429,"failureMessages":[],"meta":{},"tags":[]},{"ancestorTitles":["PRESERVATION 5.5 — StudentRoute: teacher redirects to /teacher"],"fullName":"PRESERVATION 5.5 — StudentRoute: teacher redirects to /teacher Property — teacher role always maps to /teacher redirect in StudentRoute","status":"passed","title":"Property — teacher role always maps to /teacher redirect in StudentRoute","duration":33.368799999999965,"failureMessages":[],"meta":{},"tags":[]},{"ancestorTitles":["PRESERVATION 5.6 — StudentRoute: student renders children"],"fullName":"PRESERVATION 5.6 — StudentRoute: student renders children source renders children for authenticated students","status":"passed","title":"source renders children for authenticated students","duration":0.2906000000000404,"failureMessages":[],"meta":{},"tags":[]},{"ancestorTitles":["PRESERVATION 5.6 — StudentRoute: student renders children"],"fullName":"PRESERVATION 5.6 — StudentRoute: student renders children source does not redirect students (no to=\"/student/dashboard\" in StudentRoute)","status":"passed","title":"source does not redirect students (no to=\"/student/dashboard\" in StudentRoute)","duration":0.2999999999999545,"failureMessages":[],"meta":{},"tags":[]},{"ancestorTitles":["PRESERVATION 5.6 — StudentRoute: student renders children"],"fullName":"PRESERVATION 5.6 — StudentRoute: student renders children source returns children as a fragment","status":"passed","title":"source returns children as a fragment","duration":0.20900000000006003,"failureMessages":[],"meta":{},"tags":[]},{"ancestorTitles":["PRESERVATION 5.6 — StudentRoute: student renders children"],"fullName":"PRESERVATION 5.6 — StudentRoute: student renders children Property — student role passes through StudentRoute (no redirect)","status":"passed","title":"Property — student role passes through StudentRoute (no redirect)","duration":5.961399999999912,"failureMessages":[],"meta":{},"tags":[]}],"startTime":1775251444522,"endTime":1775251444586.9614,"status":"failed","message":"","name":"C:/Users/shiva/OneDrive/Documents/GitHub/QUIZ-/src/components/StudentRoute.test.ts"},{"assertionResults":[{"ancestorTitles":["TeacherSidebar navItems – count and labels"],"fullName":"TeacherSidebar navItems – count and labels has exactly four nav items","status":"failed","title":"has exactly four nav items","duration":4.8957000000000335,"failureMessages":["AssertionError: Target cannot be null or undefined.\n    at Proxy.<anonymous> (file:///C:/Users/shiva/OneDrive/Documents/GitHub/QUIZ-/node_modules/@vitest/expect/dist/index.js:1384:20)\n    at Proxy.<anonymous> (file:///C:/Users/shiva/OneDrive/Documents/GitHub/QUIZ-/node_modules/@vitest/expect/dist/index.js:1151:15)\n    at Proxy.methodWrapper (file:///C:/Users/shiva/OneDrive/Documents/GitHub/QUIZ-/node_modules/chai/index.js:1700:25)\n    at C:/Users/shiva/OneDrive/Documents/GitHub/QUIZ-/src/components/TeacherSidebar.test.ts:19:22\n    at file:///C:/Users/shiva/OneDrive/Documents/GitHub/QUIZ-/node_modules/@vitest/runner/dist/index.js:296:11\n    at file:///C:/Users/shiva/OneDrive/Documents/GitHub/QUIZ-/node_modules/@vitest/runner/dist/index.js:1258:26\n    at file:///C:/Users/shiva/OneDrive/Documents/GitHub/QUIZ-/node_modules/@vitest/runner/dist/index.js:1681:20\n    at new Promise (<anonymous>)\n    at runWithCancel (file:///C:/Users/shiva/OneDrive/Documents/GitHub/QUIZ-/node_modules/@vitest/runner/dist/index.js:1678:10)\n    at file:///C:/Users/shiva/OneDrive/Documents/GitHub/QUIZ-/node_modules/@vitest/runner/dist/index.js:1660:20"],"meta":{},"tags":[]},{"ancestorTitles":["TeacherSidebar navItems – count and labels"],"fullName":"TeacherSidebar navItems – count and labels contains the correct labels in order","status":"failed","title":"contains the correct labels in order","duration":0.5960000000000036,"failureMessages":["TypeError: Cannot read properties of undefined (reading 'map')\n    at C:/Users/shiva/OneDrive/Documents/GitHub/QUIZ-/src/components/TeacherSidebar.test.ts:23:29\n    at file:///C:/Users/shiva/OneDrive/Documents/GitHub/QUIZ-/node_modules/@vitest/runner/dist/index.js:296:11\n    at file:///C:/Users/shiva/OneDrive/Documents/GitHub/QUIZ-/node_modules/@vitest/runner/dist/index.js:1258:26\n    at file:///C:/Users/shiva/OneDrive/Documents/GitHub/QUIZ-/node_modules/@vitest/runner/dist/index.js:1681:20\n    at new Promise (<anonymous>)\n    at runWithCancel (file:///C:/Users/shiva/OneDrive/Documents/GitHub/QUIZ-/node_modules/@vitest/runner/dist/index.js:1678:10)\n    at file:///C:/Users/shiva/OneDrive/Documents/GitHub/QUIZ-/node_modules/@vitest/runner/dist/index.js:1660:20\n    at new Promise (<anonymous>)\n    at runWithTimeout (file:///C:/Users/shiva/OneDrive/Documents/GitHub/QUIZ-/node_modules/@vitest/runner/dist/index.js:1627:10)\n    at file:///C:/Users/shiva/OneDrive/Documents/GitHub/QUIZ-/node_modules/@vitest/runner/dist/index.js:2309:64"],"meta":{},"tags":[]},{"ancestorTitles":["TeacherSidebar navItems – count and labels"],"fullName":"TeacherSidebar navItems – count and labels does not contain a \"Students\" item","status":"failed","title":"does not contain a \"Students\" item","duration":0.4088000000001557,"failureMessages":["TypeError: Cannot read properties of undefined (reading 'some')\n    at C:/Users/shiva/OneDrive/Documents/GitHub/QUIZ-/src/components/TeacherSidebar.test.ts:28:34\n    at file:///C:/Users/shiva/OneDrive/Documents/GitHub/QUIZ-/node_modules/@vitest/runner/dist/index.js:296:11\n    at file:///C:/Users/shiva/OneDrive/Documents/GitHub/QUIZ-/node_modules/@vitest/runner/dist/index.js:1258:26\n    at file:///C:/Users/shiva/OneDrive/Documents/GitHub/QUIZ-/node_modules/@vitest/runner/dist/index.js:1681:20\n    at new Promise (<anonymous>)\n    at runWithCancel (file:///C:/Users/shiva/OneDrive/Documents/GitHub/QUIZ-/node_modules/@vitest/runner/dist/index.js:1678:10)\n    at file:///C:/Users/shiva/OneDrive/Documents/GitHub/QUIZ-/node_modules/@vitest/runner/dist/index.js:1660:20\n    at new Promise (<anonymous>)\n    at runWithTimeout (file:///C:/Users/shiva/OneDrive/Documents/GitHub/QUIZ-/node_modules/@vitest/runner/dist/index.js:1627:10)\n    at file:///C:/Users/shiva/OneDrive/Documents/GitHub/QUIZ-/node_modules/@vitest/runner/dist/index.js:2309:64"],"meta":{},"tags":[]},{"ancestorTitles":["TeacherSidebar navItems – count and labels"],"fullName":"TeacherSidebar navItems – count and labels Property 1 – every label is one of the four expected labels","status":"failed","title":"Property 1 – every label is one of the four expected labels","duration":0.3647000000000844,"failureMessages":["TypeError: __vite_ssr_import_2__.navItems is not iterable (cannot read property undefined)\n    at C:/Users/shiva/OneDrive/Documents/GitHub/QUIZ-/src/components/TeacherSidebar.test.ts:35:22\n    at file:///C:/Users/shiva/OneDrive/Documents/GitHub/QUIZ-/node_modules/@vitest/runner/dist/index.js:296:11\n    at file:///C:/Users/shiva/OneDrive/Documents/GitHub/QUIZ-/node_modules/@vitest/runner/dist/index.js:1258:26\n    at file:///C:/Users/shiva/OneDrive/Documents/GitHub/QUIZ-/node_modules/@vitest/runner/dist/index.js:1681:20\n    at new Promise (<anonymous>)\n    at runWithCancel (file:///C:/Users/shiva/OneDrive/Documents/GitHub/QUIZ-/node_modules/@vitest/runner/dist/index.js:1678:10)\n    at file:///C:/Users/shiva/OneDrive/Documents/GitHub/QUIZ-/node_modules/@vitest/runner/dist/index.js:1660:20\n    at new Promise (<anonymous>)\n    at runWithTimeout (file:///C:/Users/shiva/OneDrive/Documents/GitHub/QUIZ-/node_modules/@vitest/runner/dist/index.js:1627:10)\n    at file:///C:/Users/shiva/OneDrive/Documents/GitHub/QUIZ-/node_modules/@vitest/runner/dist/index.js:2309:64"],"meta":{},"tags":[]},{"ancestorTitles":["TeacherSidebar navItems – paths"],"fullName":"TeacherSidebar navItems – paths each item links to the correct path","status":"failed","title":"each item links to the correct path","duration":0.33349999999995816,"failureMessages":["TypeError: Cannot read properties of undefined (reading 'find')\n    at C:/Users/shiva/OneDrive/Documents/GitHub/QUIZ-/src/components/TeacherSidebar.test.ts:51:29\n    at Array.forEach (<anonymous>)\n    at C:/Users/shiva/OneDrive/Documents/GitHub/QUIZ-/src/components/TeacherSidebar.test.ts:50:20\n    at file:///C:/Users/shiva/OneDrive/Documents/GitHub/QUIZ-/node_modules/@vitest/runner/dist/index.js:296:11\n    at file:///C:/Users/shiva/OneDrive/Documents/GitHub/QUIZ-/node_modules/@vitest/runner/dist/index.js:1258:26\n    at file:///C:/Users/shiva/OneDrive/Documents/GitHub/QUIZ-/node_modules/@vitest/runner/dist/index.js:1681:20\n    at new Promise (<anonymous>)\n    at runWithCancel (file:///C:/Users/shiva/OneDrive/Documents/GitHub/QUIZ-/node_modules/@vitest/runner/dist/index.js:1678:10)\n    at file:///C:/Users/shiva/OneDrive/Documents/GitHub/QUIZ-/node_modules/@vitest/runner/dist/index.js:1660:20\n    at new Promise (<anonymous>)"],"meta":{},"tags":[]},{"ancestorTitles":["TeacherSidebar navItems – paths"],"fullName":"TeacherSidebar navItems – paths Property 2 – every item path matches its expected path","status":"failed","title":"Property 2 – every item path matches its expected path","duration":0.29529999999999745,"failureMessages":["TypeError: __vite_ssr_import_2__.navItems is not iterable (cannot read property undefined)\n    at C:/Users/shiva/OneDrive/Documents/GitHub/QUIZ-/src/components/TeacherSidebar.test.ts:60:22\n    at file:///C:/Users/shiva/OneDrive/Documents/GitHub/QUIZ-/node_modules/@vitest/runner/dist/index.js:296:11\n    at file:///C:/Users/shiva/OneDrive/Documents/GitHub/QUIZ-/node_modules/@vitest/runner/dist/index.js:1258:26\n    at file:///C:/Users/shiva/OneDrive/Documents/GitHub/QUIZ-/node_modules/@vitest/runner/dist/index.js:1681:20\n    at new Promise (<anonymous>)\n    at runWithCancel (file:///C:/Users/shiva/OneDrive/Documents/GitHub/QUIZ-/node_modules/@vitest/runner/dist/index.js:1678:10)\n    at file:///C:/Users/shiva/OneDrive/Documents/GitHub/QUIZ-/node_modules/@vitest/runner/dist/index.js:1660:20\n    at new Promise (<anonymous>)\n    at runWithTimeout (file:///C:/Users/shiva/OneDrive/Documents/GitHub/QUIZ-/node_modules/@vitest/runner/dist/index.js:1627:10)\n    at file:///C:/Users/shiva/OneDrive/Documents/GitHub/QUIZ-/node_modules/@vitest/runner/dist/index.js:2309:64"],"meta":{},"tags":[]}],"startTime":1775251446299,"endTime":1775251446306.3647,"status":"failed","message":"","name":"C:/Users/shiva/OneDrive/Documents/GitHub/QUIZ-/src/components/TeacherSidebar.test.ts"},{"assertionResults":[{"ancestorTitles":["PERFORMANCE_CONFIG"],"fullName":"PERFORMANCE_CONFIG MAX_CONCURRENT_STUDENTS is 1000","status":"passed","title":"MAX_CONCURRENT_STUDENTS is 1000","duration":2.3922000000000025,"failureMessages":[],"meta":{},"tags":[]},{"ancestorTitles":["PERFORMANCE_CONFIG"],"fullName":"PERFORMANCE_CONFIG retains all other original values","status":"failed","title":"retains all other original values","duration":8.627100000000041,"failureMessages":["AssertionError: expected 1000 to be 500 // Object.is equality\n    at C:/Users/shiva/OneDrive/Documents/GitHub/QUIZ-/src/config/performance.test.ts:10:53\n    at file:///C:/Users/shiva/OneDrive/Documents/GitHub/QUIZ-/node_modules/@vitest/runner/dist/index.js:296:11\n    at file:///C:/Users/shiva/OneDrive/Documents/GitHub/QUIZ-/node_modules/@vitest/runner/dist/index.js:1258:26\n    at file:///C:/Users/shiva/OneDrive/Documents/GitHub/QUIZ-/node_modules/@vitest/runner/dist/index.js:1681:20\n    at new Promise (<anonymous>)\n    at runWithCancel (file:///C:/Users/shiva/OneDrive/Documents/GitHub/QUIZ-/node_modules/@vitest/runner/dist/index.js:1678:10)\n    at file:///C:/Users/shiva/OneDrive/Documents/GitHub/QUIZ-/node_modules/@vitest/runner/dist/index.js:1660:20\n    at new Promise (<anonymous>)\n    at runWithTimeout (file:///C:/Users/shiva/OneDrive/Documents/GitHub/QUIZ-/node_modules/@vitest/runner/dist/index.js:1627:10)\n    at file:///C:/Users/shiva/OneDrive/Documents/GitHub/QUIZ-/node_modules/@vitest/runner/dist/index.js:2309:64"],"meta":{},"tags":[]},{"ancestorTitles":["ANTI_CHEAT_CONFIG"],"fullName":"ANTI_CHEAT_CONFIG retains all original values","status":"passed","title":"retains all original values","duration":0.6383999999999332,"failureMessages":[],"meta":{},"tags":[]},{"ancestorTitles":["SCORING_CONFIG"],"fullName":"SCORING_CONFIG retains all original values","status":"passed","title":"retains all original values","duration":0.3507000000000744,"failureMessages":[],"meta":{},"tags":[]}],"startTime":1775251445054,"endTime":1775251445067.3506,"status":"failed","message":"","name":"C:/Users/shiva/OneDrive/Documents/GitHub/QUIZ-/src/config/performance.test.ts"},{"assertionResults":[{"ancestorTitles":["PRESERVATION 5.7 — signOut clears localStorage role and sets user to null"],"fullName":"PRESERVATION 5.7 — signOut clears localStorage role and sets user to null source calls localStorage.removeItem with userRole key on sign-out","status":"failed","title":"source calls localStorage.removeItem with userRole key on sign-out","duration":23.487999999999943,"failureMessages":["AssertionError: expected 'import { createContext, useContext, u…' to contain 'localStorage.removeItem(\\'userRole\\')'\n    at C:/Users/shiva/OneDrive/Documents/GitHub/QUIZ-/src/contexts/AuthContext.test.ts:21:24\n    at file:///C:/Users/shiva/OneDrive/Documents/GitHub/QUIZ-/node_modules/@vitest/runner/dist/index.js:296:11\n    at file:///C:/Users/shiva/OneDrive/Documents/GitHub/QUIZ-/node_modules/@vitest/runner/dist/index.js:1258:26\n    at file:///C:/Users/shiva/OneDrive/Documents/GitHub/QUIZ-/node_modules/@vitest/runner/dist/index.js:1681:20\n    at new Promise (<anonymous>)\n    at runWithCancel (file:///C:/Users/shiva/OneDrive/Documents/GitHub/QUIZ-/node_modules/@vitest/runner/dist/index.js:1678:10)\n    at file:///C:/Users/shiva/OneDrive/Documents/GitHub/QUIZ-/node_modules/@vitest/runner/dist/index.js:1660:20\n    at new Promise (<anonymous>)\n    at runWithTimeout (file:///C:/Users/shiva/OneDrive/Documents/GitHub/QUIZ-/node_modules/@vitest/runner/dist/index.js:1627:10)\n    at file:///C:/Users/shiva/OneDrive/Documents/GitHub/QUIZ-/node_modules/@vitest/runner/dist/index.js:2309:64"],"meta":{},"tags":[]},{"ancestorTitles":["PRESERVATION 5.7 — signOut clears localStorage role and sets user to null"],"fullName":"PRESERVATION 5.7 — signOut clears localStorage role and sets user to null source sets user to null on sign-out","status":"passed","title":"source sets user to null on sign-out","duration":0.4399999999999409,"failureMessages":[],"meta":{},"tags":[]},{"ancestorTitles":["PRESERVATION 5.7 — signOut clears localStorage role and sets user to null"],"fullName":"PRESERVATION 5.7 — signOut clears localStorage role and sets user to null source sets userProfile to null on sign-out","status":"passed","title":"source sets userProfile to null on sign-out","duration":0.21619999999995798,"failureMessages":[],"meta":{},"tags":[]},{"ancestorTitles":["PRESERVATION 5.7 — signOut clears localStorage role and sets user to null"],"fullName":"PRESERVATION 5.7 — signOut clears localStorage role and sets user to null source calls firebaseSignOut on sign-out","status":"failed","title":"source calls firebaseSignOut on sign-out","duration":7.535799999999995,"failureMessages":["AssertionError: expected 'import { createContext, useContext, u…' to contain 'firebaseSignOut(auth)'\n    at C:/Users/shiva/OneDrive/Documents/GitHub/QUIZ-/src/contexts/AuthContext.test.ts:33:24\n    at file:///C:/Users/shiva/OneDrive/Documents/GitHub/QUIZ-/node_modules/@vitest/runner/dist/index.js:296:11\n    at file:///C:/Users/shiva/OneDrive/Documents/GitHub/QUIZ-/node_modules/@vitest/runner/dist/index.js:1258:26\n    at file:///C:/Users/shiva/OneDrive/Documents/GitHub/QUIZ-/node_modules/@vitest/runner/dist/index.js:1681:20\n    at new Promise (<anonymous>)\n    at runWithCancel (file:///C:/Users/shiva/OneDrive/Documents/GitHub/QUIZ-/node_modules/@vitest/runner/dist/index.js:1678:10)\n    at file:///C:/Users/shiva/OneDrive/Documents/GitHub/QUIZ-/node_modules/@vitest/runner/dist/index.js:1660:20\n    at new Promise (<anonymous>)\n    at runWithTimeout (file:///C:/Users/shiva/OneDrive/Documents/GitHub/QUIZ-/node_modules/@vitest/runner/dist/index.js:1627:10)\n    at file:///C:/Users/shiva/OneDrive/Documents/GitHub/QUIZ-/node_modules/@vitest/runner/dist/index.js:2309:64"],"meta":{},"tags":[]},{"ancestorTitles":["PRESERVATION 5.7 — signOut clears localStorage role and sets user to null"],"fullName":"PRESERVATION 5.7 — signOut clears localStorage role and sets user to null signOut function is async","status":"passed","title":"signOut function is async","duration":0.31150000000002365,"failureMessages":[],"meta":{},"tags":[]},{"ancestorTitles":["PRESERVATION 5.7 — signOut clears localStorage role and sets user to null"],"fullName":"PRESERVATION 5.7 — signOut clears localStorage role and sets user to null signOut awaits the Firebase sign-out call","status":"failed","title":"signOut awaits the Firebase sign-out call","duration":4.336099999999988,"failureMessages":["AssertionError: expected 'import { createContext, useContext, u…' to contain 'await firebaseSignOut(auth)'\n    at C:/Users/shiva/OneDrive/Documents/GitHub/QUIZ-/src/contexts/AuthContext.test.ts:41:24\n    at file:///C:/Users/shiva/OneDrive/Documents/GitHub/QUIZ-/node_modules/@vitest/runner/dist/index.js:296:11\n    at file:///C:/Users/shiva/OneDrive/Documents/GitHub/QUIZ-/node_modules/@vitest/runner/dist/index.js:1258:26\n    at file:///C:/Users/shiva/OneDrive/Documents/GitHub/QUIZ-/node_modules/@vitest/runner/dist/index.js:1681:20\n    at new Promise (<anonymous>)\n    at runWithCancel (file:///C:/Users/shiva/OneDrive/Documents/GitHub/QUIZ-/node_modules/@vitest/runner/dist/index.js:1678:10)\n    at file:///C:/Users/shiva/OneDrive/Documents/GitHub/QUIZ-/node_modules/@vitest/runner/dist/index.js:1660:20\n    at new Promise (<anonymous>)\n    at runWithTimeout (file:///C:/Users/shiva/OneDrive/Documents/GitHub/QUIZ-/node_modules/@vitest/runner/dist/index.js:1627:10)\n    at file:///C:/Users/shiva/OneDrive/Documents/GitHub/QUIZ-/node_modules/@vitest/runner/dist/index.js:2309:64"],"meta":{},"tags":[]},{"ancestorTitles":["PRESERVATION 5.7 — signOut clears localStorage role and sets user to null"],"fullName":"PRESERVATION 5.7 — signOut clears localStorage role and sets user to null signOut is exposed in the AuthContext value","status":"failed","title":"signOut is exposed in the AuthContext value","duration":7.0756999999999834,"failureMessages":["AssertionError: expected 'import { createContext, useContext, u…' to contain '{ user, userProfile, loading, signUp,…'\n    at C:/Users/shiva/OneDrive/Documents/GitHub/QUIZ-/src/contexts/AuthContext.test.ts:47:24\n    at file:///C:/Users/shiva/OneDrive/Documents/GitHub/QUIZ-/node_modules/@vitest/runner/dist/index.js:296:11\n    at file:///C:/Users/shiva/OneDrive/Documents/GitHub/QUIZ-/node_modules/@vitest/runner/dist/index.js:1258:26\n    at file:///C:/Users/shiva/OneDrive/Documents/GitHub/QUIZ-/node_modules/@vitest/runner/dist/index.js:1681:20\n    at new Promise (<anonymous>)\n    at runWithCancel (file:///C:/Users/shiva/OneDrive/Documents/GitHub/QUIZ-/node_modules/@vitest/runner/dist/index.js:1678:10)\n    at file:///C:/Users/shiva/OneDrive/Documents/GitHub/QUIZ-/node_modules/@vitest/runner/dist/index.js:1660:20\n    at new Promise (<anonymous>)\n    at runWithTimeout (file:///C:/Users/shiva/OneDrive/Documents/GitHub/QUIZ-/node_modules/@vitest/runner/dist/index.js:1627:10)\n    at file:///C:/Users/shiva/OneDrive/Documents/GitHub/QUIZ-/node_modules/@vitest/runner/dist/index.js:2309:64"],"meta":{},"tags":[]},{"ancestorTitles":["PRESERVATION 5.7 — signOut clears localStorage role and sets user to null"],"fullName":"PRESERVATION 5.7 — signOut clears localStorage role and sets user to null Property — signOut behavior: localStorage.removeItem is always called with userRole","status":"passed","title":"Property — signOut behavior: localStorage.removeItem is always called with userRole","duration":3.1305000000000973,"failureMessages":[],"meta":{},"tags":[]},{"ancestorTitles":["PRESERVATION 5.7 — signOut clears localStorage role and sets user to null"],"fullName":"PRESERVATION 5.7 — signOut clears localStorage role and sets user to null Property — signOut always clears role regardless of what was stored","status":"passed","title":"Property — signOut always clears role regardless of what was stored","duration":7.382200000000012,"failureMessages":[],"meta":{},"tags":[]},{"ancestorTitles":["AuthContext — structure"],"fullName":"AuthContext — structure exports AuthProvider","status":"passed","title":"exports AuthProvider","duration":0.24900000000002365,"failureMessages":[],"meta":{},"tags":[]},{"ancestorTitles":["AuthContext — structure"],"fullName":"AuthContext — structure exports useAuth hook","status":"passed","title":"exports useAuth hook","duration":0.11910000000000309,"failureMessages":[],"meta":{},"tags":[]},{"ancestorTitles":["AuthContext — structure"],"fullName":"AuthContext — structure reads userRole from localStorage in onAuthStateChanged","status":"failed","title":"reads userRole from localStorage in onAuthStateChanged","duration":2.787400000000048,"failureMessages":["AssertionError: expected 'import { createContext, useContext, u…' to contain 'localStorage.getItem(\\'userRole\\')'\n    at C:/Users/shiva/OneDrive/Documents/GitHub/QUIZ-/src/contexts/AuthContext.test.ts:111:24\n    at file:///C:/Users/shiva/OneDrive/Documents/GitHub/QUIZ-/node_modules/@vitest/runner/dist/index.js:296:11\n    at file:///C:/Users/shiva/OneDrive/Documents/GitHub/QUIZ-/node_modules/@vitest/runner/dist/index.js:1258:26\n    at file:///C:/Users/shiva/OneDrive/Documents/GitHub/QUIZ-/node_modules/@vitest/runner/dist/index.js:1681:20\n    at new Promise (<anonymous>)\n    at runWithCancel (file:///C:/Users/shiva/OneDrive/Documents/GitHub/QUIZ-/node_modules/@vitest/runner/dist/index.js:1678:10)\n    at file:///C:/Users/shiva/OneDrive/Documents/GitHub/QUIZ-/node_modules/@vitest/runner/dist/index.js:1660:20\n    at new Promise (<anonymous>)\n    at runWithTimeout (file:///C:/Users/shiva/OneDrive/Documents/GitHub/QUIZ-/node_modules/@vitest/runner/dist/index.js:1627:10)\n    at file:///C:/Users/shiva/OneDrive/Documents/GitHub/QUIZ-/node_modules/@vitest/runner/dist/index.js:2309:64"],"meta":{},"tags":[]},{"ancestorTitles":["AuthContext — structure"],"fullName":"AuthContext — structure populates userProfile after onAuthStateChanged fires","status":"failed","title":"populates userProfile after onAuthStateChanged fires","duration":3.5883999999999787,"failureMessages":["AssertionError: expected 'import { createContext, useContext, u…' to contain 'setUserProfile(buildUserProfile'\n    at C:/Users/shiva/OneDrive/Documents/GitHub/QUIZ-/src/contexts/AuthContext.test.ts:115:24\n    at file:///C:/Users/shiva/OneDrive/Documents/GitHub/QUIZ-/node_modules/@vitest/runner/dist/index.js:296:11\n    at file:///C:/Users/shiva/OneDrive/Documents/GitHub/QUIZ-/node_modules/@vitest/runner/dist/index.js:1258:26\n    at file:///C:/Users/shiva/OneDrive/Documents/GitHub/QUIZ-/node_modules/@vitest/runner/dist/index.js:1681:20\n    at new Promise (<anonymous>)\n    at runWithCancel (file:///C:/Users/shiva/OneDrive/Documents/GitHub/QUIZ-/node_modules/@vitest/runner/dist/index.js:1678:10)\n    at file:///C:/Users/shiva/OneDrive/Documents/GitHub/QUIZ-/node_modules/@vitest/runner/dist/index.js:1660:20\n    at new Promise (<anonymous>)\n    at runWithTimeout (file:///C:/Users/shiva/OneDrive/Documents/GitHub/QUIZ-/node_modules/@vitest/runner/dist/index.js:1627:10)\n    at file:///C:/Users/shiva/OneDrive/Documents/GitHub/QUIZ-/node_modules/@vitest/runner/dist/index.js:2309:64"],"meta":{},"tags":[]},{"ancestorTitles":["AuthContext — structure"],"fullName":"AuthContext — structure populates userProfile after signIn resolves","status":"failed","title":"populates userProfile after signIn resolves","duration":3.6327,"failureMessages":["AssertionError: expected 'import { createContext, useContext, u…' to contain 'setUserProfile(buildUserProfile'\n    at C:/Users/shiva/OneDrive/Documents/GitHub/QUIZ-/src/contexts/AuthContext.test.ts:120:24\n    at file:///C:/Users/shiva/OneDrive/Documents/GitHub/QUIZ-/node_modules/@vitest/runner/dist/index.js:296:11\n    at file:///C:/Users/shiva/OneDrive/Documents/GitHub/QUIZ-/node_modules/@vitest/runner/dist/index.js:1258:26\n    at file:///C:/Users/shiva/OneDrive/Documents/GitHub/QUIZ-/node_modules/@vitest/runner/dist/index.js:1681:20\n    at new Promise (<anonymous>)\n    at runWithCancel (file:///C:/Users/shiva/OneDrive/Documents/GitHub/QUIZ-/node_modules/@vitest/runner/dist/index.js:1678:10)\n    at file:///C:/Users/shiva/OneDrive/Documents/GitHub/QUIZ-/node_modules/@vitest/runner/dist/index.js:1660:20\n    at new Promise (<anonymous>)\n    at runWithTimeout (file:///C:/Users/shiva/OneDrive/Documents/GitHub/QUIZ-/node_modules/@vitest/runner/dist/index.js:1627:10)\n    at file:///C:/Users/shiva/OneDrive/Documents/GitHub/QUIZ-/node_modules/@vitest/runner/dist/index.js:2309:64"],"meta":{},"tags":[]}],"startTime":1775251444220,"endTime":1775251444284.6328,"status":"failed","message":"","name":"C:/Users/shiva/OneDrive/Documents/GitHub/QUIZ-/src/contexts/AuthContext.test.ts"},{"assertionResults":[{"ancestorTitles":["adaptiveQuiz property tests — Property 5"],"fullName":"adaptiveQuiz property tests — Property 5 Property 5: adaptive question count bounds — result length is between 5 and 20 for in-range numQuestions","status":"failed","title":"Property 5: adaptive question count bounds — result length is between 5 and 20 for in-range numQuestions","duration":16.596400000000017,"failureMessages":["Error: Property failed after 1 tests\n{ seed: -518567910, path: \"0:0:0:0:0:0\", endOnFailure: true }\nCounterexample: [{\"subject\":\" \",\"recentScores\":[],\"weakTopics\":[],\"dominantWeakDifficulty\":\"easy\"},5]\nShrunk 5 time(s)\n\nHint: Enable verbose mode in order to have the list of all failing values encountered during the run\n    at buildError (file:///C:/Users/shiva/OneDrive/Documents/GitHub/QUIZ-/node_modules/fast-check/lib/fast-check.js:2434:16)\n    at asyncThrowIfFailed (file:///C:/Users/shiva/OneDrive/Documents/GitHub/QUIZ-/node_modules/fast-check/lib/fast-check.js:2446:8)\n    at processTicksAndRejections (node:internal/process/task_queues:103:5)"],"meta":{},"tags":[]},{"ancestorTitles":["adaptiveQuiz property tests — Property 5"],"fullName":"adaptiveQuiz property tests — Property 5 Property 5: adaptive question count bounds — result length is at least 5 when numQuestions < 5 (clamped)","status":"failed","title":"Property 5: adaptive question count bounds — result length is at least 5 when numQuestions < 5 (clamped)","duration":1.5039999999999054,"failureMessages":["Error: Property failed after 1 tests\n{ seed: -1408753136, path: \"0:0:0:0:0\", endOnFailure: true }\nCounterexample: [{\"subject\":\" \",\"recentScores\":[],\"weakTopics\":[],\"dominantWeakDifficulty\":\"easy\"},1]\nShrunk 4 time(s)\n\nHint: Enable verbose mode in order to have the list of all failing values encountered during the run\n    at buildError (file:///C:/Users/shiva/OneDrive/Documents/GitHub/QUIZ-/node_modules/fast-check/lib/fast-check.js:2434:16)\n    at asyncThrowIfFailed (file:///C:/Users/shiva/OneDrive/Documents/GitHub/QUIZ-/node_modules/fast-check/lib/fast-check.js:2446:8)\n    at processTicksAndRejections (node:internal/process/task_queues:103:5)"],"meta":{},"tags":[]},{"ancestorTitles":["adaptiveQuiz property tests — Property 5"],"fullName":"adaptiveQuiz property tests — Property 5 Property 5: adaptive question count bounds — result length is at most 20 when numQuestions > 20 (clamped)","status":"failed","title":"Property 5: adaptive question count bounds — result length is at most 20 when numQuestions > 20 (clamped)","duration":1.822400000000016,"failureMessages":["Error: Property failed after 1 tests\n{ seed: 1633908955, path: \"0:0:0:0:0:0:0:0\", endOnFailure: true }\nCounterexample: [{\"subject\":\" \",\"recentScores\":[],\"weakTopics\":[],\"dominantWeakDifficulty\":\"easy\"},21]\nShrunk 7 time(s)\n\nHint: Enable verbose mode in order to have the list of all failing values encountered during the run\n    at buildError (file:///C:/Users/shiva/OneDrive/Documents/GitHub/QUIZ-/node_modules/fast-check/lib/fast-check.js:2434:16)\n    at asyncThrowIfFailed (file:///C:/Users/shiva/OneDrive/Documents/GitHub/QUIZ-/node_modules/fast-check/lib/fast-check.js:2446:8)\n    at processTicksAndRejections (node:internal/process/task_queues:103:5)"],"meta":{},"tags":[]},{"ancestorTitles":["adaptiveQuiz property tests — Property 6"],"fullName":"adaptiveQuiz property tests — Property 6 Property 6: adaptive difficulty weighting — dominant weak difficulty tier has the highest question count","status":"failed","title":"Property 6: adaptive difficulty weighting — dominant weak difficulty tier has the highest question count","duration":3.2415999999999485,"failureMessages":["Error: Property failed after 1 tests\n{ seed: -1095972767, path: \"0:0:0:0:0\", endOnFailure: true }\nCounterexample: [{\"subject\":\" \",\"recentScores\":[],\"weakTopics\":[],\"dominantWeakDifficulty\":\"easy\"},5]\nShrunk 4 time(s)\n\nHint: Enable verbose mode in order to have the list of all failing values encountered during the run\n    at buildError (file:///C:/Users/shiva/OneDrive/Documents/GitHub/QUIZ-/node_modules/fast-check/lib/fast-check.js:2434:16)\n    at asyncThrowIfFailed (file:///C:/Users/shiva/OneDrive/Documents/GitHub/QUIZ-/node_modules/fast-check/lib/fast-check.js:2446:8)\n    at processTicksAndRejections (node:internal/process/task_queues:103:5)"],"meta":{},"tags":[]},{"ancestorTitles":["adaptiveQuiz property tests — Property 9"],"fullName":"adaptiveQuiz property tests — Property 9 Property 9: performance profile weak difficulty derivation — dominantWeakDifficulty equals the tier with the lowest average percentage","status":"passed","title":"Property 9: performance profile weak difficulty derivation — dominantWeakDifficulty equals the tier with the lowest average percentage","duration":29.552900000000022,"failureMessages":[],"meta":{},"tags":[]},{"ancestorTitles":["adaptiveQuiz property tests — Property 9"],"fullName":"adaptiveQuiz property tests — Property 9 Property 9: performance profile weak difficulty derivation — defaults to medium when no scores match subject","status":"passed","title":"Property 9: performance profile weak difficulty derivation — defaults to medium when no scores match subject","duration":7.759200000000078,"failureMessages":[],"meta":{},"tags":[]}],"startTime":1775251444247,"endTime":1775251444307.7593,"status":"failed","message":"","name":"C:/Users/shiva/OneDrive/Documents/GitHub/QUIZ-/src/lib/adaptiveQuiz.property.test.ts"},{"assertionResults":[{"ancestorTitles":["buildPerformanceProfile"],"fullName":"buildPerformanceProfile no scores → defaults to medium difficulty and empty weakTopics","status":"passed","title":"no scores → defaults to medium difficulty and empty weakTopics","duration":3.1786999999999352,"failureMessages":[],"meta":{},"tags":[]},{"ancestorTitles":["buildPerformanceProfile"],"fullName":"buildPerformanceProfile all easy scores with low percentages → dominantWeakDifficulty is easy","status":"passed","title":"all easy scores with low percentages → dominantWeakDifficulty is easy","duration":1.877299999999991,"failureMessages":[],"meta":{},"tags":[]},{"ancestorTitles":["buildPerformanceProfile"],"fullName":"buildPerformanceProfile mixed scores where hard has lowest average → dominantWeakDifficulty is hard","status":"passed","title":"mixed scores where hard has lowest average → dominantWeakDifficulty is hard","duration":0.4598999999999478,"failureMessages":[],"meta":{},"tags":[]},{"ancestorTitles":["buildPerformanceProfile"],"fullName":"buildPerformanceProfile subject filtering: scores for different subjects are ignored","status":"passed","title":"subject filtering: scores for different subjects are ignored","duration":0.44810000000006767,"failureMessages":[],"meta":{},"tags":[]},{"ancestorTitles":["generateAdaptiveQuestions"],"fullName":"generateAdaptiveQuestions calls the Gemini API and returns the generated questions","status":"failed","title":"calls the Gemini API and returns the generated questions","duration":35.060299999999984,"failureMessages":["Error: Gemini API key not configured. Please set VITE_GEMINI_API_KEY in your .env file.\n    at generateAdaptiveQuestions (C:/Users/shiva/OneDrive/Documents/GitHub/QUIZ-/src/lib/adaptiveQuiz.ts:105:11)\n    at C:/Users/shiva/OneDrive/Documents/GitHub/QUIZ-/src/lib/adaptiveQuiz.test.ts:170:26\n    at file:///C:/Users/shiva/OneDrive/Documents/GitHub/QUIZ-/node_modules/@vitest/runner/dist/index.js:296:11\n    at file:///C:/Users/shiva/OneDrive/Documents/GitHub/QUIZ-/node_modules/@vitest/runner/dist/index.js:1258:26\n    at file:///C:/Users/shiva/OneDrive/Documents/GitHub/QUIZ-/node_modules/@vitest/runner/dist/index.js:1681:20\n    at new Promise (<anonymous>)\n    at runWithCancel (file:///C:/Users/shiva/OneDrive/Documents/GitHub/QUIZ-/node_modules/@vitest/runner/dist/index.js:1678:10)\n    at file:///C:/Users/shiva/OneDrive/Documents/GitHub/QUIZ-/node_modules/@vitest/runner/dist/index.js:1660:20\n    at new Promise (<anonymous>)\n    at runWithTimeout (file:///C:/Users/shiva/OneDrive/Documents/GitHub/QUIZ-/node_modules/@vitest/runner/dist/index.js:1627:10)"],"meta":{},"tags":[]},{"ancestorTitles":["generateAdaptiveQuestions"],"fullName":"generateAdaptiveQuestions throws when API returns 400 (bad request)","status":"failed","title":"throws when API returns 400 (bad request)","duration":11.178999999999974,"failureMessages":["Error: expected [Function] to throw error including 'Invalid request' but got 'Gemini API key not configured. Please…'\n    at _Assertion.__VITEST_REJECTS__ (file:///C:/Users/shiva/OneDrive/Documents/GitHub/QUIZ-/node_modules/@vitest/expect/dist/index.js:1742:17)\n    at _Assertion.propertyGetter (file:///C:/Users/shiva/OneDrive/Documents/GitHub/QUIZ-/node_modules/chai/index.js:1570:27)\n    at Reflect.get (<anonymous>)\n    at Object.proxyGetter [as get] (file:///C:/Users/shiva/OneDrive/Documents/GitHub/QUIZ-/node_modules/chai/index.js:1659:22)\n    at C:/Users/shiva/OneDrive/Documents/GitHub/QUIZ-/src/lib/adaptiveQuiz.test.ts:190:5\n    at file:///C:/Users/shiva/OneDrive/Documents/GitHub/QUIZ-/node_modules/@vitest/runner/dist/index.js:296:11\n    at file:///C:/Users/shiva/OneDrive/Documents/GitHub/QUIZ-/node_modules/@vitest/runner/dist/index.js:1258:26\n    at file:///C:/Users/shiva/OneDrive/Documents/GitHub/QUIZ-/node_modules/@vitest/runner/dist/index.js:1681:20\n    at new Promise (<anonymous>)\n    at runWithCancel (file:///C:/Users/shiva/OneDrive/Documents/GitHub/QUIZ-/node_modules/@vitest/runner/dist/index.js:1678:10)"],"meta":{},"tags":[]}],"startTime":1775251444246,"endTime":1775251444299.179,"status":"failed","message":"","name":"C:/Users/shiva/OneDrive/Documents/GitHub/QUIZ-/src/lib/adaptiveQuiz.test.ts"},{"assertionResults":[{"ancestorTitles":["badgeEngine property tests"],"fullName":"badgeEngine property tests Property 1: badge idempotence — second evaluation with existing badges yields no new badges","status":"passed","title":"Property 1: badge idempotence — second evaluation with existing badges yields no new badges","duration":53.72950000000003,"failureMessages":[],"meta":{},"tags":[]},{"ancestorTitles":["badgeEngine property tests — Property 2"],"fullName":"badgeEngine property tests — Property 2 Property 2: badge condition correctness — awarded set matches exactly the badges whose conditions are satisfied","status":"passed","title":"Property 2: badge condition correctness — awarded set matches exactly the badges whose conditions are satisfied","duration":20.56110000000001,"failureMessages":[],"meta":{},"tags":[]},{"ancestorTitles":["badgeEngine property tests — Property 8"],"fullName":"badgeEngine property tests — Property 8 Property 8: profile display name validation — valid iff trimmed length is 1–50","status":"passed","title":"Property 8: profile display name validation — valid iff trimmed length is 1–50","duration":3.445799999999963,"failureMessages":[],"meta":{},"tags":[]},{"ancestorTitles":["badgeEngine property tests — Property 8"],"fullName":"badgeEngine property tests — Property 8 Property 8 (empty/whitespace): trimmed length 0 → valid: false","status":"passed","title":"Property 8 (empty/whitespace): trimmed length 0 → valid: false","duration":8.869299999999953,"failureMessages":[],"meta":{},"tags":[]},{"ancestorTitles":["badgeEngine property tests — Property 8"],"fullName":"badgeEngine property tests — Property 8 Property 8 (too long): trimmed length > 50 → valid: false","status":"passed","title":"Property 8 (too long): trimmed length > 50 → valid: false","duration":4.6848999999999705,"failureMessages":[],"meta":{},"tags":[]}],"startTime":1775251445229,"endTime":1775251445320.6848,"status":"passed","message":"","name":"C:/Users/shiva/OneDrive/Documents/GitHub/QUIZ-/src/lib/badgeEngine.property.test.ts"},{"assertionResults":[{"ancestorTitles":["evaluateBadgeConditions","first_quiz"],"fullName":"evaluateBadgeConditions first_quiz awards first_quiz when scores.length >= 1","status":"passed","title":"awards first_quiz when scores.length >= 1","duration":3.6322000000000116,"failureMessages":[],"meta":{},"tags":[]},{"ancestorTitles":["evaluateBadgeConditions","first_quiz"],"fullName":"evaluateBadgeConditions first_quiz does NOT award first_quiz when scores is empty","status":"passed","title":"does NOT award first_quiz when scores is empty","duration":0.3608000000000402,"failureMessages":[],"meta":{},"tags":[]},{"ancestorTitles":["evaluateBadgeConditions","streak_3"],"fullName":"evaluateBadgeConditions streak_3 awards streak_3 when streak >= 3","status":"passed","title":"awards streak_3 when streak >= 3","duration":0.36770000000001346,"failureMessages":[],"meta":{},"tags":[]},{"ancestorTitles":["evaluateBadgeConditions","streak_3"],"fullName":"evaluateBadgeConditions streak_3 does NOT award streak_3 when streak < 3","status":"passed","title":"does NOT award streak_3 when streak < 3","duration":0.2884000000000242,"failureMessages":[],"meta":{},"tags":[]},{"ancestorTitles":["evaluateBadgeConditions","streak_7"],"fullName":"evaluateBadgeConditions streak_7 awards streak_7 when streak >= 7","status":"passed","title":"awards streak_7 when streak >= 7","duration":0.3007999999999811,"failureMessages":[],"meta":{},"tags":[]},{"ancestorTitles":["evaluateBadgeConditions","streak_7"],"fullName":"evaluateBadgeConditions streak_7 does NOT award streak_7 when streak < 7","status":"passed","title":"does NOT award streak_7 when streak < 7","duration":0.283800000000042,"failureMessages":[],"meta":{},"tags":[]},{"ancestorTitles":["evaluateBadgeConditions","perfect_score"],"fullName":"evaluateBadgeConditions perfect_score awards perfect_score when any score has percentage === 100","status":"passed","title":"awards perfect_score when any score has percentage === 100","duration":0.32140000000003965,"failureMessages":[],"meta":{},"tags":[]},{"ancestorTitles":["evaluateBadgeConditions","perfect_score"],"fullName":"evaluateBadgeConditions perfect_score does NOT award perfect_score when no score is 100%","status":"passed","title":"does NOT award perfect_score when no score is 100%","duration":0.33350000000007185,"failureMessages":[],"meta":{},"tags":[]},{"ancestorTitles":["evaluateBadgeConditions","high_achiever"],"fullName":"evaluateBadgeConditions high_achiever awards high_achiever when 10+ scores with avg >= 80","status":"passed","title":"awards high_achiever when 10+ scores with avg >= 80","duration":0.5615000000000236,"failureMessages":[],"meta":{},"tags":[]},{"ancestorTitles":["evaluateBadgeConditions","high_achiever"],"fullName":"evaluateBadgeConditions high_achiever does NOT award high_achiever when fewer than 10 scores","status":"passed","title":"does NOT award high_achiever when fewer than 10 scores","duration":0.48260000000004766,"failureMessages":[],"meta":{},"tags":[]},{"ancestorTitles":["evaluateBadgeConditions","improvement"],"fullName":"evaluateBadgeConditions improvement awards improvement when same quizId appears 2+ times with latest - earliest >= 20","status":"passed","title":"awards improvement when same quizId appears 2+ times with latest - earliest >= 20","duration":0.334699999999998,"failureMessages":[],"meta":{},"tags":[]},{"ancestorTitles":["evaluateBadgeConditions","improvement"],"fullName":"evaluateBadgeConditions improvement does NOT award improvement when improvement is less than 20 points","status":"passed","title":"does NOT award improvement when improvement is less than 20 points","duration":0.26350000000002183,"failureMessages":[],"meta":{},"tags":[]},{"ancestorTitles":["evaluateBadgeConditions","idempotency"],"fullName":"evaluateBadgeConditions idempotency calling evaluateBadgeConditions twice with same scores produces no duplicate badges","status":"passed","title":"calling evaluateBadgeConditions twice with same scores produces no duplicate badges","duration":1.38900000000001,"failureMessages":[],"meta":{},"tags":[]},{"ancestorTitles":["evaluateBadges — retry logic"],"fullName":"evaluateBadges — retry logic eventually writes badge after Firestore setDoc fails twice then succeeds","status":"failed","title":"eventually writes badge after Firestore setDoc fails twice then succeeds","duration":14.177000000000021,"failureMessages":["AssertionError: expected false to be true // Object.is equality\n    at C:/Users/shiva/OneDrive/Documents/GitHub/QUIZ-/src/lib/badgeEngine.test.ts:199:63\n    at processTicksAndRejections (node:internal/process/task_queues:103:5)\n    at file:///C:/Users/shiva/OneDrive/Documents/GitHub/QUIZ-/node_modules/@vitest/runner/dist/index.js:1258:20"],"meta":{},"tags":[]}],"startTime":1775251444525,"endTime":1775251444549.177,"status":"failed","message":"","name":"C:/Users/shiva/OneDrive/Documents/GitHub/QUIZ-/src/lib/badgeEngine.test.ts"},{"assertionResults":[{"ancestorTitles":["firestore.indexes.json"],"fullName":"firestore.indexes.json contains exactly 3 index definitions","status":"failed","title":"contains exactly 3 index definitions","duration":12.150700000000029,"failureMessages":["AssertionError: expected [ { …(3) }, { …(3) }, { …(3) }, …(1) ] to have a length of 3 but got 4\n    at Proxy.<anonymous> (file:///C:/Users/shiva/OneDrive/Documents/GitHub/QUIZ-/node_modules/@vitest/expect/dist/index.js:1384:20)\n    at Proxy.<anonymous> (file:///C:/Users/shiva/OneDrive/Documents/GitHub/QUIZ-/node_modules/@vitest/expect/dist/index.js:1151:15)\n    at Proxy.methodWrapper (file:///C:/Users/shiva/OneDrive/Documents/GitHub/QUIZ-/node_modules/chai/index.js:1700:25)\n    at C:/Users/shiva/OneDrive/Documents/GitHub/QUIZ-/src/utils/firestoreIndexes.test.ts:12:33\n    at file:///C:/Users/shiva/OneDrive/Documents/GitHub/QUIZ-/node_modules/@vitest/runner/dist/index.js:296:11\n    at file:///C:/Users/shiva/OneDrive/Documents/GitHub/QUIZ-/node_modules/@vitest/runner/dist/index.js:1258:26\n    at file:///C:/Users/shiva/OneDrive/Documents/GitHub/QUIZ-/node_modules/@vitest/runner/dist/index.js:1681:20\n    at new Promise (<anonymous>)\n    at runWithCancel (file:///C:/Users/shiva/OneDrive/Documents/GitHub/QUIZ-/node_modules/@vitest/runner/dist/index.js:1678:10)\n    at file:///C:/Users/shiva/OneDrive/Documents/GitHub/QUIZ-/node_
[...]
ise (<anonymous>)\n    at runWithTimeout (file:///C:/Users/shiva/OneDrive/Documents/GitHub/QUIZ-/node_modules/@vitest/runner/dist/index.js:1627:10)\n    at file:///C:/Users/shiva/OneDrive/Documents/GitHub/QUIZ-/node_modules/@vitest/runner/dist/index.js:2309:64"],"meta":{},"tags":[]}],"startTime":1775251444524,"endTime":1775251444678.39,"status":"failed","message":"","name":"C:/Users/shiva/OneDrive/Documents/GitHub/QUIZ-/src/pages/StudentDashboard.test.ts"},{"assertionResults":[{"ancestorTitles":["StudentLibrary – source structure (Requirements 3.2, 3.3)"],"fullName":"StudentLibrary – source structure (Requirements 3.2, 3.3) uses useNotes hook","status":"passed","title":"uses useNotes hook","duration":1.4449999999999932,"failureMessages":[],"meta":{},"tags":[]},{"ancestorTitles":["StudentLibrary – source structure (Requirements 3.2, 3.3)"],"fullName":"StudentLibrary – source structure (Requirements 3.2, 3.3) filters notes for published: true","status":"passed","title":"filters notes for published: true","duration":0.17660000000000764,"failureMessages":[],"meta":{},"tags":[]},{"ancestorTitles":["StudentLibrary – source structure (Requirements 3.2, 3.3)"],"fullName":"StudentLibrary – source structure (Requirements 3.2, 3.3) uses filterNotes for search and subject filtering","status":"passed","title":"uses filterNotes for search and subject filtering","duration":0.1298999999999637,"failureMessages":[],"meta":{},"tags":[]},{"ancestorTitles":["StudentLibrary – source structure (Requirements 3.2, 3.3)"],"fullName":"StudentLibrary – source structure (Requirements 3.2, 3.3) renders NoteCard components","status":"passed","title":"renders NoteCard components","duration":0.13170000000002346,"failureMessages":[],"meta":{},"tags":[]},{"ancestorTitles":["StudentLibrary – source structure (Requirements 3.2, 3.3)"],"fullName":"StudentLibrary – source structure (Requirements 3.2, 3.3) has subject filter chips","status":"passed","title":"has subject filter chips","duration":0.1372000000000071,"failureMessages":[],"meta":{},"tags":[]},{"ancestorTitles":["StudentLibrary – source structure (Requirements 3.2, 3.3)"],"fullName":"StudentLibrary – source structure (Requirements 3.2, 3.3) has a search input","status":"passed","title":"has a search input","duration":0.1675000000000182,"failureMessages":[],"meta":{},"tags":[]},{"ancestorTitles":["StudentLibrary – source structure (Requirements 3.2, 3.3)"],"fullName":"StudentLibrary – source structure (Requirements 3.2, 3.3) has an empty state message when no notes found","status":"passed","title":"has an empty state message when no notes found","duration":0.11579999999997881,"failureMessages":[],"meta":{},"tags":[]},{"ancestorTitles":["StudentLibrary – source structure (Requirements 3.2, 3.3)"],"fullName":"StudentLibrary – source structure (Requirements 3.2, 3.3) navigates to /student/library/:noteId when a note card is clicked","status":"passed","title":"navigates to /student/library/:noteId when a note card is clicked","duration":0.13220000000001164,"failureMessages":[],"meta":{},"tags":[]},{"ancestorTitles":["StudentLibrary – source structure (Requirements 3.2, 3.3)"],"fullName":"StudentLibrary – source structure (Requirements 3.2, 3.3) uses StudentNavbar","status":"passed","title":"uses StudentNavbar","duration":0.1138000000000261,"failureMessages":[],"meta":{},"tags":[]}],"startTime":1775251446376,"endTime":1775251446379.1675,"status":"passed","message":"","name":"C:/Users/shiva/OneDrive/Documents/GitHub/QUIZ-/src/pages/StudentLibrary.test.ts"},{"assertionResults":[{"ancestorTitles":["StudentQuiz – score record percentage computation"],"fullName":"StudentQuiz – score record percentage computation Property 6 – percentage passed to saveScoreRecord equals Math.round((score / total) * 100)","status":"passed","title":"Property 6 – percentage passed to saveScoreRecord equals Math.round((score / total) * 100)","duration":7.128699999999981,"failureMessages":[],"meta":{},"tags":[]},{"ancestorTitles":["StudentQuiz – score record percentage computation"],"fullName":"StudentQuiz – score record percentage computation percentage is always in [0, 100] for valid inputs","status":"passed","title":"percentage is always in [0, 100] for valid inputs","duration":1.956199999999967,"failureMessages":[],"meta":{},"tags":[]},{"ancestorTitles":["StudentQuiz – score record percentage computation"],"fullName":"StudentQuiz – score record percentage computation score of 0 always yields 0%","status":"passed","title":"score of 0 always yields 0%","duration":1.0933999999999742,"failureMessages":[],"meta":{},"tags":[]},{"ancestorTitles":["StudentQuiz – score record percentage computation"],"fullName":"StudentQuiz – score record percentage computation perfect score always yields 100%","status":"passed","title":"perfect score always yields 100%","duration":1.0439000000000078,"failureMessages":[],"meta":{},"tags":[]}],"startTime":1775251445974,"endTime":1775251445985.044,"status":"passed","message":"","name":"C:/Users/shiva/OneDrive/Documents/GitHub/QUIZ-/src/pages/StudentQuiz.test.ts"},{"assertionResults":[{"ancestorTitles":["/teacher/library route – existence and protection (Requirement 3.1)"],"fullName":"/teacher/library route – existence and protection (Requirement 3.1) App.tsx registers a route at /teacher/library","status":"passed","title":"App.tsx registers a route at /teacher/library","duration":2.1761999999999944,"failureMessages":[],"meta":{},"tags":[]},{"ancestorTitles":["/teacher/library route – existence and protection (Requirement 3.1)"],"fullName":"/teacher/library route – existence and protection (Requirement 3.1) /teacher/library route is wrapped in ProtectedRoute","status":"passed","title":"/teacher/library route is wrapped in ProtectedRoute","duration":0.4175000000000182,"failureMessages":[],"meta":{},"tags":[]},{"ancestorTitles":["/teacher/library route – existence and protection (Requirement 3.1)"],"fullName":"/teacher/library route – existence and protection (Requirement 3.1) /teacher/library route renders the Library component","status":"passed","title":"/teacher/library route renders the Library component","duration":0.2574999999999932,"failureMessages":[],"meta":{},"tags":[]},{"ancestorTitles":["/teacher/library navbar hiding (Requirement 3.3)"],"fullName":"/teacher/library navbar hiding (Requirement 3.3) hideNavbar logic covers /teacher/library via startsWith(\"/teacher\")","status":"passed","title":"hideNavbar logic covers /teacher/library via startsWith(\"/teacher\")","duration":0.4630000000000223,"failureMessages":[],"meta":{},"tags":[]},{"ancestorTitles":["ProtectedRoute redirect behaviour (Requirement 3.4)"],"fullName":"ProtectedRoute redirect behaviour (Requirement 3.4) ProtectedRoute redirects to /auth when user is null","status":"passed","title":"ProtectedRoute redirects to /auth when user is null","duration":0.49799999999999045,"failureMessages":[],"meta":{},"tags":[]},{"ancestorTitles":["ProtectedRoute redirect behaviour (Requirement 3.4)"],"fullName":"ProtectedRoute redirect behaviour (Requirement 3.4) ProtectedRoute renders children when user is present","status":"passed","title":"ProtectedRoute renders children when user is present","duration":0.4490999999999872,"failureMessages":[],"meta":{},"tags":[]},{"ancestorTitles":["ProtectedRoute redirect behaviour (Requirement 3.4)"],"fullName":"ProtectedRoute redirect behaviour (Requirement 3.4) ProtectedRoute shows a loading state while auth is resolving","status":"passed","title":"ProtectedRoute shows a loading state while auth is resolving","duration":0.44710000000003447,"failureMessages":[],"meta":{},"tags":[]}],"startTime":1775251446172,"endTime":1775251446177.447,"status":"passed","message":"","name":"C:/Users/shiva/OneDrive/Documents/GitHub/QUIZ-/src/pages/TeacherLibraryRoute.test.ts"},{"assertionResults":[{"ancestorTitles":["TeacherDashboard layout – uses TeacherSidebar (Property 4)"],"fullName":"TeacherDashboard layout – uses TeacherSidebar (Property 4) imports TeacherSidebar","status":"passed","title":"imports TeacherSidebar","duration":1.5359000000000265,"failureMessages":[],"meta":{},"tags":[]},{"ancestorTitles":["TeacherDashboard layout – uses TeacherSidebar (Property 4)"],"fullName":"TeacherDashboard layout – uses TeacherSidebar (Property 4) renders <TeacherSidebar />","status":"passed","title":"renders <TeacherSidebar />","duration":0.285000000000025,"failureMessages":[],"meta":{},"tags":[]},{"ancestorTitles":["TeacherDashboard layout – main content offset (Property 4, Requirements 2.2–2.4)"],"fullName":"TeacherDashboard layout – main content offset (Property 4, Requirements 2.2–2.4) main content area has responsive marginLeft (either Tailwind lg:ml-[240px] or inline)","status":"passed","title":"main content area has responsive marginLeft (either Tailwind lg:ml-[240px] or inline)","duration":0.5024999999999977,"failureMessages":[],"meta":{},"tags":[]},{"ancestorTitles":["TeacherDashboard layout – background and padding (Property 5, Requirements 4.1, 4.4)"],"fullName":"TeacherDashboard layout – background and padding (Property 5, Requirements 4.1, 4.4) outer wrapper has background #F5F5F5","status":"passed","title":"outer wrapper has background #F5F5F5","duration":0.36700000000001864,"failureMessages":[],"meta":{},"tags":[]},{"ancestorTitles":["TeacherDashboard layout – background and padding (Property 5, Requirements 4.1, 4.4)"],"fullName":"TeacherDashboard layout – background and padding (Property 5, Requirements 4.1, 4.4) main content area has responsive padding","status":"passed","title":"main content area has responsive padding","duration":0.3229000000000042,"failureMessages":[],"meta":{},"tags":[]},{"ancestorTitles":["Reports layout – uses TeacherSidebar (Property 4)"],"fullName":"Reports layout – uses TeacherSidebar (Property 4) imports TeacherSidebar","status":"passed","title":"imports TeacherSidebar","duration":0.176400000000001,"failureMessages":[],"meta":{},"tags":[]},{"ancestorTitles":["Reports layout – uses TeacherSidebar (Property 4)"],"fullName":"Reports layout – uses TeacherSidebar (Property 4) renders <TeacherSidebar />","status":"passed","title":"renders <TeacherSidebar />","duration":0.1852999999999838,"failureMessages":[],"meta":{},"tags":[]},{"ancestorTitles":["Reports layout – main content offset (Property 4, Requirements 2.2–2.4)"],"fullName":"Reports layout – main content offset (Property 4, Requirements 2.2–2.4) main content area has responsive marginLeft (either Tailwind lg:ml-[240px] or inline)","status":"passed","title":"main content area has responsive marginLeft (either Tailwind lg:ml-[240px] or inline)","duration":0.21129999999999427,"failureMessages":[],"meta":{},"tags":[]},{"ancestorTitles":["Reports layout – background and padding (Property 5, Requirements 4.1, 4.4)"],"fullName":"Reports layout – background and padding (Property 5, Requirements 4.1, 4.4) outer wrapper has background #F5F5F5","status":"passed","title":"outer wrapper has background #F5F5F5","duration":0.26909999999998035,"failureMessages":[],"meta":{},"tags":[]},{"ancestorTitles":["Reports layout – background and padding (Property 5, Requirements 4.1, 4.4)"],"fullName":"Reports layout – background and padding (Property 5, Requirements 4.1, 4.4) main content area has responsive padding","status":"passed","title":"main content area has responsive padding","duration":0.313699999999983,"failureMessages":[],"meta":{},"tags":[]},{"ancestorTitles":["Library layout – uses TeacherSidebar (Property 4)"],"fullName":"Library layout – uses TeacherSidebar (Property 4) imports TeacherSidebar","status":"passed","title":"imports TeacherSidebar","duration":0.14289999999999736,"failureMessages":[],"meta":{},"tags":[]},{"ancestorTitles":["Library layout – uses TeacherSidebar (Property 4)"],"fullName":"Library layout – uses TeacherSidebar (Property 4) renders <TeacherSidebar />","status":"passed","title":"renders <TeacherSidebar />","duration":0.1109000000000151,"failureMessages":[],"meta":{},"tags":[]},{"ancestorTitles":["Library layout – main content offset (Property 4, Requirements 2.2–2.4)"],"fullName":"Library layout – main content offset (Property 4, Requirements 2.2–2.4) main content area has responsive marginLeft (either Tailwind lg:ml-[240px] or inline)","status":"passed","title":"main content area has responsive marginLeft (either Tailwind lg:ml-[240px] or inline)","duration":0.15219999999999345,"failureMessages":[],"meta":{},"tags":[]},{"ancestorTitles":["Library layout – background and padding (Property 5, Requirements 4.1, 4.4)"],"fullName":"Library layout – background and padding (Property 5, Requirements 4.1, 4.4) outer wrapper has background #F5F5F5","status":"passed","title":"outer wrapper has background #F5F5F5","duration":0.12659999999999627,"failureMessages":[],"meta":{},"tags":[]},{"ancestorTitles":["Library layout – background and padding (Property 5, Requirements 4.1, 4.4)"],"fullName":"Library layout – background and padding (Property 5, Requirements 4.1, 4.4) main content area has responsive padding","status":"passed","title":"main content area has responsive padding","duration":0.1338000000000079,"failureMessages":[],"meta":{},"tags":[]}],"startTime":1775251446378,"endTime":1775251446384.152,"status":"passed","message":"","name":"C:/Users/shiva/OneDrive/Documents/GitHub/QUIZ-/src/pages/TeacherPages.layout.test.ts"},{"assertionResults":[{"ancestorTitles":["adaptiveAgent Property Tests"],"fullName":"adaptiveAgent Property Tests Property 5: Weak topic threshold","status":"passed","title":"Property 5: Weak topic threshold","duration":116.12889999999993,"failureMessages":[],"meta":{},"tags":[]},{"ancestorTitles":["adaptiveAgent Property Tests"],"fullName":"adaptiveAgent Property Tests Property 6: Adaptive quiz weak topic weighting","status":"passed","title":"Property 6: Adaptive quiz weak topic weighting","duration":14.590100000000007,"failureMessages":[],"meta":{},"tags":[]},{"ancestorTitles":["adaptiveAgent Property Tests"],"fullName":"adaptiveAgent Property Tests Property 7: Difficulty override is respected","status":"passed","title":"Property 7: Difficulty override is respected","duration":5.035499999999956,"failureMessages":[],"meta":{},"tags":[]}],"startTime":1775251445232,"endTime":1775251445368.0354,"status":"passed","message":"","name":"C:/Users/shiva/OneDrive/Documents/GitHub/QUIZ-/server/ai/adaptiveAgent.test.ts"},{"assertionResults":[{"ancestorTitles":["buildCacheKey"],"fullName":"buildCacheKey returns exactly the same hash for same inputs in different key orders","status":"passed","title":"returns exactly the same hash for same inputs in different key orders","duration":2.9791000000000167,"failureMessages":[],"meta":{},"tags":[]},{"ancestorTitles":["buildCacheKey"],"fullName":"buildCacheKey returns different hash for different inputs","status":"passed","title":"returns different hash for different inputs","duration":1.1702999999999975,"failureMessages":[],"meta":{},"tags":[]}],"startTime":1775251446218,"endTime":1775251446222.1704,"status":"passed","message":"","name":"C:/Users/shiva/OneDrive/Documents/GitHub/QUIZ-/server/ai/cacheKey.test.ts"},{"assertionResults":[{"ancestorTitles":["openaiClient"],"fullName":"openaiClient logs a warning if OPENAI_API_KEY is not set","status":"passed","title":"logs a warning if OPENAI_API_KEY is not set","duration":345.6260000000001,"failureMessages":[],"meta":{},"tags":[]}],"startTime":1775251445068,"endTime":1775251445413.626,"status":"passed","message":"","name":"C:/Users/shiva/OneDrive/Documents/GitHub/QUIZ-/server/ai/openaiClient.test.ts"},{"assertionResults":[{"ancestorTitles":["studentAgent Property Tests"],"fullName":"studentAgent Property Tests Property 4: Student notes output schema invariant","status":"passed","title":"Property 4: Student notes output schema invariant","duration":36.80510000000004,"failureMessages":[],"meta":{},"tags":[]}],"startTime":1775251445688,"endTime":1775251445724.8052,"status":"passed","message":"","name":"C:/Users/shiva/OneDrive/Documents/GitHub/QUIZ-/server/ai/studentAgent.test.ts"},{"assertionResults":[{"ancestorTitles":["teacherAgent Property Tests"],"fullName":"teacherAgent Property Tests Property 1: MCQ questions have required fields and exactly one correct answer","status":"passed","title":"Property 1: MCQ questions have required fields and exactly one correct answer","duration":119.10919999999999,"failureMessages":[],"meta":{},"tags":[]},{"ancestorTitles":["teacherAgent Property Tests"],"fullName":"teacherAgent Property Tests Property 2: Subjective questions have model answer and rubric","status":"passed","title":"Property 2: Subjective questions have model answer and rubric","duration":69.63199999999995,"failureMessages":[],"meta":{},"tags":[]},{"ancestorTitles":["teacherAgent Property Tests"],"fullName":"teacherAgent Property Tests Property 3: Poll questions have 2-6 options and no correct answer","status":"passed","title":"Property 3: Poll questions have 2-6 options and no correct answer","duration":70.28459999999995,"failureMessages":[],"meta":{},"tags":[]}],"startTime":1775251445214,"endTime":1775251445473.2847,"status":"passed","message":"","name":"C:/Users/shiva/OneDrive/Documents/GitHub/QUIZ-/server/ai/teacherAgent.test.ts"},{"assertionResults":[{"ancestorTitles":["aiRateLimiter"],"fullName":"aiRateLimiter allows 5 requests and blocks the 6th","status":"passed","title":"allows 5 requests and blocks the 6th","duration":7.326199999999972,"failureMessages":[],"meta":{},"tags":[]},{"ancestorTitles":["aiRateLimiter"],"fullName":"aiRateLimiter Property 10: Rate limiter enforces 5 requests per user per minute isolation","status":"passed","title":"Property 10: Rate limiter enforces 5 requests per user per minute isolation","duration":99.93590000000006,"failureMessages":[],"meta":{},"tags":[]}],"startTime":1775251445577,"endTime":1775251445683.9358,"status":"passed","message":"","name":"C:/Users/shiva/OneDrive/Documents/GitHub/QUIZ-/server/middleware/aiRateLimiter.test.ts"},{"assertionResults":[{"ancestorTitles":["agentRoutes"],"fullName":"agentRoutes 10.3 Test: empty topic -> 400 \"topic is required\"","status":"passed","title":"10.3 Test: empty topic -> 400 \"topic is required\"","duration":67.30589999999984,"failureMessages":[],"meta":{},"tags":[]},{"ancestorTitles":["agentRoutes"],"fullName":"agentRoutes 10.3 Test: noteText > 10,000 chars -> 400 \"note text exceeds maximum length\"","status":"passed","title":"10.3 Test: noteText > 10,000 chars -> 400 \"note text exceeds maximum length\"","duration":8.003200000000106,"failureMessages":[],"meta":{},"tags":[]},{"ancestorTitles":["agentRoutes"],"fullName":"agentRoutes 10.3 Test: non-PDF upload -> 400 \"Only PDF files are accepted\"","status":"passed","title":"10.3 Test: non-PDF upload -> 400 \"Only PDF files are accepted\"","duration":15.526499999999942,"failureMessages":[],"meta":{},"tags":[]},{"ancestorTitles":["agentRoutes"],"fullName":"agentRoutes 10.3 Test: PDF > 10 MB -> 400 \"File size exceeds 10 MB limit\"","status":"passed","title":"10.3 Test: PDF > 10 MB -> 400 \"File size exceeds 10 MB limit\"","duration":74.36329999999998,"failureMessages":[],"meta":{},"tags":[]},{"ancestorTitles":["agentRoutes"],"fullName":"agentRoutes 10.3 Test: image-only PDF (empty extracted text) -> 422 \"No extractable text found in PDF\"","status":"passed","title":"10.3 Test: image-only PDF (empty extracted text) -> 422 \"No extractable text found in PDF\"","duration":8.586000000000013,"failureMessages":[],"meta":{},"tags":[]},{"ancestorTitles":["agentRoutes"],"fullName":"agentRoutes 10.4 Property 11: RAG pipeline extracts text and produces valid MCQ schema","status":"passed","title":"10.4 Property 11: RAG pipeline extracts text and produces valid MCQ schema","duration":7.217399999999998,"failureMessages":[],"meta":{},"tags":[]}],"startTime":1775251445913,"endTime":1775251446094.2173,"status":"passed","message":"","name":"C:/Users/shiva/OneDrive/Documents/GitHub/QUIZ-/server/routes/agentRoutes.test.ts"}]}